{"numTotalTestSuites":652,"numPassedTestSuites":652,"numFailedTestSuites":0,"numPendingTestSuites":0,"numTotalTests":1649,"numPassedTests":1629,"numFailedTests":0,"numPendingTests":20,"numTodoTests":0,"snapshot":{"added":0,"failure":false,"filesAdded":0,"filesRemoved":0,"filesRemovedList":[],"filesUnmatched":0,"filesUpdated":0,"matched":0,"total":0,"unchecked":0,"uncheckedKeysByFile":[],"unmatched":0,"updated":0,"didUpdate":false},"startTime":1779184077277,"success":true,"testResults":[{"assertionResults":[{"ancestorTitles":["AccessibleDialog"],"fullName":"AccessibleDialog should render nothing when isOpen is false","status":"passed","title":"should render nothing when isOpen is false","duration":28.109539999999924,"failureMessages":[],"meta":{}},{"ancestorTitles":["AccessibleDialog"],"fullName":"AccessibleDialog should render when isOpen is true","status":"passed","title":"should render when isOpen is true","duration":236.62914299999989,"failureMessages":[],"meta":{}},{"ancestorTitles":["AccessibleDialog"],"fullName":"AccessibleDialog should render title with correct id","status":"passed","title":"should render title with correct id","duration":40.0418209999998,"failureMessages":[],"meta":{}},{"ancestorTitles":["AccessibleDialog"],"fullName":"AccessibleDialog should use custom headerId when provided","status":"passed","title":"should use custom headerId when provided","duration":28.000029000000268,"failureMessages":[],"meta":{}},{"ancestorTitles":["AccessibleDialog"],"fullName":"AccessibleDialog should render children content","status":"passed","title":"should render children content","duration":37.09416800000008,"failureMessages":[],"meta":{}},{"ancestorTitles":["AccessibleDialog"],"fullName":"AccessibleDialog should render footer when provided","status":"passed","title":"should render footer when provided","duration":23.783955999999762,"failureMessages":[],"meta":{}},{"ancestorTitles":["AccessibleDialog"],"fullName":"AccessibleDialog should have correct ARIA attributes","status":"passed","title":"should have correct ARIA attributes","duration":34.69642799999974,"failureMessages":[],"meta":{}},{"ancestorTitles":["AccessibleDialog"],"fullName":"AccessibleDialog should set aria-describedby when descriptionId is provided","status":"passed","title":"should set aria-describedby when descriptionId is provided","duration":28.30881999999974,"failureMessages":[],"meta":{}},{"ancestorTitles":["AccessibleDialog"],"fullName":"AccessibleDialog should call onClose when close button is clicked","status":"passed","title":"should call onClose when close button is clicked","duration":62.517263000000185,"failureMessages":[],"meta":{}},{"ancestorTitles":["AccessibleDialog"],"fullName":"AccessibleDialog should call onClose when Escape key is pressed","status":"passed","title":"should call onClose when Escape key is pressed","duration":15.941905999999562,"failureMessages":[],"meta":{}},{"ancestorTitles":["AccessibleDialog"],"fullName":"AccessibleDialog should call onClose when backdrop is clicked","status":"passed","title":"should call onClose when backdrop is clicked","duration":36.32428299999992,"failureMessages":[],"meta":{}},{"ancestorTitles":["AccessibleDialog"],"fullName":"AccessibleDialog should not call onClose when clicking inside dialog content","status":"passed","title":"should not call onClose when clicking inside dialog content","duration":54.487572,"failureMessages":[],"meta":{}},{"ancestorTitles":["AccessibleDialog"],"fullName":"AccessibleDialog should focus first focusable element on dialog open","status":"passed","title":"should focus first focusable element on dialog open","duration":57.40979000000016,"failureMessages":[],"meta":{}},{"ancestorTitles":["AccessibleDialog"],"fullName":"AccessibleDialog should prevent body scroll when open","status":"passed","title":"should prevent body scroll when open","duration":13.132572999999866,"failureMessages":[],"meta":{}},{"ancestorTitles":["AccessibleDialog"],"fullName":"AccessibleDialog should apply custom className","status":"passed","title":"should apply custom className","duration":14.618185000000267,"failureMessages":[],"meta":{}},{"ancestorTitles":["AccessibleDialog"],"fullName":"AccessibleDialog should have correct dialog structure","status":"passed","title":"should have correct dialog structure","duration":25.258220000000165,"failureMessages":[],"meta":{}},{"ancestorTitles":["AccessibleDialog"],"fullName":"AccessibleDialog should maintain focus management during lifecycle","status":"passed","title":"should maintain focus management during lifecycle","duration":43.99391399999968,"failureMessages":[],"meta":{}},{"ancestorTitles":["AccessibleDialog"],"fullName":"AccessibleDialog should not render backdrop when isOpen is false","status":"passed","title":"should not render backdrop when isOpen is false","duration":1.9948489999997037,"failureMessages":[],"meta":{}}],"startTime":1779184115943,"endTime":1779184116725.9949,"status":"passed","message":"","name":"/app/components/AccessibleDialog.test.tsx"},{"assertionResults":[{"ancestorTitles":["ErrorBoundary"],"fullName":"ErrorBoundary renders children when there is no error","status":"passed","title":"renders children when there is no error","duration":42.91574199999991,"failureMessages":[],"meta":{}},{"ancestorTitles":["ErrorBoundary"],"fullName":"ErrorBoundary catches errors and displays error message","status":"passed","title":"catches errors and displays error message","duration":22.41884200000004,"failureMessages":[],"meta":{}},{"ancestorTitles":["ErrorBoundary"],"fullName":"ErrorBoundary provides a fallback UI","status":"passed","title":"provides a fallback UI","duration":4.35606000000007,"failureMessages":[],"meta":{}}],"startTime":1779184140471,"endTime":1779184140541.356,"status":"passed","message":"","name":"/app/components/ErrorBoundary.test.tsx"},{"assertionResults":[{"ancestorTitles":["ErrorDisplay Component"],"fullName":"ErrorDisplay Component should render error message when error is provided","status":"passed","title":"should render error message when error is provided","duration":58.77157299999999,"failureMessages":[],"meta":{}},{"ancestorTitles":["ErrorDisplay Component"],"fullName":"ErrorDisplay Component should not render when error is null","status":"passed","title":"should not render when error is null","duration":3.328958000000057,"failureMessages":[],"meta":{}},{"ancestorTitles":["ErrorDisplay Component"],"fullName":"ErrorDisplay Component should call onDismiss when close button is clicked","status":"passed","title":"should call onDismiss when close button is clicked","duration":196.70400599999994,"failureMessages":[],"meta":{}},{"ancestorTitles":["ErrorDisplay Component"],"fullName":"ErrorDisplay Component should auto-dismiss after specified time","status":"passed","title":"should auto-dismiss after specified time","duration":108.8972920000001,"failureMessages":[],"meta":{}},{"ancestorTitles":["ErrorDisplay Component"],"fullName":"ErrorDisplay Component should not auto-dismiss when autoDismissTime is 0","status":"passed","title":"should not auto-dismiss when autoDismissTime is 0","duration":8.118479000000207,"failureMessages":[],"meta":{}},{"ancestorTitles":["ErrorDisplay Component"],"fullName":"ErrorDisplay Component should display development message in development mode","status":"passed","title":"should display development message in development mode","duration":6.340671999999813,"failureMessages":[],"meta":{}},{"ancestorTitles":["ErrorDisplay Component"],"fullName":"ErrorDisplay Component should show correct icon for network errors","status":"passed","title":"should show correct icon for network errors","duration":6.566631000000143,"failureMessages":[],"meta":{}},{"ancestorTitles":["ErrorDisplay Component"],"fullName":"ErrorDisplay Component should handle error type changes","status":"passed","title":"should handle error type changes","duration":24.064956999999595,"failureMessages":[],"meta":{}},{"ancestorTitles":["ErrorDisplay Component"],"fullName":"ErrorDisplay Component should display different colors for different error severities","status":"passed","title":"should display different colors for different error severities","duration":23.383304999999837,"failureMessages":[],"meta":{}}],"startTime":1779184124642,"endTime":1779184125079.3833,"status":"passed","message":"","name":"/app/components/ErrorDisplay.test.tsx"},{"assertionResults":[{"ancestorTitles":["ExperienceItem"],"fullName":"ExperienceItem manages focus when toggling delete confirmation","status":"passed","title":"manages focus when toggling delete confirmation","duration":823.6574989999999,"failureMessages":[],"meta":{}}],"startTime":1779184121858,"endTime":1779184122681.6575,"status":"passed","message":"","name":"/app/components/ExperienceItem.test.tsx"},{"assertionResults":[{"ancestorTitles":["GitHubSettings Component"],"fullName":"GitHubSettings Component renders component title","status":"passed","title":"renders component title","duration":50.93040799999994,"failureMessages":[],"meta":{}},{"ancestorTitles":["GitHubSettings Component"],"fullName":"GitHubSettings Component renders description about importing projects","status":"passed","title":"renders description about importing projects","duration":9.651542000000063,"failureMessages":[],"meta":{}},{"ancestorTitles":["GitHubSettings Component"],"fullName":"GitHubSettings Component shows connected state when GitHub is connected","status":"passed","title":"shows connected state when GitHub is connected","duration":53.22686500000009,"failureMessages":[],"meta":{}},{"ancestorTitles":["GitHubSettings Component"],"fullName":"GitHubSettings Component shows not connected state when GitHub is not connected","status":"passed","title":"shows not connected state when GitHub is not connected","duration":15.82519699999989,"failureMessages":[],"meta":{}},{"ancestorTitles":["GitHubSettings Component"],"fullName":"GitHubSettings Component shows loading state initially","status":"passed","title":"shows loading state initially","duration":10.900436000000127,"failureMessages":[],"meta":{}},{"ancestorTitles":["GitHubSettings Component"],"fullName":"GitHubSettings Component displays benefits list when not connected","status":"passed","title":"displays benefits list when not connected","duration":12.657625000000053,"failureMessages":[],"meta":{}}],"startTime":1779184133433,"endTime":1779184133585.6577,"status":"passed","message":"","name":"/app/components/GitHubSettings.test.tsx"},{"assertionResults":[{"ancestorTitles":["PasswordStrengthMeter","calculatePasswordStrength"],"fullName":"PasswordStrengthMeter calculatePasswordStrength should return score 0 for empty password","status":"passed","title":"should return score 0 for empty password","duration":1.8009289999999964,"failureMessages":[],"meta":{}},{"ancestorTitles":["PasswordStrengthMeter","calculatePasswordStrength"],"fullName":"PasswordStrengthMeter calculatePasswordStrength should return score 1 for very weak password","status":"passed","title":"should return score 1 for very weak password","duration":0.5852789999999004,"failureMessages":[],"meta":{}},{"ancestorTitles":["PasswordStrengthMeter","calculatePasswordStrength"],"fullName":"PasswordStrengthMeter calculatePasswordStrength should return score 2 for weak password","status":"passed","title":"should return score 2 for weak password","duration":0.2911399999998139,"failureMessages":[],"meta":{}},{"ancestorTitles":["PasswordStrengthMeter","calculatePasswordStrength"],"fullName":"PasswordStrengthMeter calculatePasswordStrength should return score 3 for fair password","status":"passed","title":"should return score 3 for fair password","duration":0.43565300000000207,"failureMessages":[],"meta":{}},{"ancestorTitles":["PasswordStrengthMeter","calculatePasswordStrength"],"fullName":"PasswordStrengthMeter calculatePasswordStrength should return score 4 for strong password","status":"passed","title":"should return score 4 for strong password","duration":0.26528800000005504,"failureMessages":[],"meta":{}},{"ancestorTitles":["PasswordStrengthMeter","calculatePasswordStrength"],"fullName":"PasswordStrengthMeter calculatePasswordStrength should return score 5 for very strong password","status":"passed","title":"should return score 5 for very strong password","duration":0.1737909999999374,"failureMessages":[],"meta":{}},{"ancestorTitles":["PasswordStrengthMeter","calculatePasswordStrength"],"fullName":"PasswordStrengthMeter calculatePasswordStrength should check length requirement","status":"passed","title":"should check length requirement","duration":0.33789999999999054,"failureMessages":[],"meta":{}},{"ancestorTitles":["PasswordStrengthMeter","calculatePasswordStrength"],"fullName":"PasswordStrengthMeter calculatePasswordStrength should check uppercase requirement","status":"passed","title":"should check uppercase requirement","duration":0.3264489999999114,"failureMessages":[],"meta":{}},{"ancestorTitles":["PasswordStrengthMeter","calculatePasswordStrength"],"fullName":"PasswordStrengthMeter calculatePasswordStrength should check lowercase requirement","status":"passed","title":"should check lowercase requirement","duration":0.49097200000005614,"failureMessages":[],"meta":{}},{"ancestorTitles":["PasswordStrengthMeter","calculatePasswordStrength"],"fullName":"PasswordStrengthMeter calculatePasswordStrength should check digit requirement","status":"passed","title":"should check digit requirement","duration":0.24884900000006382,"failureMessages":[],"meta":{}},{"ancestorTitles":["PasswordStrengthMeter","calculatePasswordStrength"],"fullName":"PasswordStrengthMeter calculatePasswordStrength should check special character requirement","status":"passed","title":"should check special character requirement","duration":0.1543819999999414,"failureMessages":[],"meta":{}},{"ancestorTitles":["PasswordStrengthMeter","calculatePasswordStrength"],"fullName":"PasswordStrengthMeter calculatePasswordStrength should handle all special characters","status":"passed","title":"should handle all special characters","duration":0.8956440000001749,"failureMessages":[],"meta":{}},{"ancestorTitles":["PasswordStrengthMeter","calculatePasswordStrength"],"fullName":"PasswordStrengthMeter calculatePasswordStrength should meet all requirements for valid password","status":"passed","title":"should meet all requirements for valid password","duration":0.16619700000001103,"failureMessages":[],"meta":{}},{"ancestorTitles":["PasswordStrengthMeter","calculatePasswordStrength"],"fullName":"PasswordStrengthMeter calculatePasswordStrength should have all requirements unmet for very short password","status":"passed","title":"should have all requirements unmet for very short password","duration":0.15189699999996265,"failureMessages":[],"meta":{}}],"startTime":1779184157331,"endTime":1779184157338.1663,"status":"passed","message":"","name":"/app/components/PasswordStrengthMeter.test.tsx"},{"assertionResults":[{"ancestorTitles":["ResumeCard"],"fullName":"ResumeCard renders resume information correctly","status":"passed","title":"renders resume information correctly","duration":91.01557700000012,"failureMessages":[],"meta":{}},{"ancestorTitles":["ResumeCard"],"fullName":"ResumeCard shows selected state when isSelected is true","status":"passed","title":"shows selected state when isSelected is true","duration":195.6399660000002,"failureMessages":[],"meta":{}},{"ancestorTitles":["ResumeCard"],"fullName":"ResumeCard calls onSelect when checkbox is clicked","status":"passed","title":"calls onSelect when checkbox is clicked","duration":77.23475400000007,"failureMessages":[],"meta":{}},{"ancestorTitles":["ResumeCard"],"fullName":"ResumeCard calls onEdit when edit button is clicked","status":"passed","title":"calls onEdit when edit button is clicked","duration":10.1220229999999,"failureMessages":[],"meta":{}},{"ancestorTitles":["ResumeCard"],"fullName":"ResumeCard calls onDuplicate when duplicate button is clicked","status":"passed","title":"calls onDuplicate when duplicate button is clicked","duration":8.393933999999717,"failureMessages":[],"meta":{}},{"ancestorTitles":["ResumeCard"],"fullName":"ResumeCard calls onDelete when delete button is clicked and confirmed","status":"passed","title":"calls onDelete when delete button is clicked and confirmed","duration":19.5722880000003,"failureMessages":[],"meta":{}},{"ancestorTitles":["ResumeCard"],"fullName":"ResumeCard cancels deletion when cancel button is clicked","status":"passed","title":"cancels deletion when cancel button is clicked","duration":24.3783269999999,"failureMessages":[],"meta":{}},{"ancestorTitles":["ResumeCard"],"fullName":"ResumeCard manages focus between delete and confirm buttons","status":"passed","title":"manages focus between delete and confirm buttons","duration":13.788315000000239,"failureMessages":[],"meta":{}},{"ancestorTitles":["ResumeCard"],"fullName":"ResumeCard calls onShare when share button is clicked","status":"passed","title":"calls onShare when share button is clicked","duration":8.893246999999974,"failureMessages":[],"meta":{}},{"ancestorTitles":["ResumeCard"],"fullName":"ResumeCard shows private badge when isPublic is false","status":"passed","title":"shows private badge when isPublic is false","duration":7.140578999999889,"failureMessages":[],"meta":{}},{"ancestorTitles":["ResumeCard"],"fullName":"ResumeCard limits tags display to 4 and shows more count","status":"passed","title":"limits tags display to 4 and shows more count","duration":12.180792999999994,"failureMessages":[],"meta":{}}],"startTime":1779184123671,"endTime":1779184124139.181,"status":"passed","message":"","name":"/app/components/ResumeCard.test.tsx"},{"assertionResults":[{"ancestorTitles":["Skeleton Component"],"fullName":"Skeleton Component renders with default props","status":"passed","title":"renders with default props","duration":182.97683399999983,"failureMessages":[],"meta":{}},{"ancestorTitles":["Skeleton Component"],"fullName":"Skeleton Component renders with custom className","status":"passed","title":"renders with custom className","duration":25.34746999999993,"failureMessages":[],"meta":{}},{"ancestorTitles":["Skeleton Component"],"fullName":"Skeleton Component renders with custom variant","status":"passed","title":"renders with custom variant","duration":16.861848999999893,"failureMessages":[],"meta":{}},{"ancestorTitles":["Skeleton Component"],"fullName":"Skeleton Component renders with custom width","status":"passed","title":"renders with custom width","duration":15.67741500000011,"failureMessages":[],"meta":{}},{"ancestorTitles":["Skeleton Component"],"fullName":"Skeleton Component renders with custom height","status":"passed","title":"renders with custom height","duration":15.110304999999926,"failureMessages":[],"meta":{}},{"ancestorTitles":["Skeleton Component"],"fullName":"Skeleton Component renders with shimmer animation","status":"passed","title":"renders with shimmer animation","duration":11.441764999999805,"failureMessages":[],"meta":{}},{"ancestorTitles":["Skeleton Component"],"fullName":"Skeleton Component renders with no animation","status":"passed","title":"renders with no animation","duration":11.132706999999982,"failureMessages":[],"meta":{}},{"ancestorTitles":["Skeleton Component"],"fullName":"Skeleton Component renders with circular variant","status":"passed","title":"renders with circular variant","duration":12.710918999999876,"failureMessages":[],"meta":{}},{"ancestorTitles":["Skeleton Component"],"fullName":"Skeleton Component renders with rounded variant","status":"passed","title":"renders with rounded variant","duration":11.024476999999933,"failureMessages":[],"meta":{}},{"ancestorTitles":["Skeleton Component"],"fullName":"Skeleton Component renders text variant with default rounding","status":"passed","title":"renders text variant with default rounding","duration":8.586654999999837,"failureMessages":[],"meta":{}},{"ancestorTitles":["Skeleton Component"],"fullName":"Skeleton Component has proper ARIA attributes","status":"passed","title":"has proper ARIA attributes","duration":8.01286099999993,"failureMessages":[],"meta":{}},{"ancestorTitles":["Skeleton Component"],"fullName":"Skeleton Component renders with data-testid attribute","status":"passed","title":"renders with data-testid attribute","duration":2.691299000000072,"failureMessages":[],"meta":{}}],"startTime":1779184126764,"endTime":1779184127085.6914,"status":"passed","message":"","name":"/app/components/Skeleton.test.tsx"},{"assertionResults":[{"ancestorTitles":["SkipNavigation Component"],"fullName":"SkipNavigation Component renders skip to main content link","status":"passed","title":"renders skip to main content link","duration":43.16286500000001,"failureMessages":[],"meta":{}},{"ancestorTitles":["SkipNavigation Component"],"fullName":"SkipNavigation Component renders skip to navigation link","status":"passed","title":"renders skip to navigation link","duration":6.698023000000148,"failureMessages":[],"meta":{}},{"ancestorTitles":["SkipNavigation Component"],"fullName":"SkipNavigation Component has correct href for main content link","status":"passed","title":"has correct href for main content link","duration":5.813462000000072,"failureMessages":[],"meta":{}},{"ancestorTitles":["SkipNavigation Component"],"fullName":"SkipNavigation Component has correct href for navigation link","status":"passed","title":"has correct href for navigation link","duration":4.383874999999989,"failureMessages":[],"meta":{}},{"ancestorTitles":["SkipNavigation Component"],"fullName":"SkipNavigation Component has accessibility attributes","status":"passed","title":"has accessibility attributes","duration":219.9213020000002,"failureMessages":[],"meta":{}}],"startTime":1779184131322,"endTime":1779184131601.9214,"status":"passed","message":"","name":"/app/components/SkipNavigation.test.tsx"},{"assertionResults":[{"ancestorTitles":["StorageWarning Component"],"fullName":"StorageWarning Component should not display when storage is below 80%","status":"passed","title":"should not display when storage is below 80%","duration":42.43860399999994,"failureMessages":[],"meta":{}},{"ancestorTitles":["StorageWarning Component"],"fullName":"StorageWarning Component should display warning when storage exceeds 80%","status":"passed","title":"should display warning when storage exceeds 80%","duration":24.905475000000024,"failureMessages":[],"meta":{}},{"ancestorTitles":["StorageWarning Component"],"fullName":"StorageWarning Component should display critical warning when storage exceeds 95%","status":"passed","title":"should display critical warning when storage exceeds 95%","duration":11.500577999999905,"failureMessages":[],"meta":{}},{"ancestorTitles":["StorageWarning Component"],"fullName":"StorageWarning Component should have refresh button","status":"passed","title":"should have refresh button","duration":7.869215999999824,"failureMessages":[],"meta":{}},{"ancestorTitles":["StorageWarning Component"],"fullName":"StorageWarning Component should have manage storage button when critical","status":"passed","title":"should have manage storage button when critical","duration":8.53647500000011,"failureMessages":[],"meta":{}}],"startTime":1779184137041,"endTime":1779184137136.5364,"status":"passed","message":"","name":"/app/components/StorageWarning.test.tsx"},{"assertionResults":[{"ancestorTitles":["useAuth Hook","login"],"fullName":"useAuth Hook login successfully logs in a user","status":"passed","title":"successfully logs in a user","duration":23.535055000000284,"failureMessages":[],"meta":{}},{"ancestorTitles":["useAuth Hook","login"],"fullName":"useAuth Hook login handles login errors gracefully","status":"passed","title":"handles login errors gracefully","duration":4.0831020000000535,"failureMessages":[],"meta":{}},{"ancestorTitles":["useAuth Hook","register"],"fullName":"useAuth Hook register successfully registers a new user","status":"passed","title":"successfully registers a new user","duration":3.6686279999998987,"failureMessages":[],"meta":{}},{"ancestorTitles":["useAuth Hook","logout"],"fullName":"useAuth Hook logout successfully logs out a user","status":"passed","title":"successfully logs out a user","duration":2.945039000000179,"failureMessages":[],"meta":{}},{"ancestorTitles":["useAuth Hook","clearError"],"fullName":"useAuth Hook clearError clears authentication error","status":"passed","title":"clears authentication error","duration":3.407665000000179,"failureMessages":[],"meta":{}},{"ancestorTitles":["useAuth Hook","returned values"],"fullName":"useAuth Hook returned values returns all expected properties","status":"passed","title":"returns all expected properties","duration":2.239462999999887,"failureMessages":[],"meta":{}}],"startTime":1779184145736,"endTime":1779184145776.2395,"status":"passed","message":"","name":"/app/hooks/useAuth.test.ts"},{"assertionResults":[{"ancestorTitles":["useFocus"],"fullName":"useFocus should return ref and control functions","status":"passed","title":"should return ref and control functions","duration":20.518294999999853,"failureMessages":[],"meta":{}},{"ancestorTitles":["useFocus"],"fullName":"useFocus should set focus when setFocus is called","status":"passed","title":"should set focus when setFocus is called","duration":4.989420999999993,"failureMessages":[],"meta":{}},{"ancestorTitles":["useFocus"],"fullName":"useFocus should blur element when blur is called","status":"passed","title":"should blur element when blur is called","duration":3.537792999999965,"failureMessages":[],"meta":{}},{"ancestorTitles":["useFocus"],"fullName":"useFocus should save current active element","status":"passed","title":"should save current active element","duration":4.548413999999866,"failureMessages":[],"meta":{}}],"startTime":1779184147743,"endTime":1779184147776.5483,"status":"passed","message":"","name":"/app/hooks/useFocus.test.ts"},{"assertionResults":[{"ancestorTitles":["useFocusTrap"],"fullName":"useFocusTrap should return ref and control functions","status":"passed","title":"should return ref and control functions","duration":34.730354000000034,"failureMessages":[],"meta":{}},{"ancestorTitles":["useFocusTrap"],"fullName":"useFocusTrap should activate focus trap and focus first element","status":"passed","title":"should activate focus trap and focus first element","duration":385.761982,"failureMessages":[],"meta":{}},{"ancestorTitles":["useFocusTrap"],"fullName":"useFocusTrap should return focus to previous element on deactivate","status":"passed","title":"should return focus to previous element on deactivate","duration":60.74741499999982,"failureMessages":[],"meta":{}},{"ancestorTitles":["useFocusTrap"],"fullName":"useFocusTrap should not return focus when returnFocusOnDeactivate is false","status":"passed","title":"should not return focus when returnFocusOnDeactivate is false","duration":16.979347999999845,"failureMessages":[],"meta":{}},{"ancestorTitles":["useFocusTrap"],"fullName":"useFocusTrap should filter disabled elements from focusable elements","status":"passed","title":"should filter disabled elements from focusable elements","duration":15.340523999999732,"failureMessages":[],"meta":{}},{"ancestorTitles":["useFocusTrap"],"fullName":"useFocusTrap should filter aria-hidden elements from focusable elements","status":"passed","title":"should filter aria-hidden elements from focusable elements","duration":35.5685840000001,"failureMessages":[],"meta":{}}],"startTime":1779184130101,"endTime":1779184130650.5686,"status":"passed","message":"","name":"/app/hooks/useFocusTrap.test.ts"},{"assertionResults":[{"ancestorTitles":["useGeneratePackage Hook","initialization"],"fullName":"useGeneratePackage Hook initialization initializes with default state","status":"passed","title":"initializes with default state","duration":24.73583799999983,"failureMessages":[],"meta":{}},{"ancestorTitles":["useGeneratePackage Hook","generatePackage"],"fullName":"useGeneratePackage Hook generatePackage successfully generates a tailored resume","status":"passed","title":"successfully generates a tailored resume","duration":12.580203999999867,"failureMessages":[],"meta":{}},{"ancestorTitles":["useGeneratePackage Hook","generatePackage"],"fullName":"useGeneratePackage Hook generatePackage sets loading state during generation","status":"passed","title":"sets loading state during generation","duration":0.6930429999999888,"failureMessages":[],"meta":{}},{"ancestorTitles":["useGeneratePackage Hook","generatePackage"],"fullName":"useGeneratePackage Hook generatePackage handles API errors","status":"passed","title":"handles API errors","duration":4.8068369999998595,"failureMessages":[],"meta":{}},{"ancestorTitles":["useGeneratePackage Hook","generatePackage"],"fullName":"useGeneratePackage Hook generatePackage auto-saves tailored resume to localStorage","status":"passed","title":"auto-saves tailored resume to localStorage","duration":4.336174000000028,"failureMessages":[],"meta":{}},{"ancestorTitles":["useGeneratePackage Hook","generatePackage"],"fullName":"useGeneratePackage Hook generatePackage uses correct API endpoint","status":"passed","title":"uses correct API endpoint","duration":4.029431999999815,"failureMessages":[],"meta":{}},{"ancestorTitles":["useGeneratePackage Hook","downloadPDF"],"fullName":"useGeneratePackage Hook downloadPDF downloads PDF successfully","status":"passed","title":"downloads PDF successfully","duration":7.2268210000002,"failureMessages":[],"meta":{}},{"ancestorTitles":["useGeneratePackage Hook","downloadPDF"],"fullName":"useGeneratePackage Hook downloadPDF handles PDF download errors","status":"passed","title":"handles PDF download errors","duration":4.085995000000139,"failureMessages":[],"meta":{}},{"ancestorTitles":["useGeneratePackage Hook","downloadPDF"],"fullName":"useGeneratePackage Hook downloadPDF uses correct PDF endpoint","status":"passed","title":"uses correct PDF endpoint","duration":3.66935199999989,"failureMessages":[],"meta":{}},{"ancestorTitles":["useGeneratePackage Hook","renderMarkdown"],"fullName":"useGeneratePackage Hook renderMarkdown renders markdown preview","status":"passed","title":"renders markdown preview","duration":8.17510399999992,"failureMessages":[],"meta":{}},{"ancestorTitles":["useGeneratePackage Hook","renderMarkdown"],"fullName":"useGeneratePackage Hook renderMarkdown handles markdown rendering errors","status":"passed","title":"handles markdown rendering errors","duration":3.041394999999966,"failureMessages":[],"meta":{}},{"ancestorTitles":["useGeneratePackage Hook","renderMarkdown"],"fullName":"useGeneratePackage Hook renderMarkdown uses correct markdown endpoint","status":"passed","title":"uses correct markdown endpoint","duration":2.1753769999997985,"failureMessages":[],"meta":{}},{"ancestorTitles":["useGeneratePackage Hook","generateCoverLetterRequest"],"fullName":"useGeneratePackage Hook generateCoverLetterRequest generates cover letter successfully","status":"passed","title":"generates cover letter successfully","duration":2.3488640000000487,"failureMessages":[],"meta":{}},{"ancestorTitles":["useGeneratePackage Hook","generateCoverLetterRequest"],"fullName":"useGeneratePackage Hook generateCoverLetterRequest handles cover letter generation errors","status":"passed","title":"handles cover letter generation errors","duration":2.3104359999999815,"failureMessages":[],"meta":{}},{"ancestorTitles":["useGeneratePackage Hook","generateCoverLetterRequest"],"fullName":"useGeneratePackage Hook generateCoverLetterRequest sets loading state during cover letter generation","status":"passed","title":"sets loading state during cover letter generation","duration":53.19874299999992,"failureMessages":[],"meta":{}},{"ancestorTitles":["useGeneratePackage Hook","generateCoverLetterRequest"],"fullName":"useGeneratePackage Hook generateCoverLetterRequest uses correct cover letter endpoint","status":"passed","title":"uses correct cover letter endpoint","duration":2.303578000000016,"failureMessages":[],"meta":{}},{"ancestorTitles":["useGeneratePackage Hook","saveResume"],"fullName":"useGeneratePackage Hook saveResume saves resume to localStorage","status":"passed","title":"saves resume to localStorage","duration":8.640719999999874,"failureMessages":[],"meta":{}},{"ancestorTitles":["useGeneratePackage Hook","saveResume"],"fullName":"useGeneratePackage Hook saveResume sets lastSaved timestamp","status":"passed","title":"sets lastSaved timestamp","duration":2.2586599999999635,"failureMessages":[],"meta":{}},{"ancestorTitles":["useGeneratePackage Hook","saveResume"],"fullName":"useGeneratePackage Hook saveResume removes draft after saving","status":"passed","title":"removes draft after saving","duration":1.8784140000000207,"failureMessages":[],"meta":{}},{"ancestorTitles":["useGeneratePackage Hook","saveDraft"],"fullName":"useGeneratePackage Hook saveDraft saves draft to localStorage","status":"passed","title":"saves draft to localStorage","duration":1.9377000000001772,"failureMessages":[],"meta":{}},{"ancestorTitles":["useGeneratePackage Hook","loadDraft"],"fullName":"useGeneratePackage Hook loadDraft loads draft from localStorage","status":"passed","title":"loads draft from localStorage","duration":1.8107720000000427,"failureMessages":[],"meta":{}},{"ancestorTitles":["useGeneratePackage Hook","loadDraft"],"fullName":"useGeneratePackage Hook loadDraft returns null if no draft exists","status":"passed","title":"returns null if no draft exists","duration":1.4126589999998487,"failureMessages":[],"meta":{}},{"ancestorTitles":["useGeneratePackage Hook","loadDraft"],"fullName":"useGeneratePackage Hook loadDraft returns null on invalid draft data","status":"passed","title":"returns null on invalid draft data","duration":31.224985999999944,"failureMessages":[],"meta":{}},{"ancestorTitles":["useGeneratePackage Hook","clearSavedData"],"fullName":"useGeneratePackage Hook clearSavedData clears all saved data","status":"passed","title":"clears all saved data","duration":1.796378999999888,"failureMessages":[],"meta":{}},{"ancestorTitles":["useGeneratePackage Hook","clearSavedData"],"fullName":"useGeneratePackage Hook clearSavedData resets component state","status":"passed","title":"resets component state","duration":1.5565530000001218,"failureMessages":[],"meta":{}},{"ancestorTitles":["useGeneratePackage Hook","testConnection"],"fullName":"useGeneratePackage Hook testConnection returns true on successful connection","status":"passed","title":"returns true on successful connection","duration":12.400251000000026,"failureMessages":[],"meta":{}},{"ancestorTitles":["useGeneratePackage Hook","testConnection"],"fullName":"useGeneratePackage Hook testConnection returns false on connection failure","status":"passed","title":"returns false on connection failure","duration":2.8013599999999315,"failureMessages":[],"meta":{}},{"ancestorTitles":["useGeneratePackage Hook","testConnection"],"fullName":"useGeneratePackage Hook testConnection uses health endpoint","status":"passed","title":"uses health endpoint","duration":1.496042000000216,"failureMessages":[],"meta":{}},{"ancestorTitles":["useGeneratePackage Hook","clearError"],"fullName":"useGeneratePackage Hook clearError clears error state","status":"passed","title":"clears error state","duration":3.4512560000000576,"failureMessages":[],"meta":{}},{"ancestorTitles":["convertToResumeData"],"fullName":"convertToResumeData converts SimpleResumeData to ResumeData format","status":"passed","title":"converts SimpleResumeData to ResumeData format","duration":1.4946290000000317,"failureMessages":[],"meta":{}},{"ancestorTitles":["convertToResumeData"],"fullName":"convertToResumeData handles empty data gracefully","status":"passed","title":"handles empty data gracefully","duration":0.2740599999999631,"failureMessages":[],"meta":{}},{"ancestorTitles":["convertToResumeData"],"fullName":"convertToResumeData maps all required fields correctly","status":"passed","title":"maps all required fields correctly","duration":0.48923199999990175,"failureMessages":[],"meta":{}},{"ancestorTitles":["convertToResumeData"],"fullName":"convertToResumeData preserves optional fields","status":"passed","title":"preserves optional fields","duration":0.15640899999993962,"failureMessages":[],"meta":{}}],"startTime":1779184132388,"endTime":1779184132605.1565,"status":"passed","message":"","name":"/app/hooks/useGeneratePackage.test.ts"},{"assertionResults":[{"ancestorTitles":["useGlobalErrors Hook"],"fullName":"useGlobalErrors Hook should initialize with no current error","status":"passed","title":"should initialize with no current error","duration":31.251056000000062,"failureMessages":[],"meta":{}},{"ancestorTitles":["useGlobalErrors Hook"],"fullName":"useGlobalErrors Hook should subscribe to error handler on mount","status":"passed","title":"should subscribe to error handler on mount","duration":3.913759999999911,"failureMessages":[],"meta":{}},{"ancestorTitles":["useGlobalErrors Hook"],"fullName":"useGlobalErrors Hook should update current error when new error occurs","status":"passed","title":"should update current error when new error occurs","duration":7.800653000000011,"failureMessages":[],"meta":{}},{"ancestorTitles":["useGlobalErrors Hook"],"fullName":"useGlobalErrors Hook should update error history when new error occurs","status":"passed","title":"should update error history when new error occurs","duration":4.037559999999985,"failureMessages":[],"meta":{}},{"ancestorTitles":["useGlobalErrors Hook"],"fullName":"useGlobalErrors Hook should dismiss current error","status":"passed","title":"should dismiss current error","duration":3.5136939999999868,"failureMessages":[],"meta":{}},{"ancestorTitles":["useGlobalErrors Hook"],"fullName":"useGlobalErrors Hook should clear error history","status":"passed","title":"should clear error history","duration":3.038729999999987,"failureMessages":[],"meta":{}},{"ancestorTitles":["useGlobalErrors Hook"],"fullName":"useGlobalErrors Hook should handle network errors","status":"passed","title":"should handle network errors","duration":2.78995000000009,"failureMessages":[],"meta":{}},{"ancestorTitles":["useGlobalErrors Hook"],"fullName":"useGlobalErrors Hook should handle validation errors","status":"passed","title":"should handle validation errors","duration":2.0216589999999997,"failureMessages":[],"meta":{}},{"ancestorTitles":["useGlobalErrors Hook"],"fullName":"useGlobalErrors Hook should handle auth errors","status":"passed","title":"should handle auth errors","duration":3.041979999999967,"failureMessages":[],"meta":{}},{"ancestorTitles":["useGlobalErrors Hook"],"fullName":"useGlobalErrors Hook should handle permission errors","status":"passed","title":"should handle permission errors","duration":2.298090000000002,"failureMessages":[],"meta":{}},{"ancestorTitles":["useGlobalErrors Hook"],"fullName":"useGlobalErrors Hook should handle not found errors","status":"passed","title":"should handle not found errors","duration":1.6974149999998644,"failureMessages":[],"meta":{}},{"ancestorTitles":["useGlobalErrors Hook"],"fullName":"useGlobalErrors Hook should handle server errors","status":"passed","title":"should handle server errors","duration":1.6221239999999852,"failureMessages":[],"meta":{}},{"ancestorTitles":["useGlobalErrors Hook"],"fullName":"useGlobalErrors Hook should handle timeout errors","status":"passed","title":"should handle timeout errors","duration":1.7705700000001343,"failureMessages":[],"meta":{}},{"ancestorTitles":["useGlobalErrors Hook"],"fullName":"useGlobalErrors Hook should unsubscribe on unmount","status":"passed","title":"should unsubscribe on unmount","duration":5.997049000000061,"failureMessages":[],"meta":{}}],"startTime":1779184140986,"endTime":1779184141060.997,"status":"passed","message":"","name":"/app/hooks/useGlobalErrors.test.ts"},{"assertionResults":[{"ancestorTitles":["useTheme Hook"],"fullName":"useTheme Hook returns theme and helper functions","status":"passed","title":"returns theme and helper functions","duration":21.773752999999942,"failureMessages":[],"meta":{}},{"ancestorTitles":["useTheme Hook"],"fullName":"useTheme Hook correctly determines isDark","status":"passed","title":"correctly determines isDark","duration":3.778694000000087,"failureMessages":[],"meta":{}},{"ancestorTitles":["useTheme Hook"],"fullName":"useTheme Hook correctly determines isLight","status":"passed","title":"correctly determines isLight","duration":3.6928429999998116,"failureMessages":[],"meta":{}},{"ancestorTitles":["useTheme Hook"],"fullName":"useTheme Hook adds dark class when theme is dark","status":"passed","title":"adds dark class when theme is dark","duration":4.451393999999937,"failureMessages":[],"meta":{}},{"ancestorTitles":["useTheme Hook"],"fullName":"useTheme Hook removes dark class when theme is light","status":"passed","title":"removes dark class when theme is light","duration":3.7366360000000896,"failureMessages":[],"meta":{}},{"ancestorTitles":["useTheme Hook"],"fullName":"useTheme Hook saves theme to localStorage","status":"passed","title":"saves theme to localStorage","duration":2.2301780000000235,"failureMessages":[],"meta":{}},{"ancestorTitles":["useTheme Hook"],"fullName":"useTheme Hook loads theme from localStorage on mount","status":"passed","title":"loads theme from localStorage on mount","duration":2.1901910000001408,"failureMessages":[],"meta":{}},{"ancestorTitles":["useTheme Hook"],"fullName":"useTheme Hook does not load invalid theme from localStorage","status":"passed","title":"does not load invalid theme from localStorage","duration":2.359725000000026,"failureMessages":[],"meta":{}},{"ancestorTitles":["useTheme Hook"],"fullName":"useTheme Hook prefers system dark mode when no stored theme","status":"passed","title":"prefers system dark mode when no stored theme","duration":3.3517819999999574,"failureMessages":[],"meta":{}},{"ancestorTitles":["useTheme Hook"],"fullName":"useTheme Hook prefers system light mode when no stored theme","status":"passed","title":"prefers system light mode when no stored theme","duration":2.113518000000113,"failureMessages":[],"meta":{}},{"ancestorTitles":["useTheme Hook"],"fullName":"useTheme Hook listens to system theme changes when no stored theme","status":"passed","title":"listens to system theme changes when no stored theme","duration":1.8196520000001328,"failureMessages":[],"meta":{}},{"ancestorTitles":["useTheme Hook"],"fullName":"useTheme Hook does not listen to system theme changes when theme is stored","status":"passed","title":"does not listen to system theme changes when theme is stored","duration":1.5802369999998973,"failureMessages":[],"meta":{}},{"ancestorTitles":["useTheme Hook"],"fullName":"useTheme Hook calls toggleTheme when toggleTheme is called","status":"passed","title":"calls toggleTheme when toggleTheme is called","duration":1.5066219999998793,"failureMessages":[],"meta":{}},{"ancestorTitles":["useTheme Hook"],"fullName":"useTheme Hook calls setTheme when setTheme is called","status":"passed","title":"calls setTheme when setTheme is called","duration":1.76983099999984,"failureMessages":[],"meta":{}},{"ancestorTitles":["useTheme Hook"],"fullName":"useTheme Hook updates DOM class when theme changes","status":"passed","title":"updates DOM class when theme changes","duration":2.715592000000015,"failureMessages":[],"meta":{}},{"ancestorTitles":["useTheme Hook"],"fullName":"useTheme Hook updates localStorage when theme changes","status":"passed","title":"updates localStorage when theme changes","duration":1.9816749999999956,"failureMessages":[],"meta":{}}],"startTime":1779184138941,"endTime":1779184139002.9817,"status":"passed","message":"","name":"/app/hooks/useTheme.test.ts"},{"assertionResults":[{"ancestorTitles":["useVariants Hook","initial state"],"fullName":"useVariants Hook initial state starts with loading true","status":"passed","title":"starts with loading true","duration":28.25648299999989,"failureMessages":[],"meta":{}},{"ancestorTitles":["useVariants Hook","initial state"],"fullName":"useVariants Hook initial state starts with no variants","status":"passed","title":"starts with no variants","duration":56.537765000000036,"failureMessages":[],"meta":{}},{"ancestorTitles":["useVariants Hook","successful fetch"],"fullName":"useVariants Hook successful fetch fetches variants on mount","status":"passed","title":"fetches variants on mount","duration":55.584609,"failureMessages":[],"meta":{}},{"ancestorTitles":["useVariants Hook","successful fetch"],"fullName":"useVariants Hook successful fetch uses correct API endpoint","status":"passed","title":"uses correct API endpoint","duration":7.558062000000064,"failureMessages":[],"meta":{}},{"ancestorTitles":["useVariants Hook","successful fetch"],"fullName":"useVariants Hook successful fetch includes API key in headers if available","status":"passed","title":"includes API key in headers if available","duration":3.942397999999912,"failureMessages":[],"meta":{}},{"ancestorTitles":["useVariants Hook","error handling"],"fullName":"useVariants Hook error handling handles API error responses","status":"passed","title":"handles API error responses","duration":53.8854980000001,"failureMessages":[],"meta":{}},{"ancestorTitles":["useVariants Hook","error handling"],"fullName":"useVariants Hook error handling handles network errors","status":"passed","title":"handles network errors","duration":57.35478699999999,"failureMessages":[],"meta":{}},{"ancestorTitles":["useVariants Hook","error handling"],"fullName":"useVariants Hook error handling provides fallback variant on error","status":"passed","title":"provides fallback variant on error","duration":54.57491899999991,"failureMessages":[],"meta":{}},{"ancestorTitles":["useVariants Hook","error handling"],"fullName":"useVariants Hook error handling handles invalid JSON response","status":"passed","title":"handles invalid JSON response","duration":59.564177999999856,"failureMessages":[],"meta":{}},{"ancestorTitles":["useVariants Hook","refetch functionality"],"fullName":"useVariants Hook refetch functionality provides refetch function","status":"passed","title":"provides refetch function","duration":5.294837000000371,"failureMessages":[],"meta":{}},{"ancestorTitles":["useVariants Hook","refetch functionality"],"fullName":"useVariants Hook refetch functionality refetch updates data","status":"passed","title":"refetch updates data","duration":5.078272000000197,"failureMessages":[],"meta":{}}],"startTime":1779184126689,"endTime":1779184127078.0784,"status":"passed","message":"","name":"/app/hooks/useVariants.test.ts"},{"assertionResults":[{"ancestorTitles":["WebSocketMessageType"],"fullName":"WebSocketMessageType should define CONNECT type","status":"passed","title":"should define CONNECT type","duration":1.6455669999998008,"failureMessages":[],"meta":{}},{"ancestorTitles":["WebSocketMessageType"],"fullName":"WebSocketMessageType should define DISCONNECT type","status":"passed","title":"should define DISCONNECT type","duration":0.3232940000000326,"failureMessages":[],"meta":{}},{"ancestorTitles":["WebSocketMessageType"],"fullName":"WebSocketMessageType should define HEARTBEAT type","status":"passed","title":"should define HEARTBEAT type","duration":0.25365899999997055,"failureMessages":[],"meta":{}},{"ancestorTitles":["WebSocketMessageType"],"fullName":"WebSocketMessageType should define HEARTBEAT_ACK type","status":"passed","title":"should define HEARTBEAT_ACK type","duration":0.3913799999997991,"failureMessages":[],"meta":{}},{"ancestorTitles":["WebSocketMessageType"],"fullName":"WebSocketMessageType should define PDF_PROGRESS type","status":"passed","title":"should define PDF_PROGRESS type","duration":0.19647200000008525,"failureMessages":[],"meta":{}},{"ancestorTitles":["WebSocketMessageType"],"fullName":"WebSocketMessageType should define PDF_COMPLETE type","status":"passed","title":"should define PDF_COMPLETE type","duration":0.20188899999993737,"failureMessages":[],"meta":{}},{"ancestorTitles":["WebSocketMessageType"],"fullName":"WebSocketMessageType should define PDF_ERROR type","status":"passed","title":"should define PDF_ERROR type","duration":0.23699299999998402,"failureMessages":[],"meta":{}},{"ancestorTitles":["WebSocketMessageType"],"fullName":"WebSocketMessageType should define NOTIFICATION type","status":"passed","title":"should define NOTIFICATION type","duration":0.15263199999981225,"failureMessages":[],"meta":{}},{"ancestorTitles":["WebSocketMessageType"],"fullName":"WebSocketMessageType should define ERROR type","status":"passed","title":"should define ERROR type","duration":0.4072209999999359,"failureMessages":[],"meta":{}},{"ancestorTitles":["WebSocketState"],"fullName":"WebSocketState should define CONNECTING state","status":"passed","title":"should define CONNECTING state","duration":0.22805600000015147,"failureMessages":[],"meta":{}},{"ancestorTitles":["WebSocketState"],"fullName":"WebSocketState should define CONNECTED state","status":"passed","title":"should define CONNECTED state","duration":0.2621769999998378,"failureMessages":[],"meta":{}},{"ancestorTitles":["WebSocketState"],"fullName":"WebSocketState should define DISCONNECTED state","status":"passed","title":"should define DISCONNECTED state","duration":0.16615699999988465,"failureMessages":[],"meta":{}},{"ancestorTitles":["WebSocketState"],"fullName":"WebSocketState should define RECONNECTING state","status":"passed","title":"should define RECONNECTING state","duration":0.11293399999999565,"failureMessages":[],"meta":{}},{"ancestorTitles":["WebSocketState"],"fullName":"WebSocketState should define ERROR state","status":"passed","title":"should define ERROR state","duration":0.08822200000008706,"failureMessages":[],"meta":{}},{"ancestorTitles":["WebSocket URL helpers"],"fullName":"WebSocket URL helpers should construct WebSocket URL from environment","status":"passed","title":"should construct WebSocket URL from environment","duration":0.15429700000004232,"failureMessages":[],"meta":{}},{"ancestorTitles":["useWebSocket integration"],"fullName":"useWebSocket integration should export useWebSocket function","status":"passed","title":"should export useWebSocket function","duration":0.4226219999998193,"failureMessages":[],"meta":{}},{"ancestorTitles":["useWebSocket integration"],"fullName":"useWebSocket integration should export usePDFProgress function","status":"passed","title":"should export usePDFProgress function","duration":0.36805599999979677,"failureMessages":[],"meta":{}},{"ancestorTitles":["useWebSocket integration"],"fullName":"useWebSocket integration should export useNotifications function","status":"passed","title":"should export useNotifications function","duration":0.1786219999999048,"failureMessages":[],"meta":{}},{"ancestorTitles":["useWebSocket integration"],"fullName":"useWebSocket integration should export WebSocketMessageType enum","status":"passed","title":"should export WebSocketMessageType enum","duration":0.32671800000002804,"failureMessages":[],"meta":{}},{"ancestorTitles":["useWebSocket integration"],"fullName":"useWebSocket integration should export WebSocketState enum","status":"passed","title":"should export WebSocketState enum","duration":0.23076399999990826,"failureMessages":[],"meta":{}},{"ancestorTitles":["WebSocket message interfaces"],"fullName":"WebSocket message interfaces should support PDFProgressData interface","status":"passed","title":"should support PDFProgressData interface","duration":0.16311999999993532,"failureMessages":[],"meta":{}},{"ancestorTitles":["WebSocket message interfaces"],"fullName":"WebSocket message interfaces should support PDFCompleteData interface","status":"passed","title":"should support PDFCompleteData interface","duration":0.24675299999989875,"failureMessages":[],"meta":{}},{"ancestorTitles":["WebSocket message interfaces"],"fullName":"WebSocket message interfaces should support PDFErrorData interface","status":"passed","title":"should support PDFErrorData interface","duration":0.130141999999978,"failureMessages":[],"meta":{}},{"ancestorTitles":["WebSocket message interfaces"],"fullName":"WebSocket message interfaces should support NotificationData interface","status":"passed","title":"should support NotificationData interface","duration":0.16934100000003127,"failureMessages":[],"meta":{}},{"ancestorTitles":["WebSocket message structure"],"fullName":"WebSocket message structure should validate message format with type, data, and timestamp","status":"passed","title":"should validate message format with type, data, and timestamp","duration":0.41225699999995413,"failureMessages":[],"meta":{}},{"ancestorTitles":["WebSocket message structure"],"fullName":"WebSocket message structure should validate CONNECT message format","status":"passed","title":"should validate CONNECT message format","duration":0.16815599999995356,"failureMessages":[],"meta":{}},{"ancestorTitles":["WebSocket message structure"],"fullName":"WebSocket message structure should validate HEARTBEAT message format","status":"passed","title":"should validate HEARTBEAT message format","duration":0.11200299999995877,"failureMessages":[],"meta":{}},{"ancestorTitles":["WebSocket message structure"],"fullName":"WebSocket message structure should validate NOTIFICATION message format","status":"passed","title":"should validate NOTIFICATION message format","duration":0.19371799999998984,"failureMessages":[],"meta":{}},{"ancestorTitles":["WebSocket options"],"fullName":"WebSocket options should support connectionType option","status":"passed","title":"should support connectionType option","duration":0.147331000000122,"failureMessages":[],"meta":{}},{"ancestorTitles":["WebSocket options"],"fullName":"WebSocket options should support reconnection options","status":"passed","title":"should support reconnection options","duration":0.13859499999989566,"failureMessages":[],"meta":{}},{"ancestorTitles":["WebSocket options"],"fullName":"WebSocket options should support callback options","status":"passed","title":"should support callback options","duration":0.27053000000000793,"failureMessages":[],"meta":{}}],"startTime":1779184155740,"endTime":1779184155750.2705,"status":"passed","message":"","name":"/app/hooks/useWebSocket.test.ts"},{"assertionResults":[{"ancestorTitles":["Editor Performance"],"fullName":"Editor Performance measures input update performance with many items","status":"skipped","title":"measures input update performance with many items","failureMessages":[],"meta":{}}],"startTime":1779184077277,"endTime":1779184077277,"status":"passed","message":"","name":"/app/pages/Editor.bench.test.tsx"},{"assertionResults":[{"ancestorTitles":["Editor Component","Component Rendering"],"fullName":"Editor Component Component Rendering renders without crashing","status":"passed","title":"renders without crashing","duration":97.22162200000002,"failureMessages":[],"meta":{}},{"ancestorTitles":["Editor Component","Component Rendering"],"fullName":"Editor Component Component Rendering renders navigation items","status":"passed","title":"renders navigation items","duration":73.56186399999979,"failureMessages":[],"meta":{}},{"ancestorTitles":["Editor Component","Component Rendering"],"fullName":"Editor Component Component Rendering renders tab items","status":"passed","title":"renders tab items","duration":53.85924900000009,"failureMessages":[],"meta":{}},{"ancestorTitles":["Editor Component","Component Rendering"],"fullName":"Editor Component Component Rendering renders user avatar in header","status":"passed","title":"renders user avatar in header","duration":40.717493000000104,"failureMessages":[],"meta":{}},{"ancestorTitles":["Editor Component","Save Status Indicator"],"fullName":"Editor Component Save Status Indicator renders with default idle status","status":"passed","title":"renders with default idle status","duration":30.87111300000015,"failureMessages":[],"meta":{}},{"ancestorTitles":["Editor Component","Save Status Indicator"],"fullName":"Editor Component Save Status Indicator renders with saving status","status":"passed","title":"renders with saving status","duration":28.927821000000222,"failureMessages":[],"meta":{}},{"ancestorTitles":["Editor Component","Save Status Indicator"],"fullName":"Editor Component Save Status Indicator renders with saved status","status":"passed","title":"renders with saved status","duration":32.63993399999981,"failureMessages":[],"meta":{}},{"ancestorTitles":["Editor Component","Save Status Indicator"],"fullName":"Editor Component Save Status Indicator renders with error status","status":"passed","title":"renders with error status","duration":21.463819000000058,"failureMessages":[],"meta":{}},{"ancestorTitles":["Editor Component","Resume Data Display"],"fullName":"Editor Component Resume Data Display renders experience section with data","status":"passed","title":"renders experience section with data","duration":40.063346999999794,"failureMessages":[],"meta":{}},{"ancestorTitles":["Editor Component","Resume Data Display"],"fullName":"Editor Component Resume Data Display renders skills from resume data","status":"passed","title":"renders skills from resume data","duration":20.74577199999976,"failureMessages":[],"meta":{}},{"ancestorTitles":["Editor Component","Resume Data Display"],"fullName":"Editor Component Resume Data Display renders education entries","status":"passed","title":"renders education entries","duration":20.046229999999923,"failureMessages":[],"meta":{}},{"ancestorTitles":["Editor Component","Resume Data Display"],"fullName":"Editor Component Resume Data Display renders projects","status":"passed","title":"renders projects","duration":21.76617800000031,"failureMessages":[],"meta":{}},{"ancestorTitles":["Editor Component","Layout and Styling"],"fullName":"Editor Component Layout and Styling main container has correct structure","status":"passed","title":"main container has correct structure","duration":19.171233999999913,"failureMessages":[],"meta":{}},{"ancestorTitles":["Editor Component","Layout and Styling"],"fullName":"Editor Component Layout and Styling has header section","status":"passed","title":"has header section","duration":39.375778999999966,"failureMessages":[],"meta":{}},{"ancestorTitles":["Editor Component","Layout and Styling"],"fullName":"Editor Component Layout and Styling navigation uses flexbox layout","status":"passed","title":"navigation uses flexbox layout","duration":24.097393999999895,"failureMessages":[],"meta":{}},{"ancestorTitles":["Editor Component","Interaction"],"fullName":"Editor Component Interaction calls onBack when back button is clicked","status":"passed","title":"calls onBack when back button is clicked","duration":409.1373200000003,"failureMessages":[],"meta":{}},{"ancestorTitles":["Editor Component","Accessibility"],"fullName":"Editor Component Accessibility navigation items are present","status":"passed","title":"navigation items are present","duration":21.059232000000065,"failureMessages":[],"meta":{}},{"ancestorTitles":["Editor Component","Accessibility"],"fullName":"Editor Component Accessibility tab items are present","status":"passed","title":"tab items are present","duration":20.22444299999961,"failureMessages":[],"meta":{}},{"ancestorTitles":["Editor Component","Props Validation"],"fullName":"Editor Component Props Validation accepts valid resume data","status":"passed","title":"accepts valid resume data","duration":20.34741699999995,"failureMessages":[],"meta":{}},{"ancestorTitles":["Editor Component","Props Validation"],"fullName":"Editor Component Props Validation handles empty experience array","status":"passed","title":"handles empty experience array","duration":17.28652800000009,"failureMessages":[],"meta":{}},{"ancestorTitles":["Editor Component","Props Validation"],"fullName":"Editor Component Props Validation handles empty skills array","status":"passed","title":"handles empty skills array","duration":16.37782900000002,"failureMessages":[],"meta":{}},{"ancestorTitles":["Editor Component","Props Validation"],"fullName":"Editor Component Props Validation handles minimal resume data","status":"passed","title":"handles minimal resume data","duration":27.824603000000025,"failureMessages":[],"meta":{}}],"startTime":1779184105078,"endTime":1779184106176.8247,"status":"passed","message":"","name":"/app/pages/Editor.test.tsx"},{"assertionResults":[{"ancestorTitles":["JobApplications Component","Component Rendering"],"fullName":"JobApplications Component Component Rendering renders without crashing","status":"passed","title":"renders without crashing","duration":163.820788,"failureMessages":[],"meta":{}},{"ancestorTitles":["JobApplications Component","Component Rendering"],"fullName":"JobApplications Component Component Rendering renders main header \"Job Applications\"","status":"passed","title":"renders main header \"Job Applications\"","duration":287.30152599999974,"failureMessages":[],"meta":{}},{"ancestorTitles":["JobApplications Component","Component Rendering"],"fullName":"JobApplications Component Component Rendering renders notification bell icon","status":"passed","title":"renders notification bell icon","duration":71.90257199999996,"failureMessages":[],"meta":{}},{"ancestorTitles":["JobApplications Component","Component Rendering"],"fullName":"JobApplications Component Component Rendering renders user avatar in header","status":"passed","title":"renders user avatar in header","duration":58.92311500000005,"failureMessages":[],"meta":{}},{"ancestorTitles":["JobApplications Component","Component Rendering"],"fullName":"JobApplications Component Component Rendering has red notification badge on bell icon","status":"passed","title":"has red notification badge on bell icon","duration":65.67847500000016,"failureMessages":[],"meta":{}},{"ancestorTitles":["JobApplications Component","Add Application Button"],"fullName":"JobApplications Component Add Application Button renders Add Application button","status":"passed","title":"renders Add Application button","duration":165.22315700000036,"failureMessages":[],"meta":{}},{"ancestorTitles":["JobApplications Component","Add Application Button"],"fullName":"JobApplications Component Add Application Button Add Application button has correct styling","status":"passed","title":"Add Application button has correct styling","duration":132.85741099999996,"failureMessages":[],"meta":{}},{"ancestorTitles":["JobApplications Component","Add Application Button"],"fullName":"JobApplications Component Add Application Button Add Application button contains add icon","status":"passed","title":"Add Application button contains add icon","duration":53.84300799999983,"failureMessages":[],"meta":{}},{"ancestorTitles":["JobApplications Component","Search and Filter"],"fullName":"JobApplications Component Search and Filter renders search input with placeholder","status":"passed","title":"renders search input with placeholder","duration":50.41020900000012,"failureMessages":[],"meta":{}},{"ancestorTitles":["JobApplications Component","Search and Filter"],"fullName":"JobApplications Component Search and Filter search input has search icon","status":"passed","title":"search input has search icon","duration":53.94729300000017,"failureMessages":[],"meta":{}},{"ancestorTitles":["JobApplications Component","Search and Filter"],"fullName":"JobApplications Component Search and Filter renders Filter button","status":"passed","title":"renders Filter button","duration":150.63999700000022,"failureMessages":[],"meta":{}},{"ancestorTitles":["JobApplications Component","Search and Filter"],"fullName":"JobApplications Component Search and Filter renders Sort button","status":"passed","title":"renders Sort button","duration":107.61576500000001,"failureMessages":[],"meta":{}},{"ancestorTitles":["JobApplications Component","Applications Table"],"fullName":"JobApplications Component Applications Table renders table with headers","status":"passed","title":"renders table with headers","duration":87.52036399999997,"failureMessages":[],"meta":{}},{"ancestorTitles":["JobApplications Component","Applications Table"],"fullName":"JobApplications Component Applications Table renders mock application data","status":"passed","title":"renders mock application data","duration":56.729288,"failureMessages":[],"meta":{}},{"ancestorTitles":["JobApplications Component","Applications Table"],"fullName":"JobApplications Component Applications Table renders job roles","status":"passed","title":"renders job roles","duration":67.63349599999992,"failureMessages":[],"meta":{}},{"ancestorTitles":["JobApplications Component","Applications Table"],"fullName":"JobApplications Component Applications Table renders status badges for all applications","status":"passed","title":"renders status badges for all applications","duration":53.23343900000009,"failureMessages":[],"meta":{}},{"ancestorTitles":["JobApplications Component","Applications Table"],"fullName":"JobApplications Component Applications Table renders date applied for applications","status":"skipped","title":"renders date applied for applications","failureMessages":[],"meta":{}},{"ancestorTitles":["JobApplications Component","Applications Table"],"fullName":"JobApplications Component Applications Table renders company logos","status":"passed","title":"renders company logos","duration":50.403433999999834,"failureMessages":[],"meta":{}},{"ancestorTitles":["JobApplications Component","Applications Table"],"fullName":"JobApplications Component Applications Table renders action buttons for each row","status":"passed","title":"renders action buttons for each row","duration":68.65211,"failureMessages":[],"meta":{}},{"ancestorTitles":["JobApplications Component","Table Structure"],"fullName":"JobApplications Component Table Structure table has correct class names","status":"passed","title":"table has correct class names","duration":64.28970699999991,"failureMessages":[],"meta":{}},{"ancestorTitles":["JobApplications Component","Table Structure"],"fullName":"JobApplications Component Table Structure table has tbody with rows","status":"passed","title":"table has tbody with rows","duration":50.83666099999982,"failureMessages":[],"meta":{}},{"ancestorTitles":["JobApplications Component","Table Structure"],"fullName":"JobApplications Component Table Structure table rows have hover effect","status":"passed","title":"table rows have hover effect","duration":61.29833000000008,"failureMessages":[],"meta":{}},{"ancestorTitles":["JobApplications Component","Status Badge Colors"],"fullName":"JobApplications Component Status Badge Colors Applied status has blue styling","status":"passed","title":"Applied status has blue styling","duration":51.441657999999734,"failureMessages":[],"meta":{}},{"ancestorTitles":["JobApplications Component","Status Badge Colors"],"fullName":"JobApplications Component Status Badge Colors Interview status has purple styling","status":"passed","title":"Interview status has purple styling","duration":42.57119999999941,"failureMessages":[],"meta":{}},{"ancestorTitles":["JobApplications Component","Status Badge Colors"],"fullName":"JobApplications Component Status Badge Colors Offer status has emerald styling","status":"passed","title":"Offer status has emerald styling","duration":49.863962999999785,"failureMessages":[],"meta":{}},{"ancestorTitles":["JobApplications Component","Status Badge Colors"],"fullName":"JobApplications Component Status Badge Colors Rejected status has red styling","status":"passed","title":"Rejected status has red styling","duration":38.89121100000011,"failureMessages":[],"meta":{}},{"ancestorTitles":["JobApplications Component","Layout and Styling"],"fullName":"JobApplications Component Layout and Styling main container has correct classes","status":"passed","title":"main container has correct classes","duration":44.08854800000063,"failureMessages":[],"meta":{}},{"ancestorTitles":["JobApplications Component","Layout and Styling"],"fullName":"JobApplications Component Layout and Styling header is sticky at top","status":"passed","title":"header is sticky at top","duration":41.67815799999971,"failureMessages":[],"meta":{}},{"ancestorTitles":["JobApplications Component","Layout and Styling"],"fullName":"JobApplications Component Layout and Styling content has max-width constraint","status":"passed","title":"content has max-width constraint","duration":40.44344600000022,"failureMessages":[],"meta":{}},{"ancestorTitles":["JobApplications Component","Layout and Styling"],"fullName":"JobApplications Component Layout and Styling table container has correct styling","status":"passed","title":"table container has correct styling","duration":45.80527499999971,"failureMessages":[],"meta":{}},{"ancestorTitles":["JobApplications Component","Accessibility"],"fullName":"JobApplications Component Accessibility table is properly structured with headers","status":"passed","title":"table is properly structured with headers","duration":35.98097400000006,"failureMessages":[],"meta":{}},{"ancestorTitles":["JobApplications Component","Accessibility"],"fullName":"JobApplications Component Accessibility buttons are identifiable by their text content","status":"passed","title":"buttons are identifiable by their text content","duration":134.85325300000022,"failureMessages":[],"meta":{}},{"ancestorTitles":["JobApplications Component","Accessibility"],"fullName":"JobApplications Component Accessibility search input is accessible","status":"passed","title":"search input is accessible","duration":55.959396999999626,"failureMessages":[],"meta":{}},{"ancestorTitles":["JobApplications Component","Accessibility"],"fullName":"JobApplications Component Accessibility company names are rendered as text","status":"passed","title":"company names are rendered as text","duration":40.144249999999374,"failureMessages":[],"meta":{}},{"ancestorTitles":["JobApplications Component","Component Data"],"fullName":"JobApplications Component Component Data displays 7 job applications","status":"passed","title":"displays 7 job applications","duration":36.56325099999958,"failureMessages":[],"meta":{}},{"ancestorTitles":["JobApplications Component","Component Data"],"fullName":"JobApplications Component Component Data applications have varied statuses","status":"passed","title":"applications have varied statuses","duration":55.04090300000007,"failureMessages":[],"meta":{}},{"ancestorTitles":["JobApplications Component","Component Data"],"fullName":"JobApplications Component Component Data each application has a company logo","status":"passed","title":"each application has a company logo","duration":40.642321999999695,"failureMessages":[],"meta":{}},{"ancestorTitles":["JobApplications Component","Responsive Design"],"fullName":"JobApplications Component Responsive Design search bar uses responsive layout","status":"passed","title":"search bar uses responsive layout","duration":35.65396899999996,"failureMessages":[],"meta":{}},{"ancestorTitles":["JobApplications Component","Responsive Design"],"fullName":"JobApplications Component Responsive Design header uses flexbox for layout","status":"passed","title":"header uses flexbox for layout","duration":43.14344799999981,"failureMessages":[],"meta":{}}],"startTime":1779184088396,"endTime":1779184091154.1436,"status":"passed","message":"","name":"/app/pages/JobApplications.test.tsx"},{"assertionResults":[{"ancestorTitles":["Settings Component","Component Rendering"],"fullName":"Settings Component Component Rendering renders without crashing","status":"passed","title":"renders without crashing","duration":231.82094999999936,"failureMessages":[],"meta":{}},{"ancestorTitles":["Settings Component","Component Rendering"],"fullName":"Settings Component Component Rendering renders main header with title \"Settings\"","status":"passed","title":"renders main header with title \"Settings\"","duration":478.6787890000005,"failureMessages":[],"meta":{}},{"ancestorTitles":["Settings Component","Component Rendering"],"fullName":"Settings Component Component Rendering renders notification bell icon","status":"passed","title":"renders notification bell icon","duration":78.20109400000001,"failureMessages":[],"meta":{}},{"ancestorTitles":["Settings Component","Component Rendering"],"fullName":"Settings Component Component Rendering renders user avatar in header","status":"passed","title":"renders user avatar in header","duration":108.8544809999994,"failureMessages":[],"meta":{}},{"ancestorTitles":["Settings Component","Component Rendering"],"fullName":"Settings Component Component Rendering has red notification badge on bell icon","status":"passed","title":"has red notification badge on bell icon","duration":103.35239000000001,"failureMessages":[],"meta":{}},{"ancestorTitles":["Settings Component","Profile Information Section"],"fullName":"Settings Component Profile Information Section renders Profile Information section","status":"passed","title":"renders Profile Information section","duration":199.37888300000031,"failureMessages":[],"meta":{}},{"ancestorTitles":["Settings Component","Profile Information Section"],"fullName":"Settings Component Profile Information Section renders profile section description","status":"passed","title":"renders profile section description","duration":72.03523700000005,"failureMessages":[],"meta":{}},{"ancestorTitles":["Settings Component","Profile Information Section"],"fullName":"Settings Component Profile Information Section renders profile avatar with edit overlay","status":"passed","title":"renders profile avatar with edit overlay","duration":82.15024200000062,"failureMessages":[],"meta":{}},{"ancestorTitles":["Settings Component","Profile Information Section"],"fullName":"Settings Component Profile Information Section renders First Name input with default value \"Alex\"","status":"passed","title":"renders First Name input with default value \"Alex\"","duration":112.25336100000004,"failureMessages":[],"meta":{}},{"ancestorTitles":["Settings Component","Profile Information Section"],"fullName":"Settings Component Profile Information Section renders Last Name input with default value \"Rivera\"","status":"passed","title":"renders Last Name input with default value \"Rivera\"","duration":113.18030199999976,"failureMessages":[],"meta":{}},{"ancestorTitles":["Settings Component","Profile Information Section"],"fullName":"Settings Component Profile Information Section renders Email Address input with default value","status":"passed","title":"renders Email Address input with default value","duration":104.58175299999948,"failureMessages":[],"meta":{}},{"ancestorTitles":["Settings Component","Profile Information Section"],"fullName":"Settings Component Profile Information Section renders Save Changes button","status":"passed","title":"renders Save Changes button","duration":121.28450499999963,"failureMessages":[],"meta":{}},{"ancestorTitles":["Settings Component","Profile Information Section"],"fullName":"Settings Component Profile Information Section all profile inputs have correct styling classes","status":"passed","title":"all profile inputs have correct styling classes","duration":99.52299000000039,"failureMessages":[],"meta":{}},{"ancestorTitles":["Settings Component","Profile Form Interactions"],"fullName":"Settings Component Profile Form Interactions allows typing in First Name input","status":"passed","title":"allows typing in First Name input","duration":187.03679899999952,"failureMessages":[],"meta":{}},{"ancestorTitles":["Settings Component","Profile Form Interactions"],"fullName":"Settings Component Profile Form Interactions allows typing in Last Name input","status":"passed","title":"allows typing in Last Name input","duration":146.22716600000058,"failureMessages":[],"meta":{}},{"ancestorTitles":["Settings Component","Profile Form Interactions"],"fullName":"Settings Component Profile Form Interactions allows typing in Email input","status":"passed","title":"allows typing in Email input","duration":201.6880460000002,"failureMessages":[],"meta":{}},{"ancestorTitles":["Settings Component","Profile Form Interactions"],"fullName":"Settings Component Profile Form Interactions allows typing in Last Name input","status":"passed","title":"allows typing in Last Name input","duration":113.18749200000002,"failureMessages":[],"meta":{}},{"ancestorTitles":["Settings Component","Profile Form Interactions"],"fullName":"Settings Component Profile Form Interactions allows typing in Email input","status":"passed","title":"allows typing in Email input","duration":155.62664500000028,"failureMessages":[],"meta":{}},{"ancestorTitles":["Settings Component","Profile Form Interactions"],"fullName":"Settings Component Profile Form Interactions profile avatar shows edit icon on hover","status":"passed","title":"profile avatar shows edit icon on hover","duration":64.82369300000028,"failureMessages":[],"meta":{}},{"ancestorTitles":["Settings Component","Profile Form Interactions"],"fullName":"Settings Component Profile Form Interactions Save Changes button is clickable","status":"passed","title":"Save Changes button is clickable","duration":160.77797999999984,"failureMessages":[],"meta":{}},{"ancestorTitles":["Settings Component","App Preferences Section"],"fullName":"Settings Component App Preferences Section renders App Preferences section","status":"passed","title":"renders App Preferences section","duration":146.7890269999998,"failureMessages":[],"meta":{}},{"ancestorTitles":["Settings Component","App Preferences Section"],"fullName":"Settings Component App Preferences Section renders preferences section description","status":"passed","title":"renders preferences section description","duration":58.46646099999998,"failureMessages":[],"meta":{}},{"ancestorTitles":["Settings Component","App Preferences Section"],"fullName":"Settings Component App Preferences Section renders Email Notifications toggle with label","status":"passed","title":"renders Email Notifications toggle with label","duration":69.69673299999977,"failureMessages":[],"meta":{}},{"ancestorTitles":["Settings Component","App Preferences Section"],"fullName":"Settings Component App Preferences Section renders Dark Mode toggle with label","status":"passed","title":"renders Dark Mode toggle with label","duration":81.25336400000015,"failureMessages":[],"meta":{}},{"ancestorTitles":["Settings Component","App Preferences Section"],"fullName":"Settings Component App Preferences Section renders Auto-Save toggle with label","status":"passed","title":"renders Auto-Save toggle with label","duration":64.430069,"failureMessages":[],"meta":{}},{"ancestorTitles":["Settings Component","Preference Toggle Interactions"],"fullName":"Settings Component Preference Toggle Interactions Email Notifications toggle is checked by default","status":"passed","title":"Email Notifications toggle is checked by default","duration":92.71899699999994,"failureMessages":[],"meta":{}},{"ancestorTitles":["Settings Component","Preference Toggle Interactions"],"fullName":"Settings Component Preference Toggle Interactions Dark Mode toggle is unchecked by default","status":"passed","title":"Dark Mode toggle is unchecked by default","duration":92.88481499999943,"failureMessages":[],"meta":{}},{"ancestorTitles":["Settings Component","Preference Toggle Interactions"],"fullName":"Settings Component Preference Toggle Interactions Auto-Save toggle is checked by default","status":"passed","title":"Auto-Save toggle is checked by default","duration":88.58035000000018,"failureMessages":[],"meta":{}},{"ancestorTitles":["Settings Component","Preference Toggle Interactions"],"fullName":"Settings Component Preference Toggle Interactions Email Notifications toggle can be unchecked","status":"passed","title":"Email Notifications toggle can be unchecked","duration":96.7749700000004,"failureMessages":[],"meta":{}},{"ancestorTitles":["Settings Component","Preference Toggle Interactions"],"fullName":"Settings 
[...]
ection User Interactions calls onAdd when add button is clicked","status":"passed","title":"calls onAdd when add button is clicked","duration":212.14686200000028,"failureMessages":[],"meta":{}},{"ancestorTitles":["ExperienceSection","User Interactions"],"fullName":"ExperienceSection User Interactions calls onShowCommentPanel when comment button is clicked","status":"passed","title":"calls onShowCommentPanel when comment button is clicked","duration":45.16260000000011,"failureMessages":[],"meta":{}},{"ancestorTitles":["ExperienceSection","User Interactions"],"fullName":"ExperienceSection User Interactions renders ExperienceItem components for each experience","status":"passed","title":"renders ExperienceItem components for each experience","duration":10.674340999999913,"failureMessages":[],"meta":{}},{"ancestorTitles":["ExperienceSection","Expand State"],"fullName":"ExperienceSection Expand State passes correct expand state to ExperienceItem","status":"passed","title":"passes correct expand state to ExperienceItem","duration":20.57609500000035,"failureMessages":[],"meta":{}},{"ancestorTitles":["ExperienceSection","Drag and Drop"],"fullName":"ExperienceSection Drag and Drop renders draggable elements","status":"passed","title":"renders draggable elements","duration":9.301414000000022,"failureMessages":[],"meta":{}},{"ancestorTitles":["ExperienceSection","Drag and Drop"],"fullName":"ExperienceSection Drag and Drop applies drag styling when item is being dragged","status":"passed","title":"applies drag styling when item is being dragged","duration":8.469912000000022,"failureMessages":[],"meta":{}},{"ancestorTitles":["ExperienceSection","Drag and Drop"],"fullName":"ExperienceSection Drag and Drop applies drop target styling when hovering over item","status":"passed","title":"applies drop target styling when hovering over item","duration":7.807793999999831,"failureMessages":[],"meta":{}},{"ancestorTitles":["ExperienceSection","Callbacks"],"fullName":"ExperienceSection Callbacks renders without crashing when all callbacks are provided","status":"passed","title":"renders without crashing when all callbacks are provided","duration":11.626768999999967,"failureMessages":[],"meta":{}}],"startTime":1779184124518,"endTime":1779184124977.6267,"status":"passed","message":"","name":"/app/tests/components/editor/ExperienceSection.test.tsx"},{"assertionResults":[{"ancestorTitles":["ProjectItem Component","Rendering"],"fullName":"ProjectItem Component Rendering should render collapsed state correctly","status":"passed","title":"should render collapsed state correctly","duration":59.40895299999988,"failureMessages":[],"meta":{}},{"ancestorTitles":["ProjectItem Component","Rendering"],"fullName":"ProjectItem Component Rendering should render expanded state with all form fields","status":"passed","title":"should render expanded state with all form fields","duration":21.061271999999917,"failureMessages":[],"meta":{}},{"ancestorTitles":["ProjectItem Component","Rendering"],"fullName":"ProjectItem Component Rendering should render delete button in collapsed state","status":"passed","title":"should render delete button in collapsed state","duration":190.4061939999997,"failureMessages":[],"meta":{}},{"ancestorTitles":["ProjectItem Component","Rendering"],"fullName":"ProjectItem Component Rendering should render all fields when expanded","status":"passed","title":"should render all fields when expanded","duration":21.076812000000245,"failureMessages":[],"meta":{}},{"ancestorTitles":["ProjectItem Component","Rendering"],"fullName":"ProjectItem Component Rendering should render highlights when expanded","status":"passed","title":"should render highlights when expanded","duration":40.91323599999987,"failureMessages":[],"meta":{}},{"ancestorTitles":["ProjectItem Component","Rendering"],"fullName":"ProjectItem Component Rendering should render description editor","status":"passed","title":"should render description editor","duration":18.43982300000016,"failureMessages":[],"meta":{}},{"ancestorTitles":["ProjectItem Component","Toggle Expand"],"fullName":"ProjectItem Component Toggle Expand should call onToggleExpand when card header is clicked","status":"passed","title":"should call onToggleExpand when card header is clicked","duration":51.2657650000001,"failureMessages":[],"meta":{}},{"ancestorTitles":["ProjectItem Component","Toggle Expand"],"fullName":"ProjectItem Component Toggle Expand should toggle expand state on rerender","status":"passed","title":"should toggle expand state on rerender","duration":14.467577000000347,"failureMessages":[],"meta":{}},{"ancestorTitles":["ProjectItem Component","Toggle Expand"],"fullName":"ProjectItem Component Toggle Expand should show form fields only when expanded","status":"passed","title":"should show form fields only when expanded","duration":14.391474000000017,"failureMessages":[],"meta":{}},{"ancestorTitles":["ProjectItem Component","Delete Operations"],"fullName":"ProjectItem Component Delete Operations should call onDelete when delete button is clicked","status":"passed","title":"should call onDelete when delete button is clicked","duration":132.65766600000006,"failureMessages":[],"meta":{}},{"ancestorTitles":["ProjectItem Component","Delete Operations"],"fullName":"ProjectItem Component Delete Operations should stop event propagation on delete button click","status":"passed","title":"should stop event propagation on delete button click","duration":40.75773300000037,"failureMessages":[],"meta":{}},{"ancestorTitles":["ProjectItem Component","Field Updates"],"fullName":"ProjectItem Component Field Updates should update project name when input changes","status":"passed","title":"should update project name when input changes","duration":74.24760800000013,"failureMessages":[],"meta":{}},{"ancestorTitles":["ProjectItem Component","Field Updates"],"fullName":"ProjectItem Component Field Updates should update description when editor changes","status":"passed","title":"should update description when editor changes","duration":11.496662000000015,"failureMessages":[],"meta":{}},{"ancestorTitles":["ProjectItem Component","Field Updates"],"fullName":"ProjectItem Component Field Updates should update start date when input changes","status":"passed","title":"should update start date when input changes","duration":49.773563999999624,"failureMessages":[],"meta":{}},{"ancestorTitles":["ProjectItem Component","Field Updates"],"fullName":"ProjectItem Component Field Updates should update end date when input changes","status":"passed","title":"should update end date when input changes","duration":43.099099000000024,"failureMessages":[],"meta":{}},{"ancestorTitles":["ProjectItem Component","Highlight Management"],"fullName":"ProjectItem Component Highlight Management should render all highlights","status":"passed","title":"should render all highlights","duration":15.501080000000002,"failureMessages":[],"meta":{}},{"ancestorTitles":["ProjectItem Component","Highlight Management"],"fullName":"ProjectItem Component Highlight Management should clear input after adding highlight","status":"passed","title":"should clear input after adding highlight","duration":84.72305600000027,"failureMessages":[],"meta":{}},{"ancestorTitles":["ProjectItem Component","Highlight Management"],"fullName":"ProjectItem Component Highlight Management should render highlight input field","status":"passed","title":"should render highlight input field","duration":9.467755000000125,"failureMessages":[],"meta":{}},{"ancestorTitles":["ProjectItem Component","Accessibility"],"fullName":"ProjectItem Component Accessibility should render label text for all form fields","status":"passed","title":"should render label text for all form fields","duration":20.511872999999923,"failureMessages":[],"meta":{}},{"ancestorTitles":["ProjectItem Component","Accessibility"],"fullName":"ProjectItem Component Accessibility should have accessible form inputs","status":"passed","title":"should have accessible form inputs","duration":101.5693769999998,"failureMessages":[],"meta":{}},{"ancestorTitles":["ProjectItem Component","Accessibility"],"fullName":"ProjectItem Component Accessibility should have accessible delete button","status":"passed","title":"should have accessible delete button","duration":27.940106999999898,"failureMessages":[],"meta":{}}],"startTime":1779184107586,"endTime":1779184108630.9402,"status":"passed","message":"","name":"/app/tests/components/editor/ProjectItem.test.tsx"},{"assertionResults":[{"ancestorTitles":["ProjectsSection","Rendering"],"fullName":"ProjectsSection Rendering renders section title correctly","status":"passed","title":"renders section title correctly","duration":110.99166300000024,"failureMessages":[],"meta":{}},{"ancestorTitles":["ProjectsSection","Rendering"],"fullName":"ProjectsSection Rendering renders projects count","status":"passed","title":"renders projects count","duration":32.20569999999998,"failureMessages":[],"meta":{}},{"ancestorTitles":["ProjectsSection","Rendering"],"fullName":"ProjectsSection Rendering renders add comment button","status":"passed","title":"renders add comment button","duration":27.100298000000294,"failureMessages":[],"meta":{}},{"ancestorTitles":["ProjectsSection","Rendering"],"fullName":"ProjectsSection Rendering renders add project button","status":"passed","title":"renders add project button","duration":23.57964600000014,"failureMessages":[],"meta":{}},{"ancestorTitles":["ProjectsSection","Rendering"],"fullName":"ProjectsSection Rendering renders empty state correctly","status":"passed","title":"renders empty state correctly","duration":16.40445200000022,"failureMessages":[],"meta":{}},{"ancestorTitles":["ProjectsSection","User Interactions"],"fullName":"ProjectsSection User Interactions calls onAdd when add button is clicked","status":"passed","title":"calls onAdd when add button is clicked","duration":345.3650310000003,"failureMessages":[],"meta":{}},{"ancestorTitles":["ProjectsSection","User Interactions"],"fullName":"ProjectsSection User Interactions calls onShowCommentPanel when comment button is clicked","status":"passed","title":"calls onShowCommentPanel when comment button is clicked","duration":89.28885000000037,"failureMessages":[],"meta":{}},{"ancestorTitles":["ProjectsSection","User Interactions"],"fullName":"ProjectsSection User Interactions renders ProjectItem components for each project","status":"passed","title":"renders ProjectItem components for each project","duration":25.168087999999898,"failureMessages":[],"meta":{}},{"ancestorTitles":["ProjectsSection","Expand State"],"fullName":"ProjectsSection Expand State passes correct expand state to ProjectItem","status":"passed","title":"passes correct expand state to ProjectItem","duration":246.24244399999998,"failureMessages":[],"meta":{}},{"ancestorTitles":["ProjectsSection","Callbacks"],"fullName":"ProjectsSection Callbacks renders without crashing when all callbacks are provided","status":"passed","title":"renders without crashing when all callbacks are provided","duration":19.96372999999994,"failureMessages":[],"meta":{}}],"startTime":1779184121661,"endTime":1779184122598.9636,"status":"passed","message":"","name":"/app/tests/components/editor/ProjectsSection.test.tsx"},{"assertionResults":[{"ancestorTitles":["RichTextEditor","Rendering"],"fullName":"RichTextEditor Rendering renders editor with content","status":"passed","title":"renders editor with content","duration":145.88710799999967,"failureMessages":[],"meta":{}},{"ancestorTitles":["RichTextEditor","Rendering"],"fullName":"RichTextEditor Rendering renders toolbar with formatting buttons","status":"passed","title":"renders toolbar with formatting buttons","duration":363.002622,"failureMessages":[],"meta":{}},{"ancestorTitles":["RichTextEditor","Rendering"],"fullName":"RichTextEditor Rendering renders toolbar with correct roles","status":"passed","title":"renders toolbar with correct roles","duration":46.68050399999993,"failureMessages":[],"meta":{}},{"ancestorTitles":["RichTextEditor","Accessibility"],"fullName":"RichTextEditor Accessibility toolbar buttons have proper aria-labels","status":"passed","title":"toolbar buttons have proper aria-labels","duration":75.50954900000033,"failureMessages":[],"meta":{}},{"ancestorTitles":["RichTextEditor","Accessibility"],"fullName":"RichTextEditor Accessibility buttons have aria-pressed state","status":"passed","title":"buttons have aria-pressed state","duration":61.73831900000005,"failureMessages":[],"meta":{}},{"ancestorTitles":["RichTextEditor","Accessibility"],"fullName":"RichTextEditor Accessibility editor has textbox role and aria-label","status":"passed","title":"editor has textbox role and aria-label","duration":26.316381000000092,"failureMessages":[],"meta":{}},{"ancestorTitles":["RichTextEditor","User Interactions"],"fullName":"RichTextEditor User Interactions calls onChange when content is updated","status":"passed","title":"calls onChange when content is updated","duration":24.604151,"failureMessages":[],"meta":{}},{"ancestorTitles":["RichTextEditor","User Interactions"],"fullName":"RichTextEditor User Interactions toggles bold formatting when button is clicked","status":"passed","title":"toggles bold formatting when button is clicked","duration":95.65643,"failureMessages":[],"meta":{}},{"ancestorTitles":["RichTextEditor","Props"],"fullName":"RichTextEditor Props renders with custom placeholder","status":"passed","title":"renders with custom placeholder","duration":35.54197900000008,"failureMessages":[],"meta":{}},{"ancestorTitles":["RichTextEditor","Props"],"fullName":"RichTextEditor Props renders with custom minHeight","status":"passed","title":"renders with custom minHeight","duration":34.07096199999978,"failureMessages":[],"meta":{}},{"ancestorTitles":["RichTextEditor","Props"],"fullName":"RichTextEditor Props renders with custom className","status":"passed","title":"renders with custom className","duration":16.52907899999991,"failureMessages":[],"meta":{}}],"startTime":1779184108203,"endTime":1779184109129.529,"status":"passed","message":"","name":"/app/tests/components/editor/RichTextEditor.test.tsx"},{"assertionResults":[{"ancestorTitles":["SkillsSection","Rendering"],"fullName":"SkillsSection Rendering renders section title correctly","status":"passed","title":"renders section title correctly","duration":58.736252999999806,"failureMessages":[],"meta":{}},{"ancestorTitles":["SkillsSection","Rendering"],"fullName":"SkillsSection Rendering renders skills count","status":"passed","title":"renders skills count","duration":9.378551000000016,"failureMessages":[],"meta":{}},{"ancestorTitles":["SkillsSection","Rendering"],"fullName":"SkillsSection Rendering renders add comment button","status":"passed","title":"renders add comment button","duration":9.367561000000023,"failureMessages":[],"meta":{}},{"ancestorTitles":["SkillsSection","Rendering"],"fullName":"SkillsSection Rendering renders all skills as badges","status":"passed","title":"renders all skills as badges","duration":12.106684000000087,"failureMessages":[],"meta":{}},{"ancestorTitles":["SkillsSection","Rendering"],"fullName":"SkillsSection Rendering renders skill input placeholder","status":"passed","title":"renders skill input placeholder","duration":9.275346999999783,"failureMessages":[],"meta":{}},{"ancestorTitles":["SkillsSection","Rendering"],"fullName":"SkillsSection Rendering renders empty state correctly","status":"passed","title":"renders empty state correctly","duration":5.360771999999997,"failureMessages":[],"meta":{}},{"ancestorTitles":["SkillsSection","Rendering"],"fullName":"SkillsSection Rendering renders tip text","status":"passed","title":"renders tip text","duration":16.586547999999993,"failureMessages":[],"meta":{}},{"ancestorTitles":["SkillsSection","User Interactions"],"fullName":"SkillsSection User Interactions calls onShowCommentPanel when comment button is clicked","status":"passed","title":"calls onShowCommentPanel when comment button is clicked","duration":199.26005499999997,"failureMessages":[],"meta":{}},{"ancestorTitles":["SkillsSection","User Interactions"],"fullName":"SkillsSection User Interactions calls onRemoveSkill when skill close button is clicked","status":"passed","title":"calls onRemoveSkill when skill close button is clicked","duration":128.61992599999985,"failureMessages":[],"meta":{}},{"ancestorTitles":["SkillsSection","User Interactions"],"fullName":"SkillsSection User Interactions calls onAddSkill when Enter is pressed in input","status":"passed","title":"calls onAddSkill when Enter is pressed in input","duration":58.919206999999915,"failureMessages":[],"meta":{}},{"ancestorTitles":["SkillsSection","Callbacks"],"fullName":"SkillsSection Callbacks renders without crashing when all callbacks are provided","status":"passed","title":"renders without crashing when all callbacks are provided","duration":6.535248000000138,"failureMessages":[],"meta":{}}],"startTime":1779184118544,"endTime":1779184119059.5352,"status":"passed","message":"","name":"/app/tests/components/editor/SkillsSection.test.tsx"},{"assertionResults":[{"ancestorTitles":["SummarySection","Rendering"],"fullName":"SummarySection Rendering renders section title correctly","status":"passed","title":"renders section title correctly","duration":54.280755,"failureMessages":[],"meta":{}},{"ancestorTitles":["SummarySection","Rendering"],"fullName":"SummarySection Rendering renders description text","status":"passed","title":"renders description text","duration":7.692092000000002,"failureMessages":[],"meta":{}},{"ancestorTitles":["SummarySection","Rendering"],"fullName":"SummarySection Rendering renders add comment button","status":"passed","title":"renders add comment button","duration":6.484552999999778,"failureMessages":[],"meta":{}},{"ancestorTitles":["SummarySection","Rendering"],"fullName":"SummarySection Rendering renders editor with correct value","status":"passed","title":"renders editor with correct value","duration":7.200511000000006,"failureMessages":[],"meta":{}},{"ancestorTitles":["SummarySection","Rendering"],"fullName":"SummarySection Rendering renders editor with placeholder","status":"passed","title":"renders editor with placeholder","duration":5.889576000000034,"failureMessages":[],"meta":{}},{"ancestorTitles":["SummarySection","Rendering"],"fullName":"SummarySection Rendering renders tip text","status":"passed","title":"renders tip text","duration":5.155033000000003,"failureMessages":[],"meta":{}},{"ancestorTitles":["SummarySection","Rendering"],"fullName":"SummarySection Rendering renders label for editor","status":"passed","title":"renders label for editor","duration":4.9122480000000905,"failureMessages":[],"meta":{}},{"ancestorTitles":["SummarySection","User Interactions"],"fullName":"SummarySection User Interactions calls onUpdate when editor value changes","status":"passed","title":"calls onUpdate when editor value changes","duration":10.230084000000033,"failureMessages":[],"meta":{}},{"ancestorTitles":["SummarySection","User Interactions"],"fullName":"SummarySection User Interactions calls onShowCommentPanel when comment button is clicked","status":"passed","title":"calls onShowCommentPanel when comment button is clicked","duration":208.129326,"failureMessages":[],"meta":{}},{"ancestorTitles":["SummarySection","Empty State"],"fullName":"SummarySection Empty State renders empty summary correctly","status":"passed","title":"renders empty summary correctly","duration":4.649372999999969,"failureMessages":[],"meta":{}},{"ancestorTitles":["SummarySection","Callbacks"],"fullName":"SummarySection Callbacks renders without crashing when all callbacks are provided","status":"passed","title":"renders without crashing when all callbacks are provided","duration":6.987587000000076,"failureMessages":[],"meta":{}}],"startTime":1779184128117,"endTime":1779184128438.9875,"status":"passed","message":"","name":"/app/tests/components/editor/SummarySection.test.tsx"}]}