{"numTotalTestSuites":621,"numPassedTestSuites":621,"numFailedTestSuites":0,"numPendingTestSuites":0,"numTotalTests":1564,"numPassedTests":1544,"numFailedTests":0,"numPendingTests":20,"numTodoTests":0,"snapshot":{"added":0,"failure":false,"filesAdded":0,"filesRemoved":0,"filesRemovedList":[],"filesUnmatched":0,"filesUpdated":0,"matched":0,"total":0,"unchecked":0,"uncheckedKeysByFile":[],"unmatched":0,"updated":0,"didUpdate":false},"startTime":1773310137814,"success":true,"testResults":[{"assertionResults":[{"ancestorTitles":["AccessibleDialog"],"fullName":"AccessibleDialog should render nothing when isOpen is false","status":"passed","title":"should render nothing when isOpen is false","duration":18.868003000000044,"failureMessages":[],"meta":{}},{"ancestorTitles":["AccessibleDialog"],"fullName":"AccessibleDialog should render when isOpen is true","status":"passed","title":"should render when isOpen is true","duration":331.75313400000005,"failureMessages":[],"meta":{}},{"ancestorTitles":["AccessibleDialog"],"fullName":"AccessibleDialog should render title with correct id","status":"passed","title":"should render title with correct id","duration":62.69382400000018,"failureMessages":[],"meta":{}},{"ancestorTitles":["AccessibleDialog"],"fullName":"AccessibleDialog should use custom headerId when provided","status":"passed","title":"should use custom headerId when provided","duration":47.31673799999999,"failureMessages":[],"meta":{}},{"ancestorTitles":["AccessibleDialog"],"fullName":"AccessibleDialog should render children content","status":"passed","title":"should render children content","duration":63.555385000000115,"failureMessages":[],"meta":{}},{"ancestorTitles":["AccessibleDialog"],"fullName":"AccessibleDialog should render footer when provided","status":"passed","title":"should render footer when provided","duration":66.90708099999983,"failureMessages":[],"meta":{}},{"ancestorTitles":["AccessibleDialog"],"fullName":"AccessibleDialog should have correct ARIA attributes","status":"passed","title":"should have correct ARIA attributes","duration":53.49233099999992,"failureMessages":[],"meta":{}},{"ancestorTitles":["AccessibleDialog"],"fullName":"AccessibleDialog should set aria-describedby when descriptionId is provided","status":"passed","title":"should set aria-describedby when descriptionId is provided","duration":96.94909299999972,"failureMessages":[],"meta":{}},{"ancestorTitles":["AccessibleDialog"],"fullName":"AccessibleDialog should call onClose when close button is clicked","status":"passed","title":"should call onClose when close button is clicked","duration":114.32452199999989,"failureMessages":[],"meta":{}},{"ancestorTitles":["AccessibleDialog"],"fullName":"AccessibleDialog should call onClose when Escape key is pressed","status":"passed","title":"should call onClose when Escape key is pressed","duration":33.36440900000025,"failureMessages":[],"meta":{}},{"ancestorTitles":["AccessibleDialog"],"fullName":"AccessibleDialog should call onClose when backdrop is clicked","status":"passed","title":"should call onClose when backdrop is clicked","duration":69.25621199999978,"failureMessages":[],"meta":{}},{"ancestorTitles":["AccessibleDialog"],"fullName":"AccessibleDialog should not call onClose when clicking inside dialog content","status":"passed","title":"should not call onClose when clicking inside dialog content","duration":115.48260900000014,"failureMessages":[],"meta":{}},{"ancestorTitles":["AccessibleDialog"],"fullName":"AccessibleDialog should focus first focusable element on dialog open","status":"passed","title":"should focus first focusable element on dialog open","duration":102.93639399999984,"failureMessages":[],"meta":{}},{"ancestorTitles":["AccessibleDialog"],"fullName":"AccessibleDialog should prevent body scroll when open","status":"passed","title":"should prevent body scroll when open","duration":44.33160599999974,"failureMessages":[],"meta":{}},{"ancestorTitles":["AccessibleDialog"],"fullName":"AccessibleDialog should apply custom className","status":"passed","title":"should apply custom className","duration":33.469596999999794,"failureMessages":[],"meta":{}},{"ancestorTitles":["AccessibleDialog"],"fullName":"AccessibleDialog should have correct dialog structure","status":"passed","title":"should have correct dialog structure","duration":70.42700300000024,"failureMessages":[],"meta":{}},{"ancestorTitles":["AccessibleDialog"],"fullName":"AccessibleDialog should maintain focus management during lifecycle","status":"passed","title":"should maintain focus management during lifecycle","duration":98.01721799999996,"failureMessages":[],"meta":{}},{"ancestorTitles":["AccessibleDialog"],"fullName":"AccessibleDialog should not render backdrop when isOpen is false","status":"passed","title":"should not render backdrop when isOpen is false","duration":2.6321979999997893,"failureMessages":[],"meta":{}}],"startTime":1773310174338,"endTime":1773310175764.632,"status":"passed","message":"","name":"/app/components/AccessibleDialog.test.tsx"},{"assertionResults":[{"ancestorTitles":["ErrorBoundary"],"fullName":"ErrorBoundary renders children when there is no error","status":"passed","title":"renders children when there is no error","duration":34.963830000000144,"failureMessages":[],"meta":{}},{"ancestorTitles":["ErrorBoundary"],"fullName":"ErrorBoundary catches errors and displays error message","status":"passed","title":"catches errors and displays error message","duration":21.468078000000105,"failureMessages":[],"meta":{}},{"ancestorTitles":["ErrorBoundary"],"fullName":"ErrorBoundary provides a fallback UI","status":"passed","title":"provides a fallback UI","duration":3.9674159999999574,"failureMessages":[],"meta":{}}],"startTime":1773310199591,"endTime":1773310199651.9675,"status":"passed","message":"","name":"/app/components/ErrorBoundary.test.tsx"},{"assertionResults":[{"ancestorTitles":["ErrorDisplay Component"],"fullName":"ErrorDisplay Component should render error message when error is provided","status":"passed","title":"should render error message when error is provided","duration":49.363526999999976,"failureMessages":[],"meta":{}},{"ancestorTitles":["ErrorDisplay Component"],"fullName":"ErrorDisplay Component should not render when error is null","status":"passed","title":"should not render when error is null","duration":3.332317000000103,"failureMessages":[],"meta":{}},{"ancestorTitles":["ErrorDisplay Component"],"fullName":"ErrorDisplay Component should call onDismiss when close button is clicked","status":"passed","title":"should call onDismiss when close button is clicked","duration":268.02799500000015,"failureMessages":[],"meta":{}},{"ancestorTitles":["ErrorDisplay Component"],"fullName":"ErrorDisplay Component should auto-dismiss after specified time","status":"passed","title":"should auto-dismiss after specified time","duration":105.64947900000016,"failureMessages":[],"meta":{}},{"ancestorTitles":["ErrorDisplay Component"],"fullName":"ErrorDisplay Component should not auto-dismiss when autoDismissTime is 0","status":"passed","title":"should not auto-dismiss when autoDismissTime is 0","duration":6.322123999999803,"failureMessages":[],"meta":{}},{"ancestorTitles":["ErrorDisplay Component"],"fullName":"ErrorDisplay Component should display development message in development mode","status":"passed","title":"should display development message in development mode","duration":5.91068899999982,"failureMessages":[],"meta":{}},{"ancestorTitles":["ErrorDisplay Component"],"fullName":"ErrorDisplay Component should show correct icon for network errors","status":"passed","title":"should show correct icon for network errors","duration":7.632216999999855,"failureMessages":[],"meta":{}},{"ancestorTitles":["ErrorDisplay Component"],"fullName":"ErrorDisplay Component should handle error type changes","status":"passed","title":"should handle error type changes","duration":11.582542000000103,"failureMessages":[],"meta":{}},{"ancestorTitles":["ErrorDisplay Component"],"fullName":"ErrorDisplay Component should display different colors for different error severities","status":"passed","title":"should display different colors for different error severities","duration":9.730788000000302,"failureMessages":[],"meta":{}}],"startTime":1773310187427,"endTime":1773310187894.7307,"status":"passed","message":"","name":"/app/components/ErrorDisplay.test.tsx"},{"assertionResults":[{"ancestorTitles":["ExperienceItem"],"fullName":"ExperienceItem manages focus when toggling delete confirmation","status":"passed","title":"manages focus when toggling delete confirmation","duration":623.3890369999999,"failureMessages":[],"meta":{}}],"startTime":1773310182638,"endTime":1773310183261.389,"status":"passed","message":"","name":"/app/components/ExperienceItem.test.tsx"},{"assertionResults":[{"ancestorTitles":["GitHubSettings Component"],"fullName":"GitHubSettings Component renders component title","status":"passed","title":"renders component title","duration":55.15451299999995,"failureMessages":[],"meta":{}},{"ancestorTitles":["GitHubSettings Component"],"fullName":"GitHubSettings Component renders description about importing projects","status":"passed","title":"renders description about importing projects","duration":9.151172999999972,"failureMessages":[],"meta":{}},{"ancestorTitles":["GitHubSettings Component"],"fullName":"GitHubSettings Component shows connected state when GitHub is connected","status":"passed","title":"shows connected state when GitHub is connected","duration":46.74375400000008,"failureMessages":[],"meta":{}},{"ancestorTitles":["GitHubSettings Component"],"fullName":"GitHubSettings Component shows not connected state when GitHub is not connected","status":"passed","title":"shows not connected state when GitHub is not connected","duration":16.336556999999857,"failureMessages":[],"meta":{}},{"ancestorTitles":["GitHubSettings Component"],"fullName":"GitHubSettings Component shows loading state initially","status":"passed","title":"shows loading state initially","duration":6.732126999999991,"failureMessages":[],"meta":{}},{"ancestorTitles":["GitHubSettings Component"],"fullName":"GitHubSettings Component displays benefits list when not connected","status":"passed","title":"displays benefits list when not connected","duration":12.21839399999999,"failureMessages":[],"meta":{}}],"startTime":1773310194388,"endTime":1773310194534.2185,"status":"passed","message":"","name":"/app/components/GitHubSettings.test.tsx"},{"assertionResults":[{"ancestorTitles":["PasswordStrengthMeter","calculatePasswordStrength"],"fullName":"PasswordStrengthMeter calculatePasswordStrength should return score 0 for empty password","status":"passed","title":"should return score 0 for empty password","duration":3.0052579999999125,"failureMessages":[],"meta":{}},{"ancestorTitles":["PasswordStrengthMeter","calculatePasswordStrength"],"fullName":"PasswordStrengthMeter calculatePasswordStrength should return score 1 for very weak password","status":"passed","title":"should return score 1 for very weak password","duration":0.45156900000006317,"failureMessages":[],"meta":{}},{"ancestorTitles":["PasswordStrengthMeter","calculatePasswordStrength"],"fullName":"PasswordStrengthMeter calculatePasswordStrength should return score 2 for weak password","status":"passed","title":"should return score 2 for weak password","duration":0.27676500000006854,"failureMessages":[],"meta":{}},{"ancestorTitles":["PasswordStrengthMeter","calculatePasswordStrength"],"fullName":"PasswordStrengthMeter calculatePasswordStrength should return score 3 for fair password","status":"passed","title":"should return score 3 for fair password","duration":0.41005999999993037,"failureMessages":[],"meta":{}},{"ancestorTitles":["PasswordStrengthMeter","calculatePasswordStrength"],"fullName":"PasswordStrengthMeter calculatePasswordStrength should return score 4 for strong password","status":"passed","title":"should return score 4 for strong password","duration":0.27045399999997244,"failureMessages":[],"meta":{}},{"ancestorTitles":["PasswordStrengthMeter","calculatePasswordStrength"],"fullName":"PasswordStrengthMeter calculatePasswordStrength should return score 5 for very strong password","status":"passed","title":"should return score 5 for very strong password","duration":0.2073609999999917,"failureMessages":[],"meta":{}},{"ancestorTitles":["PasswordStrengthMeter","calculatePasswordStrength"],"fullName":"PasswordStrengthMeter calculatePasswordStrength should check length requirement","status":"passed","title":"should check length requirement","duration":0.29152499999986503,"failureMessages":[],"meta":{}},{"ancestorTitles":["PasswordStrengthMeter","calculatePasswordStrength"],"fullName":"PasswordStrengthMeter calculatePasswordStrength should check uppercase requirement","status":"passed","title":"should check uppercase requirement","duration":0.34559199999989687,"failureMessages":[],"meta":{}},{"ancestorTitles":["PasswordStrengthMeter","calculatePasswordStrength"],"fullName":"PasswordStrengthMeter calculatePasswordStrength should check lowercase requirement","status":"passed","title":"should check lowercase requirement","duration":0.4902540000000499,"failureMessages":[],"meta":{}},{"ancestorTitles":["PasswordStrengthMeter","calculatePasswordStrength"],"fullName":"PasswordStrengthMeter calculatePasswordStrength should check digit requirement","status":"passed","title":"should check digit requirement","duration":0.2642480000001797,"failureMessages":[],"meta":{}},{"ancestorTitles":["PasswordStrengthMeter","calculatePasswordStrength"],"fullName":"PasswordStrengthMeter calculatePasswordStrength should check special character requirement","status":"passed","title":"should check special character requirement","duration":0.14762899999982437,"failureMessages":[],"meta":{}},{"ancestorTitles":["PasswordStrengthMeter","calculatePasswordStrength"],"fullName":"PasswordStrengthMeter calculatePasswordStrength should handle all special characters","status":"passed","title":"should handle all special characters","duration":0.8373219999998582,"failureMessages":[],"meta":{}},{"ancestorTitles":["PasswordStrengthMeter","calculatePasswordStrength"],"fullName":"PasswordStrengthMeter calculatePasswordStrength should meet all requirements for valid password","status":"passed","title":"should meet all requirements for valid password","duration":0.3569319999999152,"failureMessages":[],"meta":{}},{"ancestorTitles":["PasswordStrengthMeter","calculatePasswordStrength"],"fullName":"PasswordStrengthMeter calculatePasswordStrength should have all requirements unmet for very short password","status":"passed","title":"should have all requirements unmet for very short password","duration":0.16622000000006665,"failureMessages":[],"meta":{}}],"startTime":1773310212620,"endTime":1773310212628.357,"status":"passed","message":"","name":"/app/components/PasswordStrengthMeter.test.tsx"},{"assertionResults":[{"ancestorTitles":["ResumeCard"],"fullName":"ResumeCard renders resume information correctly","status":"passed","title":"renders resume information correctly","duration":115.47773200000006,"failureMessages":[],"meta":{}},{"ancestorTitles":["ResumeCard"],"fullName":"ResumeCard shows selected state when isSelected is true","status":"passed","title":"shows selected state when isSelected is true","duration":331.27282200000013,"failureMessages":[],"meta":{}},{"ancestorTitles":["ResumeCard"],"fullName":"ResumeCard calls onSelect when checkbox is clicked","status":"passed","title":"calls onSelect when checkbox is clicked","duration":71.20438299999978,"failureMessages":[],"meta":{}},{"ancestorTitles":["ResumeCard"],"fullName":"ResumeCard calls onEdit when edit button is clicked","status":"passed","title":"calls onEdit when edit button is clicked","duration":9.466759000000366,"failureMessages":[],"meta":{}},{"ancestorTitles":["ResumeCard"],"fullName":"ResumeCard calls onDuplicate when duplicate button is clicked","status":"passed","title":"calls onDuplicate when duplicate button is clicked","duration":7.910787000000255,"failureMessages":[],"meta":{}},{"ancestorTitles":["ResumeCard"],"fullName":"ResumeCard calls onDelete when delete button is clicked and confirmed","status":"passed","title":"calls onDelete when delete button is clicked and confirmed","duration":19.57381899999973,"failureMessages":[],"meta":{}},{"ancestorTitles":["ResumeCard"],"fullName":"ResumeCard cancels deletion when cancel button is clicked","status":"passed","title":"cancels deletion when cancel button is clicked","duration":17.693595000000187,"failureMessages":[],"meta":{}},{"ancestorTitles":["ResumeCard"],"fullName":"ResumeCard manages focus between delete and confirm buttons","status":"passed","title":"manages focus between delete and confirm buttons","duration":13.762801000000309,"failureMessages":[],"meta":{}},{"ancestorTitles":["ResumeCard"],"fullName":"ResumeCard calls onShare when share button is clicked","status":"passed","title":"calls onShare when share button is clicked","duration":7.5827769999996235,"failureMessages":[],"meta":{}},{"ancestorTitles":["ResumeCard"],"fullName":"ResumeCard shows private badge when isPublic is false","status":"passed","title":"shows private badge when isPublic is false","duration":6.222929999999906,"failureMessages":[],"meta":{}},{"ancestorTitles":["ResumeCard"],"fullName":"ResumeCard limits tags display to 4 and shows more count","status":"passed","title":"limits tags display to 4 and shows more count","duration":10.690700000000106,"failureMessages":[],"meta":{}}],"startTime":1773310184403,"endTime":1773310185013.6907,"status":"passed","message":"","name":"/app/components/ResumeCard.test.tsx"},{"assertionResults":[{"ancestorTitles":["Skeleton Component"],"fullName":"Skeleton Component renders with default props","status":"passed","title":"renders with default props","duration":264.6382470000001,"failureMessages":[],"meta":{}},{"ancestorTitles":["Skeleton Component"],"fullName":"Skeleton Component renders with custom className","status":"passed","title":"renders with custom className","duration":43.852979000000005,"failureMessages":[],"meta":{}},{"ancestorTitles":["Skeleton Component"],"fullName":"Skeleton Component renders with custom variant","status":"passed","title":"renders with custom variant","duration":39.24486400000001,"failureMessages":[],"meta":{}},{"ancestorTitles":["Skeleton Component"],"fullName":"Skeleton Component renders with custom width","status":"passed","title":"renders with custom width","duration":59.92502800000011,"failureMessages":[],"meta":{}},{"ancestorTitles":["Skeleton Component"],"fullName":"Skeleton Component renders with custom height","status":"passed","title":"renders with custom height","duration":31.542053000000124,"failureMessages":[],"meta":{}},{"ancestorTitles":["Skeleton Component"],"fullName":"Skeleton Component renders with shimmer animation","status":"passed","title":"renders with shimmer animation","duration":26.09964100000002,"failureMessages":[],"meta":{}},{"ancestorTitles":["Skeleton Component"],"fullName":"Skeleton Component renders with no animation","status":"passed","title":"renders with no animation","duration":21.00296800000001,"failureMessages":[],"meta":{}},{"ancestorTitles":["Skeleton Component"],"fullName":"Skeleton Component renders with circular variant","status":"passed","title":"renders with circular variant","duration":25.149365999999873,"failureMessages":[],"meta":{}},{"ancestorTitles":["Skeleton Component"],"fullName":"Skeleton Component renders with rounded variant","status":"passed","title":"renders with rounded variant","duration":29.795909000000165,"failureMessages":[],"meta":{}},{"ancestorTitles":["Skeleton Component"],"fullName":"Skeleton Component renders text variant with default rounding","status":"passed","title":"renders text variant with default rounding","duration":16.918567000000166,"failureMessages":[],"meta":{}},{"ancestorTitles":["Skeleton Component"],"fullName":"Skeleton Component has proper ARIA attributes","status":"passed","title":"has proper ARIA attributes","duration":19.819884999999886,"failureMessages":[],"meta":{}},{"ancestorTitles":["Skeleton Component"],"fullName":"Skeleton Component renders with data-testid attribute","status":"passed","title":"renders with data-testid attribute","duration":7.786845000000085,"failureMessages":[],"meta":{}}],"startTime":1773310184309,"endTime":1773310184894.7869,"status":"passed","message":"","name":"/app/components/Skeleton.test.tsx"},{"assertionResults":[{"ancestorTitles":["SkipNavigation Component"],"fullName":"SkipNavigation Component renders skip to main content link","status":"passed","title":"renders skip to main content link","duration":37.04402499999992,"failureMessages":[],"meta":{}},{"ancestorTitles":["SkipNavigation Component"],"fullName":"SkipNavigation Component renders skip to navigation link","status":"passed","title":"renders skip to navigation link","duration":6.900466000000051,"failureMessages":[],"meta":{}},{"ancestorTitles":["SkipNavigation Component"],"fullName":"SkipNavigation Component has correct href for main content link","status":"passed","title":"has correct href for main content link","duration":5.7410339999999,"failureMessages":[],"meta":{}},{"ancestorTitles":["SkipNavigation Component"],"fullName":"SkipNavigation Component has correct href for navigation link","status":"passed","title":"has correct href for navigation link","duration":4.380588999999873,"failureMessages":[],"meta":{}},{"ancestorTitles":["SkipNavigation Component"],"fullName":"SkipNavigation Component has accessibility attributes","status":"passed","title":"has accessibility attributes","duration":211.952317,"failureMessages":[],"meta":{}}],"startTime":1773310191490,"endTime":1773310191755.9524,"status":"passed","message":"","name":"/app/components/SkipNavigation.test.tsx"},{"assertionResults":[{"ancestorTitles":["StorageWarning Component"],"fullName":"StorageWarning Component should not display when storage is below 80%","status":"passed","title":"should not display when storage is below 80%","duration":34.42091099999993,"failureMessages":[],"meta":{}},{"ancestorTitles":["StorageWarning Component"],"fullName":"StorageWarning Component should display warning when storage exceeds 80%","status":"passed","title":"should display warning when storage exceeds 80%","duration":22.833323000000064,"failureMessages":[],"meta":{}},{"ancestorTitles":["StorageWarning Component"],"fullName":"StorageWarning Component should display critical warning when storage exceeds 95%","status":"passed","title":"should display critical warning when storage exceeds 95%","duration":11.049041999999872,"failureMessages":[],"meta":{}},{"ancestorTitles":["StorageWarning Component"],"fullName":"StorageWarning Component should have refresh button","status":"passed","title":"should have refresh button","duration":11.854432999999972,"failureMessages":[],"meta":{}},{"ancestorTitles":["StorageWarning Component"],"fullName":"StorageWarning Component should have manage storage button when critical","status":"passed","title":"should have manage storage button when critical","duration":7.926118000000088,"failureMessages":[],"meta":{}}],"startTime":1773310197217,"endTime":1773310197304.926,"status":"passed","message":"","name":"/app/components/StorageWarning.test.tsx"},{"assertionResults":[{"ancestorTitles":["Editor Performance"],"fullName":"Editor Performance measures input update performance with many items","status":"skipped","title":"measures input update performance with many items","failureMessages":[],"meta":{}}],"startTime":1773310137814,"endTime":1773310137814,"status":"passed","message":"","name":"/app/pages/Editor.bench.test.tsx"},{"assertionResults":[{"ancestorTitles":["Editor Component","Component Rendering"],"fullName":"Editor Component Component Rendering renders without crashing","status":"passed","title":"renders without crashing","duration":88.9335759999999,"failureMessages":[],"meta":{}},{"ancestorTitles":["Editor Component","Component Rendering"],"fullName":"Editor Component Component Rendering renders navigation items","status":"passed","title":"renders navigation items","duration":68.0764949999998,"failureMessages":[],"meta":{}},{"ancestorTitles":["Editor Component","Component Rendering"],"fullName":"Editor Component Component Rendering renders tab items","status":"passed","title":"renders tab items","duration":48.23881600000004,"failureMessages":[],"meta":{}},{"ancestorTitles":["Editor Component","Component Rendering"],"fullName":"Editor Component Component Rendering renders user avatar in header","status":"passed","title":"renders user avatar in header","duration":31.838166999999885,"failureMessages":[],"meta":{}},{"ancestorTitles":["Editor Component","Save Status Indicator"],"fullName":"Editor Component Save Status Indicator renders with default idle status","status":"passed","title":"renders with default idle status","duration":23.512562999999773,"failureMessages":[],"meta":{}},{"ancestorTitles":["Editor Component","Save Status Indicator"],"fullName":"Editor Component Save Status Indicator renders with saving status","status":"passed","title":"renders with saving status","duration":31.42374299999983,"failureMessages":[],"meta":{}},{"ancestorTitles":["Editor Component","Save Status Indicator"],"fullName":"Editor Component Save Status Indicator renders with saved status","status":"passed","title":"renders with saved status","duration":23.96324999999979,"failureMessages":[],"meta":{}},{"ancestorTitles":["Editor Component","Save Status Indicator"],"fullName":"Editor Component Save Status Indicator renders with error status","status":"passed","title":"renders with error status","duration":19.430061000000023,"failureMessages":[],"meta":{}},{"ancestorTitles":["Editor Component","Resume Data Display"],"fullName":"Editor Component Resume Data Display renders experience section with data","status":"passed","title":"renders experience section with data","duration":44.03514700000005,"failureMessages":[],"meta":{}},{"ancestorTitles":["Editor Component","Resume Data Display"],"fullName":"Editor Component Resume Data Display renders skills from resume data","status":"passed","title":"renders skills from resume data","duration":23.4998870000004,"failureMessages":[],"meta":{}},{"ancestorTitles":["Editor Component","Resume Data Display"],"fullName":"Editor Component Resume Data Display renders education entries","status":"passed","title":"renders education entries","duration":25.905257999999776,"failureMessages":[],"meta":{}},{"ancestorTitles":["Editor Component","Resume Data Display"],"fullName":"Editor Component Resume Data Display renders projects","status":"passed","title":"renders projects","duration":17.86265800000001,"failureMessages":[],"meta":{}},{"ancestorTitles":["Editor Component","Layout and Styling"],"fullName":"Editor Component Layout and Styling main container has correct structure","status":"passed","title":"main container has correct structure","duration":21.62843100000009,"failureMessages":[],"meta":{}},{"ancestorTitles":["Editor Component","Layout and Styling"],"fullName":"Editor Component Layout and Styling has header section","status":"passed","title":"has header section","duration":24.771060999999918,"failureMessages":[],"meta":{}},{"ancestorTitles":["Editor Component","Layout and Styling"],"fullName":"Editor Component Layout and Styling navigation uses flexbox layout","status":"passed","title":"navigation uses flexbox layout","duration":15.826911999999993,"failureMessages":[],"meta":{}},{"ancestorTitles":["Editor Component","Interaction"],"fullName":"Editor Component Interaction calls onBack when back button is clicked","status":"passed","title":"calls onBack when back button is clicked","duration":735.673366,"failureMessages":[],"meta":{}},{"ancestorTitles":["Editor Component","Accessibility"],"fullName":"Editor Component Accessibility navigation items are present","status":"passed","title":"navigation items are present","duration":21.657304000000295,"failureMessages":[],"meta":{}},{"ancestorTitles":["Editor Component","Accessibility"],"fullName":"Editor Component Accessibility tab items are present","status":"passed","title":"tab items are present","duration":36.38223500000004,"failureMessages":[],"meta":{}},{"ancestorTitles":["Editor Component","Props Validation"],"fullName":"Editor Component Props Validation accepts valid resume data","status":"passed","title":"accepts valid resume data","duration":21.755521999999928,"failureMessages":[],"meta":{}},{"ancestorTitles":["Editor Component","Props Validation"],"fullName":"Editor Component Props Validation handles empty experience array","status":"passed","title":"handles empty experience array","duration":16.199008999999933,"failureMessages":[],"meta":{}},{"ancestorTitles":["Editor Component","Props Validation"],"fullName":"Editor Component Props Validation handles empty skills array","status":"passed","title":"handles empty skills array","duration":40.82805499999995,"failureMessages":[],"meta":{}},{"ancestorTitles":["Editor Component","Props Validation"],"fullName":"Editor Component Props Validation handles minimal resume data","status":"passed","title":"handles minimal resume data","duration":25.20901300000014,"failureMessages":[],"meta":{}}],"startTime":1773310164495,"endTime":1773310165903.209,"status":"passed","message":"","name":"/app/pages/Editor.test.tsx"},{"assertionResults":[{"ancestorTitles":["JobApplications Component","Component Rendering"],"fullName":"JobApplications Component Component Rendering renders without crashing","status":"passed","title":"renders without crashing","duration":150.85634400000004,"failureMessages":[],"meta":{}},{"ancestorTitles":["JobApplications Component","Component Rendering"],"fullName":"JobApplications Component Component Rendering renders main header \"Job Applications\"","status":"passed","title":"renders main header \"Job Applications\"","duration":354.3326629999999,"failureMessages":[],"meta":{}},{"ancestorTitles":["JobApplications Component","Component Rendering"],"fullName":"JobApplications Component Component Rendering renders notification bell icon","status":"passed","title":"renders notification bell icon","duration":67.45092199999999,"failureMessages":[],"meta":{}},{"ancestorTitles":["JobApplications Component","Component Rendering"],"fullName":"JobApplications Component Component Rendering renders user avatar in header","status":"passed","title":"renders user avatar in header","duration":61.390134999999646,"failureMessages":[],"meta":{}},{"ancestorTitles":["JobApplications Component","Component Rendering"],"fullName":"JobApplications Component Component Rendering has red notification badge on bell icon","status":"passed","title":"has red notification badge on bell icon","duration":63.93714500000033,"failureMessages":[],"meta":{}},{"ancestorTitles":["JobApplications Component","Add Application Button"],"fullName":"JobApplications Component Add Application Button renders Add Application button","status":"passed","title":"renders Add Application button","duration":401.1135009999998,"failureMessages":[],"meta":{}},{"ancestorTitles":["JobApplications Component","Add Application Button"],"fullName":"JobApplications Component Add Application Button Add Application button has correct styling","status":"passed","title":"Add Application button has correct styling","duration":281.25587499999983,"failureMessages":[],"meta":{}},{"ancestorTitles":["JobApplications Component","Add Application Button"],"fullName":"JobApplications Component Add Application Button Add Application button contains add icon","status":"passed","title":"Add Application button contains add icon","duration":53.02167199999985,"failureMessages":[],"meta":{}},{"ancestorTitles":["JobApplications Component","Search and Filter"],"fullName":"JobApplications Component Search and Filter renders search input with placeholder","status":"passed","title":"renders search input with placeholder","duration":53.83187700000008,"failureMessages":[],"meta":{}},{"ancestorTitles":["JobApplications Component","Search and Filter"],"fullName":"JobApplications Component Search and Filter search input has search icon","status":"passed","title":"search input has search icon","duration":61.95278499999995,"failureMessages":[],"meta":{}},{"ancestorTitles":["JobApplications Component","Search and Filter"],"fullName":"JobApplications Component Search and Filter renders Filter button","status":"passed","title":"renders Filter button","duration":304.650842,"failureMessages":[],"meta":{}},{"ancestorTitles":["JobApplications Component","Search and Filter"],"fullName":"JobApplications Component Search and Filter renders Sort button","status":"passed","title":"renders Sort button","duration":270.269319,"failureMessages":[],"meta":{}},{"ancestorTitles":["JobApplications Component","Applications Table"],"fullName":"JobApplications Component Applications Table renders table with headers","status":"passed","title":"renders table with headers","duration":127.62750199999982,"failureMessages":[],"meta":{}},{"ancestorTitles":["JobApplications Component","Applications Table"],"fullName":"JobApplications Component Applications Table renders mock application data","status":"passed","title":"renders mock application data","duration":55.903737999999976,"failureMessages":[],"meta":{}},{"ancestorTitles":["JobApplications Component","Applications Table"],"fullName":"JobApplications Component Applications Table renders job roles","status":"passed","title":"renders job roles","duration":57.184490000000096,"failureMessages":[],"meta":{}},{"ancestorTitles":["JobApplications Component","Applications Table"],"fullName":"JobApplications Component Applications Table renders status badges for all applications","status":"passed","title":"renders status badges for all applications","duration":48.27446599999985,"failureMessages":[],"meta":{}},{"ancestorTitles":["JobApplications Component","Applications Table"],"fullName":"JobApplications Component Applications Table renders date applied for applications","status":"skipped","title":"renders date applied for applications","failureMessages":[],"meta":{}},{"ancestorTitles":["JobApplications Component","Applications Table"],"fullName":"JobApplications Component Applications Table renders company logos","status":"passed","title":"renders company logos","duration":47.89869799999997,"failureMessages":[],"meta":{}},{"ancestorTitles":["JobApplications Component","Applications Table"],"fullName":"JobApplications Component Applications Table renders action buttons for each row","status":"passed","title":"renders action buttons for each row","duration":42.22378600000047,"failureMessages":[],"meta":{}},{"ancestorTitles":["JobApplications Component","Table Structure"],"fullName":"JobApplications Component Table Structure table has correct class names","status":"passed","title":"table has correct class names","duration":36.776780000000144,"failureMessages":[],"meta":{}},{"ancestorTitles":["JobApplications Component","Table Structure"],"fullName":"JobApplications Component Table Structure table has tbody with rows","status":"passed","title":"table has tbody with rows","duration":43.08249799999976,"failureMessages":[],"meta":{}},{"ancestorTitles":["JobApplications Component","Table Structure"],"fullName":"JobApplications Component Table Structure table rows have hover effect","status":"passed","title":"table rows have hover effect","duration":43.17717499999981,"failureMessages":[],"meta":{}},{"ancestorTitles":["JobApplications Component","Status Badge Colors"],"fullName":"JobApplications Component Status Badge Colors Applied status has blue styling","status":"passed","title":"Applied status has blue styling","duration":38.83086099999946,"failureMessages":[],"meta":{}},{"ancestorTitles":["JobApplications Component","Status Badge Colors"],"fullName":"JobApplications Component Status Badge Colors Interview status has purple styling","status":"passed","title":"Interview status has purple styling","duration":43.578058000000055,"failureMessages":[],"meta":{}},{"ancestorTitles":["JobApplications Component","Status Badge Colors"],"fullName":"JobApplications Component Status Badge Colors Offer status has emerald styling","status":"passed","title":"Offer status has emerald styling","duration":44.394624000000476,"failureMessages":[],"meta":{}},{"ancestorTitles":["JobApplications Component","Status Badge Colors"],"fullName":"JobApplications Component Status Badge Colors Rejected status has red styling","status":"passed","title":"Rejected status has red styling","duration":37.40445,"failureMessages":[],"meta":{}},{"ancestorTitles":["JobApplications Component","Layout and Styling"],"fullName":"JobApplications Component Layout and Styling main container has correct classes","status":"passed","title":"main container has correct classes","duration":41.130175999999665,"failureMessages":[],"meta":{}},{"ancestorTitles":["JobApplications Component","Layout and Styling"],"fullName":"JobApplications Component Layout and Styling header is sticky at top","status":"passed","title":"header is sticky at top","duration":35.74615099999937,"failureMessages":[],"meta":{}},{"ancestorTitles":["JobApplications Component","Layout and Styling"],"fullName":"JobApplications Component Layout and Styling content has max-width constraint","status":"passed","title":"content has max-width constraint","duration":48.02695500000027,"failureMessages":[],"meta":{}},{"ancestorTitles":["JobApplications Component","Layout and Styling"],"fullName":"JobApplications Component Layout and Styling table container has correct styling","status":"passed","title":"table container has correct styling","duration":43.401716000000306,"failureMessages":[],"meta":{}},{"ancestorTitles":["JobApplications Component","Accessibility"],"fullName":"JobApplications Component Accessibility table is properly structured with headers","status":"passed","title":"table is properly structured with headers","duration":36.07104799999979,"failureMessages":[],"meta":{}},{"ancestorTitles":["JobApplications Component","Accessibility"],"fullName":"JobApplications Component Accessibility buttons are identifiable by their text content","status":"passed","title":"buttons are identifiable by their text content","duration":380.059886,"failureMessages":[],"meta":{}},{"ancestorTitles":["JobApplications Component","Accessibility"],"fullName":"JobApplications Component Accessibility search input is accessible","status":"passed","title":"search input is accessible","duration":51.43839099999968,"failureMessages":[],"meta":{}},{"ancestorTitles":["JobApplications Component","Accessibility"],"fullName":"JobApplications Component Accessibility company names are rendered as text","status":"passed","title":"company names are rendered as text","duration":47.384227999999894,"failureMessages":[],"meta":{}},{"ancestorTitles":["JobApplications Component","Component Data"],"fullName":"JobApplications Component Component Data displays 7 job applications","status":"passed","title":"displays 7 job applications","duration":43.13660299999992,"failureMessages":[],"meta":{}},{"ancestorTitles":["JobApplications Component","Component Data"],"fullName":"JobApplications Component Component Data applications have varied statuses","status":"passed","title":"applications have varied statuses","duration":59.29340500000035,"failureMessages":[],"meta":{}},{"ancestorTitles":["JobApplications Component","Component Data"],"fullName":"JobApplications Component Component Data each application has a company logo","status":"passed","title":"each application has a company logo","duration":44.46983100000034,"failureMessages":[],"meta":{}},{"ancestorTitles":["JobApplications Component","Responsive Design"],"fullName":"JobApplications Component Responsive Design search bar uses responsive layout","status":"passed","title":"search bar uses responsive layout","duration":34.56215299999985,"failureMessages":[],"meta":{}},{"ancestorTitles":["JobApplications Component","Responsive Design"],"fullName":"JobApplications Component Responsive Design header uses flexbox for layout","status":"passed","title":"header uses flexbox for layout","duration":43.61351399999967,"failureMessages":[],"meta":{}}],"startTime":1773310149008,"endTime":1773310152709.6135,"status":"passed","message":"","name":"/app/pages/JobApplications.test.tsx"},{"assertionResults":[{"ancestorTitles":["Settings Component","Component Rendering"],"fullName":"Settings Component Component Rendering renders without crashing","status":"passed","title":"renders without crashing","duration":176.77400599999964,"failureMessages":[],"meta":{}},{"ancestorTitles":["Settings Component","Component Rendering"],"fullName":"Settings Component Component Rendering renders main header with title \"Settings\"","status":"passed","title":"renders main header with title \"Settings\"","duration":691.796233,"failureMessages":[],"meta":{}},{"ancestorTitles":["Settings Component","Component Rendering"],"fullName":"Settings Component Component Rendering renders notification bell icon","status":"passed","title":"renders notification bell icon","duration":86.85788800000046,"failureMessages":[],"meta":{}},{"ancestorTitles":["Settings Component","Component Rendering"],"fullName":"Settings Component Component Rendering renders user avatar in header","status":"passed","title":"renders user avatar in header","duration":111.10771300000033,"failureMessages":[],"meta":{}},{"ancestorTitles":["Settings Component","Component Rendering"],"fullName":"Settings Component Component Rendering has red notification badge on bell icon","status":"passed","title":"has red notification badge on bell icon","duration":78.70121599999948,"failureMessages":[],"meta":{}},{"ancestorTitles":["Settings Component","Profile Information Section"],"fullName":"Settings Component Profile Information Section renders Profile Information section","status":"passed","title":"renders Profile Information section","duration":344.1349420000006,"failureMessages":[],"meta":{}},{"ancestorTitles":["Settings Component","Profile Information Section"],"fullName":"Settings Component Profile Information Section renders profile section description","status":"passed","title":"renders profile section description","duration":61.06254699999954,"failureMessages":[],"meta":{}},{"ancestorTitles":["Settings Component","Profile Information Section"],"fullName":"Settings Component Profile Information Section renders profile avatar with edit overlay","status":"passed","title":"renders profile avatar with edit overlay","duration":54.99118199999975,"failureMessages":[],"meta":{}},{"ancestorTitles":["Settings Component","Profile Information Section"],"fullName":"Settings Component Profile Information Section renders First Name input with default value \"Alex\"","status":"passed","title":"renders First Name input with default value \"Alex\"","duration":167.72052299999996,"failureMessages":[],"meta":{}},{"ancestorTitles":["Settings Component","Profile Information Section"],"fullName":"Settings Component Profile Information Section renders Last Name input with default value \"Rivera\"","status":"passed","title":"renders Last Name input with default value \"Rivera\"","duration":129.21930900000007,"failureMessages":[],"meta":{}},{"ancestorTitles":["Settings Component","Profile Information Section"],"fullName":"Settings Component Profile Information Section renders Email Address input with default value","status":"passed","title":"renders Email Address input with default value","duration":138.40211399999953,"failureMessages":[],"meta":{}},{"ancestorTitles":["Settings Component","Profile Information Section"],"fullName":"Settings Component Profile Information Section renders Save Changes button","status":"passed","title":"renders Save Changes button","duration":242.29358599999978,"failureMessages":[],"meta":{}},{"ancestorTitles":["Settings Component","Profile Information Section"],"fullName":"Settings Component Profile Information Section all profile inputs have correct styling classes","status":"passed","title":"all profile inputs have correct styling classes","duration":128.57937800000036,"failureMessages":[],"meta":{}},{"ancestorTitles":["Settings Component","Profile Form Interactions"],"fullName":"Settings Component Profile Form Interactions allows typing in First Name input","status":"passed","title":"allows typing in First Name input","duration":259.2496770000007,"failureMessages":[],"meta":{}},{"ancestorTitles":["Settings Component","Profile Form Interactions"],"fullName":"Settings Component Profile Form Interactions allows typing in Last Name input","status":"passed","title":"allows typing in Last Name input","duration":210.75876499999958,"failureMessages":[],"meta":{}},{"ancestorTitles":["Settings Component","Profile Form Interactions"],"fullName":"Settings Component Profile Form Interactions allows typing in Email input","status":"passed","title":"allows typing in Email input","duration":249.13862400000016,"failureMessages":[],"meta":{}},{"ancestorTitles":["Settings Component","Profile Form Interactions"],"fullName":"Settings Component Profile Form Interactions allows typing in Last Name input","status":"passed","title":"allows typing in Last Name input","duration":189.74406,"failureMessages":[],"meta":{}},{"ancestorTitles":["Settings Component","Profile Form Interactions"],"fullName":"Settings Component Profile Form Interactions allows typing in Email input","status":"passed","title":"allows typing in Email input","duration":221.67519600000105,"failureMessages":[],"meta":{}},{"ancestorTitles":["Settings Component","Profile Form Interactions"],"fullName":"Settings Component Profile Form Interactions profile avatar shows edit icon on hover","status":"passed","title":"profile avatar shows edit icon on hover","duration":51.972992000000886,"failureMessages":[],"meta":{}},{"ancestorTitles":["Settings Component","Profile Form Interactions"],"fullName":"Settings Component Profile Form Interactions Save Changes button is clickable","status":"passed","title":"Save Changes button is clickable","duration":257.5937979999999,"failureMessages":[],"meta":{}},{"ancestorTitles":["Settings Component","App Preferences Section"],"fullName":"Settings Component App Preferences Section renders App Preferences section","status":"passed","title":"renders App Preferences section","duration":263.80092700000023,"failureMessages":[],"meta":{}},{"ancestorTitles":["Settings Component","App Preferences Section"],"fullName":"Settings Component App Preferences Section renders preferences section description","status":"passed","title":"renders preferences section description","duration":54.04475700000148,"failureMessages":[],"meta":{}},{"ancestorTitles":["Settings Component","App Preferences Section"],"fullName":"Settings Component App Preferences Section renders Email Notifications toggle with label","status":"passed","title":"renders Email Notifications toggle with label","duration":56.48115600000165,"failureMessages":[],"meta":{}},{"ancestorTitles":["Settings Component","App Preferences Section"],"fullName":"Settings Component App Preferences Section renders Dark Mode toggle with label","status":"passed","title":"renders Dark Mode toggle with label","duration":59.586897999999564,"failureMessages":[],"meta":{}},{"ancestorTitles":["Settings Component","App Preferences Section"],"fullName":"Settings Component App Preferences Section renders Auto-Save toggle with label","status":"passed","title":"renders Auto-Save toggle with label","duration":64.86707000000024,"failureMessages":[],"meta":{}},{"ancestorTitles":["Settings Component","Preference Toggle Interactions"],"fullName":"Settings Component Preference Toggle Interactions Email Notifications toggle is checked by default","status":"passed","title":"Email Notifications toggle is checked by default","duration":127.67317399999956,"failureMessages":[],"meta":{}},{"ancestorTitles":["Settings Component","Preference Toggle Interactions"],"fullName":"Settings Component Preference Toggle Interactions Dark Mode toggle is unchecked by default","status":"passed","title":"Dark Mode toggle is unchecked by default","duration":109.92350699999952,"failureMessages":[],"meta":{}},{"ancestorTitles":["Settings Component","Preference Toggle Interactions"],"fullName":"Settings Component Preference Toggle Interactions Auto-Save toggle is checked by default","status":"passed","title":"Auto-Save toggle is checked by default","duration":126.73452299999917,"failureMessages":[],"meta":{}},{"ancestorTitles":["Settings Component","Preference Toggle Interactions"],"fullName":"Settings Component Preference Toggle Interactions Email Notifications toggle can be unchecked","status":"passed","title":"Email Notifications toggle can be unchecked","duration":120.0664770000003,"failureMessages":[],"meta":{}},{"ancestorTitles":["Settings Component","Preference Toggle Interactions"],"fullName":"Settings Component Preference Toggle Interactions Email Notifications toggle can be checked again","status":"passed","title":"Email Notifications toggle can be checked again","duration":184.96657799999957,"failureMessages":[],"meta":{}},{"ancestorTitles":["Settings Component","Preference Toggle Interactions"],"fullName":"Settings Component Preference Toggle Interactions Dark Mode toggle can be checked","status":"passed","title":"Dark Mode toggle can be checked","duration":136.31273599999986,"failureMessages":[],"meta":{}},{"ancestorTitles":["Settings Component","Preference Toggle Interactions"],"fullName":"Settings Component Preference Toggle Interactions Auto-Save toggle can be unchecked","status":"passed","title":"Auto-Save toggle can be unchecked","duration":129.71514500000012,"failureMessages":[],"meta":{}},{"ancestorTitles":["Settings Component","Preference Toggle Interactions"],"fullName":"Settings Component Preference Toggle Interactions all toggle switches have correct styling structure","status":"passed","title":"all toggle switches have correct styling structure","duration":105.29158800000005,"failureMessages":[],"meta":{}},{"ancestorTitles":["Settings Component","Danger Zone Section"],"fullName":"Settings Component Danger Zone Section renders Danger Zone section","status":"passed","title":"renders Danger Zone section","duration":300.0459640000008,"failureMessages":[],"meta":{}},{"ancestorTitles":["Settings Component","Danger Zone Section"],"fullName":"Settings Component Danger Zone Section renders danger zone description","status":"passed","title":"renders danger zone description","duration":51.08822300000065,"failureMessages":[],"meta":{}},{"ancestorTitles":["Settings Component","Danger Zone Section"],"fullName":"Settings Component Danger Zone Section renders Delete Account option","status":"passed","title":"renders Delete Account option","duration":52.499659999999494,"failureMessages":[],"meta":{}},{"ancestorTitles":["Settings Component","Danger Zone Section"],"fullName":"Settings Component Danger Zone Section renders Delete Account button","status":"passed","title":"renders Delete Account button","duration":238.51650899999913,"failureMessages":[],"meta":{}},{"ancestorTitles":["Settings Component","Danger Zone Section"],"fullName":"Settings Component Danger Zone Section Delete Account button has hover effect styling","status":"passed","title":"Delete Account button has hover effect styling","duration":224.50846499999898,"failureMessages":[],"meta":{}},{"ancestorTitles":["Settings Component","Section Styling and Layout"],"fullName":"Settings Component Section Styling and Layout main container has correct background and layout","status":"passed","title":"main container has correct background and layout","duration":47.60474500000055,"failureMessages":[],"meta":{}},{"ancestorTitles":["Settings Component","Section Styling and Layout"],"fullName":"Settings Component Section Styling and Layout header is sticky at top","status":"passed","title":"header is sticky at top","duration":50.075777000000016,"failureMessages":[],"meta":{}},{"ancestorTitles":["Settings Component","Section Styling and Layout"],"fullName":"Settings Component Section Styling and Layout all sections have correct container styling","status":"passed","title":"all sections have correct container styling","duration":47.763849999999366,"failureMessages":[],"meta":{}},{"ancestorTitles":["Settings Component","Section Styling and Layout"],"fullName":"Settings Component Section Styling and Layout content has max-width constraint","status":"passed","title":"content has max-width constraint","duration":55.49683499999992,"failureMessages":[],"meta":{}},{"ancestorTitles":["Settings Component","Section Styling and Layout"],"fullName":"Settings Component Section Styling and Layout sections are vertically spaced","status":"passed","title":"sections are vertically spaced","duration":51.73275499999909,"failureMessages":[],"meta":{}},{"ancestorTitles":["Settings Component","Accessibility"],"fullName":"Settings Component Accessibility all form inputs have associated labels","status":"passed","title":"all form inputs have associated labels","duration":126.74215399999957,"failureMessages":[],"meta":{}},{"ancestorTitles":["Settings Component","Accessibility"],"fullName":"Settings Component Accessibility checkboxes are properly labeled by their parent structure","status":"passed","title":"checkboxes are properly labeled by their parent structure","duration":113.70182199999908,"failureMessages":[],"meta":{}},{"ancestorTitles":["Settings Component","Accessibility"],"fullName":"Settings Component Accessibility buttons are identifiable by their text content","status":"passed","title":"buttons are identifiable by their text content","duration":253.78695899999911,"failureMessages":[],"meta":{}},{"ancestorTitles":["Settings Component","Accessibility"],"fullName":"Settings Component Accessibility notifications icon has proper aria labeling through text content","status":"passed","title":"notifications icon has proper aria labeling through text content","duration":51.70900400000028,"failureMessages":[],"meta":{}},{"ancestorTitles":["Settings Component","Component Structure"],"fullName":"Settings Component Component Structure contains exactly 3 main sections","status":"passed","title":"contains exactly 3 main sections","duration":57.242652999999336,"failureMessages":[],"meta":{}},{"ancestorTitles":["Settings Component","Component Structure"],"fullName":"Settings Component Component Structure renders all form-related buttons/inputs correctly","status":"passed","title":"renders all form-related buttons/inputs correctly","duration":282.2918919999993,"failureMessages":[],"meta":{}},{"ancestorTitles":["Settings Component","Component Structure"],"fullName":"Settings Component Component Structure all headings are properly structured","status":"passed","title":"all headings are properly structured","duration":259.73895300000004,"failureMessages":[],"meta":{}},{"ancestorTitles":["Settings Component","Default Values Consistency"],"fullName":"Settings Component Default Values Consistency profile form has consistent default values","status":"passed","title":"profile form has consistent default values","duration":103.63823799999955,"failureMessages":[],"meta":{}},{"ancestorTitles":["Settings Component","Default Values Consistency"],"fullName":"Settings Component Default Values Consistency toggles have correct initial states","status":"passed","title":"toggles have correct initial states","duration":112.73157799999899,"failureMessages":[],"meta":{}},{"ancestorTitles":["Settings Component","Responsive Design Classes"],"fullName":"Settings Component Responsive Design Classes name inputs use responsive grid layout","status":"passed","title":"name inputs use responsive grid layout","duration":61.393912999999884,"failureMessages":[],"meta":{}},{"ancestorTitles":["Settings Component","Responsive Design Classes"],"fullName":"Settings Component Responsive Design Classes form inputs maintain responsive sizing","status":"passed","title":"form inputs maintain responsive sizing","duration":115.78019300000051,"failureMessages":[],"meta":{}}],"startTime":1773310142614,"endTime":1773310150666.7803,"status":"passed","message":"","name":"/app/pages/Settings.test.tsx"},{"assertionResults":[{"ancestorTitles":["useAuth Hook","login"],"fullName":"useAuth Hook login successfully logs in a user","status":"passed","title":"successfully logs in a user","duration":24.05409500000019,"failureMessages":[],"meta":{}},{"ancestorTitles":["useAuth Hook","login"],"fullName":"useAuth Hook login handles login errors gracefully","status":"passed","title":"handles login errors gracefully","duration":4.048082000000022,"failureMessages":[],"meta":{}},{"ancestorTitles":["useAuth Hook","register"],"fullName":"useAuth Hook register successfully registers a new user","status":"passed","title":"successfully registers a new user","duration":3.6751580000000104,"failureMessages":[],"meta":{}},{"ancestorTitles":["useAuth Hook","logout"],"fullName":"useAuth Hook logout successfully logs out a user","status":"passed","title":"successfully logs out a user","duration":2.8988110000000233,"failureMessages":[],"meta":{}},{"ancestorTitles":["useAuth Hook","clearError"],"fullName":"useAuth Hook clearError clears authentication error","status":"passed","title":"clears authentication error","duration":3.3237779999999475,"failureMessages":[],"meta":{}},{"ancestorTitles":["useAuth Hook","returned values"],"fullName":"useAuth Hook returned values returns all expected properties","status":"passed","title":"returns all expected properties","duration":2.270334999999932,"failureMessages":[],"meta":{}}],"startTime":1773310202749,"endTime":1773310202790.2703,"status":"passed","message":"","name":"/app/hooks/useAuth.test.ts"},{"assertionResults":[{"ancestorTitles":["useFocus"],"fullName":"useFocus should return ref and control functions","status":"passed","title":"should return ref and control functions","duration":19.52763099999993,"failureMessages":[],"meta":{}},{"ancestorTitles":["useFocus"],"fullName":"useFocus should set focus when setFocus is called","status":"passed","title":"should set focus when setFocus is called","duration":4.585051999999905,"failureMessages":[],"meta":{}},{"ancestorTitles":["useFocus"],"fullName":"useFocus should blur element when blur is called","status":"passed","title":"should blur element when blur is called","duration":3.40897700000005,"failureMessages":[],"meta":{}},{"ancestorTitles":["useFocus"],"fullName":"useFocus should save current active element","status":"passed","title":"should save current active element","duration":4.901348000000098,"failureMessages":[],"meta":{}}],"startTime":1773310206342,"endTime":1773310206374.9014,"status":"passed","message":"","name":"/app/hooks/useFocus.test.ts"},{"assertionResults":[{"ancestorTitles":["useFocusTrap"],"fullName":"useFocusTrap should return ref and control functions","status":"passed","title":"should return ref and control functions","duration":23.165160999999898,"failureMessages":[],"meta":{}},{"ancestorTitles":["useFocusTrap"],"fullName":"useFocusTrap should activate focus trap and focus first element","status":"passed","title":"should activate focus trap and focus first element","duration":218.75584700000013,"failureMessages":[],"meta":{}},{"ancestorTitles":["useFocusTrap"],"fullName":"useFocusTrap should return focus to previous element on deactivate","status":"passed","title":"should return focus to previous element on deactivate","duration":51.37948299999994,"failureMessages":[],"meta":{}},{"ancestorTitles":["useFocusTrap"],"fullName":"useFocusTrap should not return focus when returnFocusOnDeactivate is false","status":"passed","title":"should not return focus when returnFocusOnDeactivate is false","duration":33.66697699999986,"failureMessages":[],"meta":{}},{"ancestorTitles":["useFocusTrap"],"fullName":"useFocusTrap should filter disabled elements from focusable elements","status":"passed","title":"should filter disabled elements from focusable elements","duration":30.855084999999917,"failureMessages":[],"meta":{}},{"ancestorTitles":["useFocusTrap"],"fullName":"useFocusTrap should filter aria-hidden elements from focusable elements","status":"passed","title":"should filter aria-hidden elements from focusable elements","duration":29.861715000000004,"failureMessages":[],"meta":{}}],"startTime":1773310188492,"endTime":1773310188880.8618,"status":"passed","message":"","name":"/app/hooks/useFocusTrap.test.ts"},{"assertionResults":[{"ancestorTitles":["useGeneratePackage Hook","initialization"],"fullName":"useGeneratePackage Hook initialization initializes with default state","status":"passed","title":"initializes with default state","duration":22.496009999999842,"failureMessages":[],"meta":{}},{"ancestorTitles":["useGeneratePackage Hook","generatePackage"],"fullName":"useGeneratePackage Hook generatePackage successfully generates a tailored resume","status":"passed","title":"successfully generates a tailored resume","duration":12.139136000000008,"failureMessages":[],"meta":{}},{"ancestorTitles":["useGeneratePackage Hook","generatePackage"],"fullName":"useGeneratePackage Hook generatePackage sets loading state during generation","status":"passed","title":"sets loading state during generation","duration":0.7310789999999088,"failureMessages":[],"meta":{}},{"ancestorTitles":["useGeneratePackage Hook","generatePackage"],"fullName":"useGeneratePackage Hook generatePackage handles API errors","status":"passed","title":"handles API errors","duration":5.119003000000021,"failureMessages":[],"meta":{}},{"ancestorTitles":["useGeneratePackage Hook","generatePackage"],"fullName":"useGeneratePackage Hook generatePackage auto-saves tailored resume to localStorage","status":"passed","title":"auto-saves tailored resume to localStorage","duration":6.286022000000003,"failureMessages":[],"meta":{}},{"ancestorTitles":["useGeneratePackage Hook","generatePackage"],"fullName":"useGeneratePackage Hook generatePackage uses correct API endpoint","status":"passed","title":"uses correct API endpoint","duration":9.862051000000065,"failureMessages":[],"meta":{}},{"ancestorTitles":["useGeneratePackage Hook","downloadPDF"],"fullName":"useGeneratePackage Hook downloadPDF downloads PDF successfully","status":"passed","title":"downloads PDF successfully","duration":8.385852999999997,"failureMessages":[],"meta":{}},{"ancestorTitles":["useGeneratePackage Hook","downloadPDF"],"fullName":"useGeneratePackage Hook downloadPDF handles PDF download errors","status":"passed","title":"handles PDF download errors","duration":3.3997150000000147,"failureMessages":[],"meta":{}},{"ancestorTitles":["useGeneratePackage Hook","downloadPDF"],"fullName":"useGeneratePackage Hook downloadPDF uses correct PDF endpoint","status":"passed","title":"uses correct PDF endpoint","duration":3.553286999999955,"failureMessages":[],"meta":{}},{"ancestorTitles":["useGeneratePackage Hook","renderMarkdown"],"fullName":"useGeneratePackage Hook renderMarkdown renders markdown preview","status":"passed","title":"renders markdown preview","duration":3.638106000000107,"failureMessages":[],"meta":{}},{"ancestorTitles":["useGeneratePackage Hook","renderMarkdown"],"fullName":"useGeneratePackage Hook renderMarkdown handles markdown rendering errors","status":"passed","title":"handles markdown rendering errors","duration":3.511549999999943,"failureMessages":[],"meta":{}},{"ancestorTitles":["useGeneratePackage Hook","renderMarkdown"],"fullName":"useGeneratePackage Hook renderMarkdown uses correct markdown endpoint","status":"passed","title":"uses correct markdown endpoint","duration":2.455797999999959,"failureMessages":[],"meta":{}},{"ancestorTitles":["useGeneratePackage Hook","generateCoverLetterRequest"],"fullName":"useGeneratePackage Hook generateCoverLetterRequest generates cover letter successfully","status":"passed","title":"generates cover letter successfully","duration":2.332345999999916,"failureMessages":[],"meta":{}},{"ancestorTitles":["useGeneratePackage Hook","generateCoverLetterRequest"],"fullName":"useGeneratePackage Hook generateCoverLetterRequest handles cover letter generation errors","status":"passed","title":"handles cover letter generation errors","duration":2.139212999999927,"failureMessages":[],"meta":{}},{"ancestorTitles":["useGeneratePackage Hook","generateCoverLetterRequest"],"fullName":"useGeneratePackage Hook generateCoverLetterRequest sets loading state during cover letter generation","status":"passed","title":"sets loading state during cover letter generation","duration":53.88168800000017,"failureMessages":[],"meta":{}},{"ancestorTitles":["useGeneratePackage Hook","generateCoverLetterRequest"],"fullName":"useGeneratePackage Hook generateCoverLetterRequest uses correct cover letter endpoint","status":"passed","title":"uses correct cover letter endpoint","duration":2.269211000000041,"failureMessages":[],"meta":{}},{"ancestorTitles":["useGeneratePackage Hook","saveResume"],"fullName":"useGeneratePackage Hook saveResume saves resume to localStorage","status":"passed","title":"saves resume to localStorage","duration":2.3172389999999723,"failureMessages":[],"meta":{}},{"ancestorTitles":["useGeneratePackage Hook","saveResume"],"fullName":"useGeneratePackage Hook saveResume sets lastSaved timestamp","status":"passed","title":"sets lastSaved timestamp","duration":2.0744649999999183,"failureMessages":[],"meta":{}},{"ancestorTitles":["useGeneratePackage Hook","saveResume"],"fullName":"useGeneratePackage Hook saveResume removes draft after saving","status":"passed","title":"removes draft after saving","duration":1.7140830000000733,"failureMessages":[],"meta":{}},{"ancestorTitles":["useGeneratePackage Hook","saveDraft"],"fullName":"useGeneratePackage Hook saveDraft saves draft to localStorage","status":"passed","title":"saves draft to localStorage","duration":1.9587779999999384,"failureMessages":[],"meta":{}},{"ancestorTitles":["useGeneratePackage Hook","loadDraft"],"fullName":"useGeneratePackage Hook loadDraft loads draft from localStorage","status":"passed","title":"loads draft from localStorage","duration":1.7581800000000385,"failureMessages":[],"meta":{}},{"ancestorTitles":["useGeneratePackage Hook","loadDraft"],"fullName":"useGeneratePackage Hook loadDraft returns null if no draft exists","status":"passed","title":"returns null if no draft exists","duration":1.4063289999999142,"failureMessages":[],"meta":{}},{"ancestorTitles":["useGeneratePackage Hook","loadDraft"],"fullName":"useGeneratePackage Hook loadDraft returns null on invalid draft data","status":"passed","title":"returns null on invalid draft data","duration":10.51283599999988,"failureMessages":[],"meta":{}},{"ancestorTitles":["useGeneratePackage Hook","clearSavedData"],"fullName":"useGeneratePackage Hook clearSavedData clears all saved data","status":"passed","title":"clears all saved data","duration":1.6995060000001558,"failureMessages":[],"meta":{}},{"ancestorTitles":["useGeneratePackage Hook","clearSavedData"],"fullName":"useGeneratePackage Hook clearSavedData resets component state","status":"passed","title":"resets component state","duration":2.088952000000063,"failureMessages":[],"meta":{}},{"ancestorTitles":["useGeneratePackage Hook","testConnection"],"fullName":"useGeneratePackage Hook testConnection returns true on successful connection","status":"passed","title":"returns true on successful connection","duration":1.8243239999999332,"failureMessages":[],"meta":{}},{"ancestorTitles":["useGeneratePackage Hook","testConnection"],"fullName":"useGeneratePackage Hook testConnection returns false on connection failure","status":"passed","title":"returns false on connection failure","duration":2.8162180000001626,"failureMessages":[],"meta":{}},{"ancestorTitles":["useGeneratePackage Hook","testConnection"],"fullName":"useGeneratePackage Hook testConnection uses health endpoint","status":"passed","title":"uses health endpoint","duration":1.6719399999999496,"failureMessages":[],"meta":{}},{"ancestorTitles":["useGeneratePackage Hook","clearError"],"fullName":"useGeneratePackage Hook clearError clears error state","status":"passed","title":"clears error state","duration":4.901716999999962,"failureMessages":[],"meta":{}},{"ancestorTitles":["convertToResumeData"],"fullName":"convertToResumeData converts SimpleResumeData to ResumeData format","status":"passed","title":"converts SimpleResumeData to ResumeData format","duration":1.5574549999998908,"failureMessages":[],"meta":{}},{"ancestorTitles":["convertToResumeData"],"fullName":"convertToResumeData handles empty data gracefully","status":"passed","title":"handles empty data gracefully","duration":0.2788509999998041,"failureMessages":[],"meta":{}},{"ancestorTitles":["convertToResumeData"],"fullName":"convertToResumeData maps all required fields correctly","status":"passed","title":"maps all required fields correctly","duration":0.47523899999987407,"failureMessages":[],"meta":{}},{"ancestorTitles":["convertToResumeData"],"fullName":"convertToResumeData preserves optional fields","status":"passed","title":"preserves optional fields","duration":0.1834390000001349,"failureMessages":[],"meta":{}}],"startTime":1773310192540,"endTime":1773310192723.4753,"status":"passed","message":"","name":"/app/hooks/useGeneratePackage.test.ts"},{"assertionResults":[{"ancestorTitles":["useGlobalErrors Hook"],"fullName":"useGlobalErrors Hook should initialize with no current error","status":"passed","title":"should initialize with no current error","duration":20.20778099999984,"failureMessages":[],"meta":{}},{"ancestorTitles":["useGlobalErrors Hook"],"fullName":"useGlobalErrors Hook should subscribe to error handler on mount","status":"passed","title":"should subscribe to error handler on mount","duration":3.821125999999822,"failureMessages":[],"meta":{}},{"ancestorTitles":["useGlobalErrors Hook"],"fullName":"useGlobalErrors Hook should update current error when new error occurs","status":"passed","title":"should update current error when new error occurs","duration":7.389586999999892,"failureMessages":[],"meta":{}},{"ancestorTitles":["useGlobalErrors Hook"],"fullName":"useGlobalErrors Hook should update error history when new error occurs","status":"passed","title":"should update error history when new error occurs","duration":4.036918000000014,"failureMessages":[],"meta":{}},{"ancestorTitles":["useGlobalErrors Hook"],"fullName":"useGlobalErrors Hook should dismiss current error","status":"passed","title":"should dismiss current error","duration":3.5663350000002083,"failureMessages":[],"meta":{}},{"ancestorTitles":["useGlobalErrors Hook"],"fullName":"useGlobalErrors Hook should clear error history","status":"passed","title":"should clear error history","duration":3.0541639999999006,"failureMessages":[],"meta":{}},{"ancestorTitles":["useGlobalErrors Hook"],"fullName":"useGlobalErrors Hook should handle network errors","status":"passed","title":"should handle network errors","duration":3.3416279999999006,"failureMessages":[],"meta":{}},{"ancestorTitles":["useGlobalErrors Hook"],"fullName":"useGlobalErrors Hook should handle validation errors","status":"passed","title":"should handle validation errors","duration":1.9128390000000763,"failureMessages":[],"meta":{}},{"ancestorTitles":["useGlobalErrors Hook"],"fullName":"useGlobalErrors Hook should handle auth errors","status":"passed","title":"should handle auth errors","duration":3.0208070000001044,"failureMessages":[],"meta":{}},{"ancestorTitles":["useGlobalErrors Hook"],"fullName":"useGlobalErrors Hook should handle permission errors","status":"passed","title":"should handle permission errors","duration":2.2677470000000994,"failureMessages":[],"meta":{}},{"ancestorTitles":["useGlobalErrors Hook"],"fullName":"useGlobalErrors Hook should handle not found errors","status":"passed","title":"should handle not found errors","duration":1.728116,"failureMessages":[],"meta":{}},{"ancestorTitles":["useGlobalErrors Hook"],"fullName":"useGlobalErrors Hook should handle server errors","status":"passed","title":"should handle server errors","duration":1.4963599999998678,"failureMessages":[],"meta":{}},{"ancestorTitles":["useGlobalErrors Hook"],"fullName":"useGlobalErrors Hook should handle timeout errors","status":"passed","title":"should handle timeout errors","duration":1.6900040000000445,"failureMessages":[],"meta":{}},{"ancestorTitles":["useGlobalErrors Hook"],"fullName":"useGlobalErrors Hook should unsubscribe on unmount","status":"passed","title":"should unsubscribe on unmount","duration":1.4019049999999424,"failureMessages":[],"meta":{}}],"startTime":1773310198755,"endTime":1773310198814.4019,"status":"passed","message":"","name":"/app/hooks/useGlobalErrors.test.ts"},{"assertionResults":[{"ancestorTitles":["useTheme Hook"],"fullName":"useTheme Hook returns theme and helper functions","status":"passed","title":"returns theme and helper functions","duration":26.80582500000014,"failureMessages":[],"meta":{}},{"ancestorTitles":["useTheme Hook"],"fullName":"useTheme Hook correctly determines isDark","status":"passed","title":"correctly determines isDark","duration":3.6309870000000046,"failureMessages":[],"meta":{}},{"ancestorTitles":["useTheme Hook"],"fullName":"useTheme Hook correctly determines isLight","status":"passed","title":"correctly determines isLight","duration":3.741815000000088,"failureMessages":[],"meta":{}},{"ancestorTitles":["useTheme Hook"],"fullName":"useTheme Hook adds dark class when theme is dark","status":"passed","title":"adds dark class when theme is dark","duration":4.350918999999976,"failureMessages":[],"meta":{}},{"ancestorTitles":["useTheme Hook"],"fullName":"useTheme Hook removes dark class when theme is light","status":"passed","title":"removes dark class when theme is light","duration":3.758835999999974,"failureMessages":[],"meta":{}},{"ancestorTitles":["useTheme Hook"],"fullName":"useTheme Hook saves theme to localStorage","status":"passed","title":"saves theme to localStorage","duration":2.289498000000094,"failureMessages":[],"meta":{}},{"ancestorTitles":["useTheme Hook"],"fullName":"useTheme Hook loads theme from localStorage on mount","status":"passed","title":"loads theme from localStorage on mount","duration":2.34078599999998,"failureMessages":[],"meta":{}},{"ancestorTitles":["useTheme Hook"],"fullName":"useTheme Hook does not load invalid theme from localStorage","status":"passed","title":"does not load invalid theme from localStorage","duration":2.4130660000000717,"failureMessages":[],"meta":{}},{"ancestorTitles":["useTheme Hook"],"fullName":"useTheme Hook prefers system dark mode when no stored theme","status":"passed","title":"prefers system dark mode when no stored theme","duration":3.63795099999993,"failureMessages":[],"meta":{}},{"ancestorTitles":["useTheme Hook"],"fullName":"useTheme Hook prefers system light mode when no stored theme","status":"passed","title":"prefers system light mode when no stored theme","duration":2.1443510000001424,"failureMessages":[],"meta":{}},{"ancestorTitles":["useTheme Hook"],"fullName":"useTheme Hook listens to system theme changes when no stored theme","status":"passed","title":"listens to system theme changes when no stored theme","duration":1.8767609999999877,"failureMessages":[],"meta":{}},{"ancestorTitles":["useTheme Hook"],"fullName":"useTheme Hook does not listen to system theme changes when theme is stored","status":"passed","title":"does not listen to system theme changes when theme is stored","duration":1.5860620000000836,"failureMessages":[],"meta":{}},{"ancestorTitles":["useTheme Hook"],"fullName":"useTheme Hook calls toggleTheme when toggleTheme is called","status":"passed","title":"calls toggleTheme when toggleTheme is called","duration":1.4978369999998904,"failureMessages":[],"meta":{}},{"ancestorTitles":["useTheme Hook"],"fullName":"useTheme Hook calls setTheme when setTheme is called","status":"passed","title":"calls setTheme when setTheme is called","duration":1.782709000000068,"failureMessages":[],"meta":{}},{"ancestorTitles":["useTheme Hook"],"fullName":"useTheme Hook updates DOM class when theme changes","status":"passed","title":"updates DOM class when theme changes","duration":2.720600000000104,"failureMessages":[],"meta":{}},{"ancestorTitles":["useTheme Hook"],"fullName":"useTheme Hook updates localStorage when theme changes","status":"passed","title":"updates localStorage when theme changes","duration":1.9269729999998617,"failureMessages":[],"meta":{}}],"startTime":1773310198866,"endTime":1773310198932.927,"status":"passed","message":"","name":"/app/hooks/useTheme.test.ts"},{"assertionResults":[{"ancestorTitles":["useVariants Hook","initial state"],"fullName":"useVariants Hook initial state starts with loading true","status":"passed","title":"starts with loading true","duration":20.97044199999982,"failureMessages":[],"meta":{}},{"ancestorTitles":["useVariants Hook","initial state"],"fullName":"useVariants Hook initial state starts with no variants","status":"passed","title":"starts with no variants","duration":55.743741999999884,"failureMessages":[],"meta":{}},{"ancestorTitles":["useVariants Hook","successful fetch"],"fullName":"useVariants Hook successful fetch fetches variants on mount","status":"passed","title":"fetches variants on mount","duration":55.514082000000144,"failureMessages":[],"meta":{}},{"ancestorTitles":["useVariants Hook","successful fetch"],"fullName":"useVariants Hook successful fetch uses correct API endpoint","status":"passed","title":"uses correct API endpoint","duration":6.29160499999989,"failureMessages":[],"meta":{}},{"ancestorTitles":["useVariants Hook","successful fetch"],"fullName":"useVariants Hook successful fetch includes API key in headers if available","status":"passed","title":"includes API key in headers if available","duration":3.7329330000000027,"failureMessages":[],"meta":{}},{"ancestorTitles":["useVariants Hook","error handling"],"fullName":"useVariants Hook error handling handles API error responses","status":"passed","title":"handles API error responses","duration":53.88428899999985,"failureMessages":[],"meta":{}},{"ancestorTitles":["useVariants Hook","error handling"],"fullName":"useVariants Hook error handling handles network errors","status":"passed","title":"handles network errors","duration":55.521338000000014,"failureMessages":[],"meta":{}},{"ancestorTitles":["useVariants Hook","error handling"],"fullName":"useVariants Hook error handling provides fallback variant on error","status":"passed","title":"provides fallback variant on error","duration":55.278904999999895,"failureMessages":[],"meta":{}},{"ancestorTitles":["useVariants Hook","error handling"],"fullName":"useVariants Hook error handling handles invalid JSON response","status":"passed","title":"handles invalid JSON response","duration":55.89533500000016,"failureMessages":[],"meta":{}},{"ancestorTitles":["useVariants Hook","refetch functionality"],"fullName":"useVariants Hook refetch functionality provides refetch function","status":"passed","title":"provides refetch function","duration":8.731802000000016,"failureMessages":[],"meta":{}},{"ancestorTitles":["useVariants Hook","refetch functionality"],"fullName":"useVariants Hook refetch functionality refetch updates data","status":"passed","title":"refetch updates data","duration":4.780528000000004,"failureMessages":[],"meta":{}}],"startTime":1773310189522,"endTime":1773310189899.7805,"status":"passed","message":"","name":"/app/hooks/useVariants.test.ts"},{"assertionResults":[{"ancestorTitles":["WebSocketMessageType"],"fullName":"WebSocketMessageType should define CONNECT type","status":"passed","title":"should define CONNECT type","duration":1.550177000000076,"failureMessages":[],"meta":{}},{"ancestorTitles":["WebSocketMessageType"],"fullName":"WebSocketMessageType should define DISCONNECT typ
[...]
eractions calls onAdd when add button is clicked","status":"passed","title":"calls onAdd when add button is clicked","duration":237.49783300000013,"failureMessages":[],"meta":{}},{"ancestorTitles":["ExperienceSection","User Interactions"],"fullName":"ExperienceSection User Interactions calls onShowCommentPanel when comment button is clicked","status":"passed","title":"calls onShowCommentPanel when comment button is clicked","duration":109.23719699999992,"failureMessages":[],"meta":{}},{"ancestorTitles":["ExperienceSection","User Interactions"],"fullName":"ExperienceSection User Interactions renders ExperienceItem components for each experience","status":"passed","title":"renders ExperienceItem components for each experience","duration":10.650577999999996,"failureMessages":[],"meta":{}},{"ancestorTitles":["ExperienceSection","Expand State"],"fullName":"ExperienceSection Expand State passes correct expand state to ExperienceItem","status":"passed","title":"passes correct expand state to ExperienceItem","duration":20.912489999999707,"failureMessages":[],"meta":{}},{"ancestorTitles":["ExperienceSection","Drag and Drop"],"fullName":"ExperienceSection Drag and Drop renders draggable elements","status":"passed","title":"renders draggable elements","duration":19.037151999999878,"failureMessages":[],"meta":{}},{"ancestorTitles":["ExperienceSection","Drag and Drop"],"fullName":"ExperienceSection Drag and Drop applies drag styling when item is being dragged","status":"passed","title":"applies drag styling when item is being dragged","duration":9.364778999999999,"failureMessages":[],"meta":{}},{"ancestorTitles":["ExperienceSection","Drag and Drop"],"fullName":"ExperienceSection Drag and Drop applies drop target styling when hovering over item","status":"passed","title":"applies drop target styling when hovering over item","duration":9.079115000000002,"failureMessages":[],"meta":{}},{"ancestorTitles":["ExperienceSection","Callbacks"],"fullName":"ExperienceSection Callbacks renders without crashing when all callbacks are provided","status":"passed","title":"renders without crashing when all callbacks are provided","duration":11.589571999999862,"failureMessages":[],"meta":{}}],"startTime":1773310186493,"endTime":1773310187028.5896,"status":"passed","message":"","name":"/app/tests/components/editor/ExperienceSection.test.tsx"},{"assertionResults":[{"ancestorTitles":["ProjectItem Component","Rendering"],"fullName":"ProjectItem Component Rendering should render collapsed state correctly","status":"passed","title":"should render collapsed state correctly","duration":54.99510800000007,"failureMessages":[],"meta":{}},{"ancestorTitles":["ProjectItem Component","Rendering"],"fullName":"ProjectItem Component Rendering should render expanded state with all form fields","status":"passed","title":"should render expanded state with all form fields","duration":20.351732999999967,"failureMessages":[],"meta":{}},{"ancestorTitles":["ProjectItem Component","Rendering"],"fullName":"ProjectItem Component Rendering should render delete button in collapsed state","status":"passed","title":"should render delete button in collapsed state","duration":298.07889,"failureMessages":[],"meta":{}},{"ancestorTitles":["ProjectItem Component","Rendering"],"fullName":"ProjectItem Component Rendering should render all fields when expanded","status":"passed","title":"should render all fields when expanded","duration":21.104112000000214,"failureMessages":[],"meta":{}},{"ancestorTitles":["ProjectItem Component","Rendering"],"fullName":"ProjectItem Component Rendering should render highlights when expanded","status":"passed","title":"should render highlights when expanded","duration":28.8074509999999,"failureMessages":[],"meta":{}},{"ancestorTitles":["ProjectItem Component","Rendering"],"fullName":"ProjectItem Component Rendering should render description editor","status":"passed","title":"should render description editor","duration":15.177042999999912,"failureMessages":[],"meta":{}},{"ancestorTitles":["ProjectItem Component","Toggle Expand"],"fullName":"ProjectItem Component Toggle Expand should call onToggleExpand when card header is clicked","status":"passed","title":"should call onToggleExpand when card header is clicked","duration":112.52222199999983,"failureMessages":[],"meta":{}},{"ancestorTitles":["ProjectItem Component","Toggle Expand"],"fullName":"ProjectItem Component Toggle Expand should toggle expand state on rerender","status":"passed","title":"should toggle expand state on rerender","duration":17.797407999999905,"failureMessages":[],"meta":{}},{"ancestorTitles":["ProjectItem Component","Toggle Expand"],"fullName":"ProjectItem Component Toggle Expand should show form fields only when expanded","status":"passed","title":"should show form fields only when expanded","duration":12.965127999999822,"failureMessages":[],"meta":{}},{"ancestorTitles":["ProjectItem Component","Delete Operations"],"fullName":"ProjectItem Component Delete Operations should call onDelete when delete button is clicked","status":"passed","title":"should call onDelete when delete button is clicked","duration":181.42248900000004,"failureMessages":[],"meta":{}},{"ancestorTitles":["ProjectItem Component","Delete Operations"],"fullName":"ProjectItem Component Delete Operations should stop event propagation on delete button click","status":"passed","title":"should stop event propagation on delete button click","duration":57.32515599999988,"failureMessages":[],"meta":{}},{"ancestorTitles":["ProjectItem Component","Field Updates"],"fullName":"ProjectItem Component Field Updates should update project name when input changes","status":"passed","title":"should update project name when input changes","duration":83.116896,"failureMessages":[],"meta":{}},{"ancestorTitles":["ProjectItem Component","Field Updates"],"fullName":"ProjectItem Component Field Updates should update description when editor changes","status":"passed","title":"should update description when editor changes","duration":10.365773999999874,"failureMessages":[],"meta":{}},{"ancestorTitles":["ProjectItem Component","Field Updates"],"fullName":"ProjectItem Component Field Updates should update start date when input changes","status":"passed","title":"should update start date when input changes","duration":95.81914400000005,"failureMessages":[],"meta":{}},{"ancestorTitles":["ProjectItem Component","Field Updates"],"fullName":"ProjectItem Component Field Updates should update end date when input changes","status":"passed","title":"should update end date when input changes","duration":85.15251500000022,"failureMessages":[],"meta":{}},{"ancestorTitles":["ProjectItem Component","Highlight Management"],"fullName":"ProjectItem Component Highlight Management should render all highlights","status":"passed","title":"should render all highlights","duration":21.44371000000001,"failureMessages":[],"meta":{}},{"ancestorTitles":["ProjectItem Component","Highlight Management"],"fullName":"ProjectItem Component Highlight Management should clear input after adding highlight","status":"passed","title":"should clear input after adding highlight","duration":82.01194900000019,"failureMessages":[],"meta":{}},{"ancestorTitles":["ProjectItem Component","Highlight Management"],"fullName":"ProjectItem Component Highlight Management should render highlight input field","status":"passed","title":"should render highlight input field","duration":17.041697000000113,"failureMessages":[],"meta":{}},{"ancestorTitles":["ProjectItem Component","Accessibility"],"fullName":"ProjectItem Component Accessibility should render label text for all form fields","status":"passed","title":"should render label text for all form fields","duration":15.897375000000011,"failureMessages":[],"meta":{}},{"ancestorTitles":["ProjectItem Component","Accessibility"],"fullName":"ProjectItem Component Accessibility should have accessible form inputs","status":"passed","title":"should have accessible form inputs","duration":144.14743899999985,"failureMessages":[],"meta":{}},{"ancestorTitles":["ProjectItem Component","Accessibility"],"fullName":"ProjectItem Component Accessibility should have accessible delete button","status":"passed","title":"should have accessible delete button","duration":47.087285000000065,"failureMessages":[],"meta":{}}],"startTime":1773310168410,"endTime":1773310169834.0874,"status":"passed","message":"","name":"/app/tests/components/editor/ProjectItem.test.tsx"},{"assertionResults":[{"ancestorTitles":["ProjectsSection","Rendering"],"fullName":"ProjectsSection Rendering renders section title correctly","status":"passed","title":"renders section title correctly","duration":58.299740000000156,"failureMessages":[],"meta":{}},{"ancestorTitles":["ProjectsSection","Rendering"],"fullName":"ProjectsSection Rendering renders projects count","status":"passed","title":"renders projects count","duration":9.846527000000151,"failureMessages":[],"meta":{}},{"ancestorTitles":["ProjectsSection","Rendering"],"fullName":"ProjectsSection Rendering renders add comment button","status":"passed","title":"renders add comment button","duration":9.76206000000002,"failureMessages":[],"meta":{}},{"ancestorTitles":["ProjectsSection","Rendering"],"fullName":"ProjectsSection Rendering renders add project button","status":"passed","title":"renders add project button","duration":9.331020999999964,"failureMessages":[],"meta":{}},{"ancestorTitles":["ProjectsSection","Rendering"],"fullName":"ProjectsSection Rendering renders empty state correctly","status":"passed","title":"renders empty state correctly","duration":5.8925389999999425,"failureMessages":[],"meta":{}},{"ancestorTitles":["ProjectsSection","User Interactions"],"fullName":"ProjectsSection User Interactions calls onAdd when add button is clicked","status":"passed","title":"calls onAdd when add button is clicked","duration":248.82971700000007,"failureMessages":[],"meta":{}},{"ancestorTitles":["ProjectsSection","User Interactions"],"fullName":"ProjectsSection User Interactions calls onShowCommentPanel when comment button is clicked","status":"passed","title":"calls onShowCommentPanel when comment button is clicked","duration":90.56374100000016,"failureMessages":[],"meta":{}},{"ancestorTitles":["ProjectsSection","User Interactions"],"fullName":"ProjectsSection User Interactions renders ProjectItem components for each project","status":"passed","title":"renders ProjectItem components for each project","duration":17.05294300000014,"failureMessages":[],"meta":{}},{"ancestorTitles":["ProjectsSection","Expand State"],"fullName":"ProjectsSection Expand State passes correct expand state to ProjectItem","status":"passed","title":"passes correct expand state to ProjectItem","duration":110.70101899999963,"failureMessages":[],"meta":{}},{"ancestorTitles":["ProjectsSection","Callbacks"],"fullName":"ProjectsSection Callbacks renders without crashing when all callbacks are provided","status":"passed","title":"renders without crashing when all callbacks are provided","duration":9.207941000000119,"failureMessages":[],"meta":{}}],"startTime":1773310182177,"endTime":1773310182747.208,"status":"passed","message":"","name":"/app/tests/components/editor/ProjectsSection.test.tsx"},{"assertionResults":[{"ancestorTitles":["RichTextEditor","Rendering"],"fullName":"RichTextEditor Rendering renders editor with content","status":"passed","title":"renders editor with content","duration":159.35173499999996,"failureMessages":[],"meta":{}},{"ancestorTitles":["RichTextEditor","Rendering"],"fullName":"RichTextEditor Rendering renders toolbar with formatting buttons","status":"passed","title":"renders toolbar with formatting buttons","duration":443.99720600000023,"failureMessages":[],"meta":{}},{"ancestorTitles":["RichTextEditor","Rendering"],"fullName":"RichTextEditor Rendering renders toolbar with correct roles","status":"passed","title":"renders toolbar with correct roles","duration":59.52485800000022,"failureMessages":[],"meta":{}},{"ancestorTitles":["RichTextEditor","Accessibility"],"fullName":"RichTextEditor Accessibility toolbar buttons have proper aria-labels","status":"passed","title":"toolbar buttons have proper aria-labels","duration":130.3534669999999,"failureMessages":[],"meta":{}},{"ancestorTitles":["RichTextEditor","Accessibility"],"fullName":"RichTextEditor Accessibility buttons have aria-pressed state","status":"passed","title":"buttons have aria-pressed state","duration":146.0796049999999,"failureMessages":[],"meta":{}},{"ancestorTitles":["RichTextEditor","Accessibility"],"fullName":"RichTextEditor Accessibility editor has textbox role and aria-label","status":"passed","title":"editor has textbox role and aria-label","duration":40.117161000000124,"failureMessages":[],"meta":{}},{"ancestorTitles":["RichTextEditor","User Interactions"],"fullName":"RichTextEditor User Interactions calls onChange when content is updated","status":"passed","title":"calls onChange when content is updated","duration":18.535881000000245,"failureMessages":[],"meta":{}},{"ancestorTitles":["RichTextEditor","User Interactions"],"fullName":"RichTextEditor User Interactions toggles bold formatting when button is clicked","status":"passed","title":"toggles bold formatting when button is clicked","duration":160.89663199999995,"failureMessages":[],"meta":{}},{"ancestorTitles":["RichTextEditor","Props"],"fullName":"RichTextEditor Props renders with custom placeholder","status":"passed","title":"renders with custom placeholder","duration":56.183672000000115,"failureMessages":[],"meta":{}},{"ancestorTitles":["RichTextEditor","Props"],"fullName":"RichTextEditor Props renders with custom minHeight","status":"passed","title":"renders with custom minHeight","duration":70.08838799999967,"failureMessages":[],"meta":{}},{"ancestorTitles":["RichTextEditor","Props"],"fullName":"RichTextEditor Props renders with custom className","status":"passed","title":"renders with custom className","duration":15.490244000000075,"failureMessages":[],"meta":{}}],"startTime":1773310174527,"endTime":1773310175828.4902,"status":"passed","message":"","name":"/app/tests/components/editor/RichTextEditor.test.tsx"},{"assertionResults":[{"ancestorTitles":["SkillsSection","Rendering"],"fullName":"SkillsSection Rendering renders section title correctly","status":"passed","title":"renders section title correctly","duration":51.3398830000001,"failureMessages":[],"meta":{}},{"ancestorTitles":["SkillsSection","Rendering"],"fullName":"SkillsSection Rendering renders skills count","status":"passed","title":"renders skills count","duration":8.344965000000002,"failureMessages":[],"meta":{}},{"ancestorTitles":["SkillsSection","Rendering"],"fullName":"SkillsSection Rendering renders add comment button","status":"passed","title":"renders add comment button","duration":7.4768719999999576,"failureMessages":[],"meta":{}},{"ancestorTitles":["SkillsSection","Rendering"],"fullName":"SkillsSection Rendering renders all skills as badges","status":"passed","title":"renders all skills as badges","duration":22.84551599999986,"failureMessages":[],"meta":{}},{"ancestorTitles":["SkillsSection","Rendering"],"fullName":"SkillsSection Rendering renders skill input placeholder","status":"passed","title":"renders skill input placeholder","duration":15.277184000000034,"failureMessages":[],"meta":{}},{"ancestorTitles":["SkillsSection","Rendering"],"fullName":"SkillsSection Rendering renders empty state correctly","status":"passed","title":"renders empty state correctly","duration":6.590392000000065,"failureMessages":[],"meta":{}},{"ancestorTitles":["SkillsSection","Rendering"],"fullName":"SkillsSection Rendering renders tip text","status":"passed","title":"renders tip text","duration":6.4562100000000555,"failureMessages":[],"meta":{}},{"ancestorTitles":["SkillsSection","User Interactions"],"fullName":"SkillsSection User Interactions calls onShowCommentPanel when comment button is clicked","status":"passed","title":"calls onShowCommentPanel when comment button is clicked","duration":364.505985,"failureMessages":[],"meta":{}},{"ancestorTitles":["SkillsSection","User Interactions"],"fullName":"SkillsSection User Interactions calls onRemoveSkill when skill close button is clicked","status":"passed","title":"calls onRemoveSkill when skill close button is clicked","duration":202.19409400000018,"failureMessages":[],"meta":{}},{"ancestorTitles":["SkillsSection","User Interactions"],"fullName":"SkillsSection User Interactions calls onAddSkill when Enter is pressed in input","status":"passed","title":"calls onAddSkill when Enter is pressed in input","duration":101.96835600000031,"failureMessages":[],"meta":{}},{"ancestorTitles":["SkillsSection","Callbacks"],"fullName":"SkillsSection Callbacks renders without crashing when all callbacks are provided","status":"passed","title":"renders without crashing when all callbacks are provided","duration":7.064889000000221,"failureMessages":[],"meta":{}}],"startTime":1773310182032,"endTime":1773310182827.065,"status":"passed","message":"","name":"/app/tests/components/editor/SkillsSection.test.tsx"},{"assertionResults":[{"ancestorTitles":["SummarySection","Rendering"],"fullName":"SummarySection Rendering renders section title correctly","status":"passed","title":"renders section title correctly","duration":65.218165,"failureMessages":[],"meta":{}},{"ancestorTitles":["SummarySection","Rendering"],"fullName":"SummarySection Rendering renders description text","status":"passed","title":"renders description text","duration":8.490787999999839,"failureMessages":[],"meta":{}},{"ancestorTitles":["SummarySection","Rendering"],"fullName":"SummarySection Rendering renders add comment button","status":"passed","title":"renders add comment button","duration":6.694336999999905,"failureMessages":[],"meta":{}},{"ancestorTitles":["SummarySection","Rendering"],"fullName":"SummarySection Rendering renders editor with correct value","status":"passed","title":"renders editor with correct value","duration":6.493999000000031,"failureMessages":[],"meta":{}},{"ancestorTitles":["SummarySection","Rendering"],"fullName":"SummarySection Rendering renders editor with placeholder","status":"passed","title":"renders editor with placeholder","duration":6.0159869999999955,"failureMessages":[],"meta":{}},{"ancestorTitles":["SummarySection","Rendering"],"fullName":"SummarySection Rendering renders tip text","status":"passed","title":"renders tip text","duration":6.082867000000078,"failureMessages":[],"meta":{}},{"ancestorTitles":["SummarySection","Rendering"],"fullName":"SummarySection Rendering renders label for editor","status":"passed","title":"renders label for editor","duration":4.854871999999887,"failureMessages":[],"meta":{}},{"ancestorTitles":["SummarySection","User Interactions"],"fullName":"SummarySection User Interactions calls onUpdate when editor value changes","status":"passed","title":"calls onUpdate when editor value changes","duration":10.264316999999892,"failureMessages":[],"meta":{}},{"ancestorTitles":["SummarySection","User Interactions"],"fullName":"SummarySection User Interactions calls onShowCommentPanel when comment button is clicked","status":"passed","title":"calls onShowCommentPanel when comment button is clicked","duration":276.23258899999996,"failureMessages":[],"meta":{}},{"ancestorTitles":["SummarySection","Empty State"],"fullName":"SummarySection Empty State renders empty summary correctly","status":"passed","title":"renders empty summary correctly","duration":4.654080000000022,"failureMessages":[],"meta":{}},{"ancestorTitles":["SummarySection","Callbacks"],"fullName":"SummarySection Callbacks renders without crashing when all callbacks are provided","status":"passed","title":"renders without crashing when all callbacks are provided","duration":4.2402230000000145,"failureMessages":[],"meta":{}}],"startTime":1773310188664,"endTime":1773310189064.2402,"status":"passed","message":"","name":"/app/tests/components/editor/SummarySection.test.tsx"}]}