{"/home/alex/Projects/ResumeAI/components/editor/EducationItem.tsx": {"path":"/home/alex/Projects/ResumeAI/components/editor/EducationItem.tsx","statementMap":{"0":{"start":{"line":17,"column":22},"end":{"line":205,"column":null}},"1":{"start":{"line":24,"column":40},"end":{"line":24,"column":null}},"2":{"start":{"line":25,"column":25},"end":{"line":25,"column":null}},"3":{"start":{"line":26,"column":26},"end":{"line":26,"column":null}},"4":{"start":{"line":27,"column":27},"end":{"line":27,"column":null}},"5":{"start":{"line":29,"column":4},"end":{"line":36,"column":null}},"6":{"start":{"line":30,"column":8},"end":{"line":34,"column":null}},"7":{"start":{"line":31,"column":12},"end":{"line":31,"column":null}},"8":{"start":{"line":32,"column":8},"end":{"line":34,"column":null}},"9":{"start":{"line":33,"column":12},"end":{"line":33,"column":null}},"10":{"start":{"line":35,"column":8},"end":{"line":35,"column":null}},"11":{"start":{"line":38,"column":4},"end":{"line":203,"column":null}},"12":{"start":{"line":48,"column":35},"end":{"line":48,"column":null}},"13":{"start":{"line":73,"column":50},"end":{"line":73,"column":71}},"14":{"start":{"line":73,"column":71},"end":{"line":73,"column":89}},"15":{"start":{"line":73,"column":89},"end":{"line":73,"column":111}},"16":{"start":{"line":81,"column":50},"end":{"line":81,"column":71}},"17":{"start":{"line":81,"column":71},"end":{"line":81,"column":93}},"18":{"start":{"line":91,"column":46},"end":{"line":91,"column":67}},"19":{"start":{"line":91,"column":67},"end":{"line":91,"column":88}},"20":{"start":{"line":116,"column":49},"end":{"line":116,"column":null}},"21":{"start":{"line":126,"column":49},"end":{"line":126,"column":null}},"22":{"start":{"line":136,"column":49},"end":{"line":136,"column":null}},"23":{"start":{"line":147,"column":49},"end":{"line":147,"column":null}},"24":{"start":{"line":157,"column":49},"end":{"line":157,"column":null}},"25":{"start":{"line":168,"column":36},"end":{"line":180,"column":null}},"26":{"start":{"line":172,"column":54},"end":{"line":172,"column":null}},"27":{"start":{"line":172,"column":104},"end":{"line":172,"column":115}},"28":{"start":{"line":173,"column":48},"end":{"line":173,"column":null}},"29":{"start":{"line":189,"column":40},"end":{"line":195,"column":null}},"30":{"start":{"line":190,"column":59},"end":{"line":190,"column":null}},"31":{"start":{"line":191,"column":44},"end":{"line":194,"column":null}},"32":{"start":{"line":192,"column":48},"end":{"line":192,"column":null}},"33":{"start":{"line":193,"column":48},"end":{"line":193,"column":null}}},"fnMap":{"0":{"name":"(anonymous_0)","decl":{"start":{"line":17,"column":33},"end":{"line":17,"column":34}},"loc":{"start":{"line":23,"column":26},"end":{"line":205,"column":1}}},"1":{"name":"(anonymous_1)","decl":{"start":{"line":29,"column":14},"end":{"line":29,"column":20}},"loc":{"start":{"line":29,"column":20},"end":{"line":36,"column":7}}},"2":{"name":"(anonymous_2)","decl":{"start":{"line":48,"column":29},"end":{"line":48,"column":35}},"loc":{"start":{"line":48,"column":35},"end":{"line":48,"column":null}}},"3":{"name":"(anonymous_3)","decl":{"start":{"line":73,"column":41},"end":{"line":73,"column":42}},"loc":{"start":{"line":73,"column":48},"end":{"line":73,"column":null}}},"4":{"name":"(anonymous_4)","decl":{"start":{"line":81,"column":41},"end":{"line":81,"column":42}},"loc":{"start":{"line":81,"column":48},"end":{"line":81,"column":null}}},"5":{"name":"(anonymous_5)","decl":{"start":{"line":91,"column":37},"end":{"line":91,"column":38}},"loc":{"start":{"line":91,"column":44},"end":{"line":91,"column":null}}},"6":{"name":"(anonymous_6)","decl":{"start":{"line":116,"column":42},"end":{"line":116,"column":43}},"loc":{"start":{"line":116,"column":49},"end":{"line":116,"column":null}}},"7":{"name":"(anonymous_7)","decl":{"start":{"line":126,"column":42},"end":{"line":126,"column":43}},"loc":{"start":{"line":126,"column":49},"end":{"line":126,"column":null}}},"8":{"name":"(anonymous_8)","decl":{"start":{"line":136,"column":42},"end":{"line":136,"column":43}},"loc":{"start":{"line":136,"column":49},"end":{"line":136,"column":null}}},"9":{"name":"(anonymous_9)","decl":{"start":{"line":147,"column":42},"end":{"line":147,"column":43}},"loc":{"start":{"line":147,"column":49},"end":{"line":147,"column":null}}},"10":{"name":"(anonymous_10)","decl":{"start":{"line":157,"column":42},"end":{"line":157,"column":43}},"loc":{"start":{"line":157,"column":49},"end":{"line":157,"column":null}}},"11":{"name":"(anonymous_11)","decl":{"start":{"line":167,"column":57},"end":{"line":167,"column":58}},"loc":{"start":{"line":168,"column":36},"end":{"line":180,"column":null}}},"12":{"name":"(anonymous_12)","decl":{"start":{"line":171,"column":53},"end":{"line":171,"column":59}},"loc":{"start":{"line":171,"column":59},"end":{"line":174,"column":null}}},"13":{"name":"(anonymous_13)","decl":{"start":{"line":172,"column":94},"end":{"line":172,"column":95}},"loc":{"start":{"line":172,"column":104},"end":{"line":172,"column":115}}},"14":{"name":"(anonymous_14)","decl":{"start":{"line":188,"column":47},"end":{"line":188,"column":48}},"loc":{"start":{"line":188,"column":54},"end":{"line":196,"column":null}}}},"branchMap":{"0":{"loc":{"start":{"line":30,"column":8},"end":{"line":34,"column":null}},"type":"if","locations":[{"start":{"line":30,"column":8},"end":{"line":34,"column":null}},{"start":{"line":32,"column":8},"end":{"line":34,"column":null}}]},"1":{"loc":{"start":{"line":30,"column":12},"end":{"line":30,"column":51}},"type":"binary-expr","locations":[{"start":{"line":30,"column":12},"end":{"line":30,"column":26}},{"start":{"line":30,"column":26},"end":{"line":30,"column":51}}]},"2":{"loc":{"start":{"line":32,"column":8},"end":{"line":34,"column":null}},"type":"if","locations":[{"start":{"line":32,"column":8},"end":{"line":34,"column":null}},{"start":{},"end":{}}]},"3":{"loc":{"start":{"line":32,"column":19},"end":{"line":32,"column":58}},"type":"binary-expr","locations":[{"start":{"line":32,"column":19},"end":{"line":32,"column":34}},{"start":{"line":32,"column":34},"end":{"line":32,"column":58}}]},"4":{"loc":{"start":{"line":41,"column":16},"end":{"line":41,"column":null}},"type":"cond-expr","locations":[{"start":{"line":41,"column":29},"end":{"line":41,"column":86}},{"start":{"line":41,"column":86},"end":{"line":41,"column":null}}]},"5":{"loc":{"start":{"line":53,"column":90},"end":{"line":53,"column":214}},"type":"cond-expr","locations":[{"start":{"line":53,"column":103},"end":{"line":53,"column":146}},{"start":{"line":53,"column":146},"end":{"line":53,"column":214}}]},"6":{"loc":{"start":{"line":69,"column":22},"end":{"line":96,"column":null}},"type":"cond-expr","locations":[{"start":{"line":70,"column":24},"end":{"line":87,"column":null}},{"start":{"line":89,"column":25},"end":{"line":96,"column":null}}]},"7":{"loc":{"start":{"line":102,"column":13},"end":{"line":201,"column":null}},"type":"binary-expr","locations":[{"start":{"line":102,"column":13},"end":{"line":102,"column":null}},{"start":{"line":103,"column":16},"end":{"line":201,"column":null}}]},"8":{"loc":{"start":{"line":167,"column":34},"end":{"line":167,"column":53}},"type":"binary-expr","locations":[{"start":{"line":167,"column":34},"end":{"line":167,"column":49}},{"start":{"line":167,"column":49},"end":{"line":167,"column":53}}]},"9":{"loc":{"start":{"line":172,"column":68},"end":{"line":172,"column":87}},"type":"binary-expr","locations":[{"start":{"line":172,"column":68},"end":{"line":172,"column":83}},{"start":{"line":172,"column":83},"end":{"line":172,"column":87}}]},"10":{"loc":{"start":{"line":189,"column":40},"end":{"line":195,"column":null}},"type":"if","locations":[{"start":{"line":189,"column":40},"end":{"line":195,"column":null}},{"start":{},"end":{}}]},"11":{"loc":{"start":{"line":191,"column":44},"end":{"line":194,"column":null}},"type":"if","locations":[{"start":{"line":191,"column":44},"end":{"line":194,"column":null}},{"start":{},"end":{}}]},"12":{"loc":{"start":{"line":192,"column":81},"end":{"line":192,"column":101}},"type":"binary-expr","locations":[{"start":{"line":192,"column":81},"end":{"line":192,"column":96}},{"start":{"line":192,"column":96},"end":{"line":192,"column":101}}]}},"s":{"0":1,"1":48,"2":48,"3":48,"4":48,"5":48,"6":44,"7":4,"8":40,"9":2,"10":44,"11":48,"12":2,"13":1,"14":1,"15":1,"16":1,"17":1,"18":4,"19":4,"20":9,"21":11,"22":7,"23":3,"24":3,"25":88,"26":2,"27":7,"28":2,"29":80,"30":7,"31":7,"32":6,"33":6},"f":{"0":48,"1":44,"2":2,"3":1,"4":1,"5":4,"6":9,"7":11,"8":7,"9":3,"10":3,"11":88,"12":2,"13":7,"14":80},"b":{"0":[4,40],"1":[44,4],"2":[2,38],"3":[40,40],"4":[31,17],"5":[31,17],"6":[4,44],"7":[48,31],"8":[31,1],"9":[2,0],"10":[7,73],"11":[6,1],"12":[6,0]}}
,"/home/alex/Projects/ResumeAI/components/editor/ExperienceItem.tsx": {"path":"/home/alex/Projects/ResumeAI/components/editor/ExperienceItem.tsx","statementMap":{"0":{"start":{"line":19,"column":23},"end":{"line":140,"column":null}},"1":{"start":{"line":28,"column":4},"end":{"line":138,"column":null}},"2":{"start":{"line":35,"column":96},"end":{"line":35,"column":null}},"3":{"start":{"line":50,"column":42},"end":{"line":50,"column":63}},"4":{"start":{"line":50,"column":63},"end":{"line":50,"column":81}},"5":{"start":{"line":67,"column":49},"end":{"line":67,"column":null}},"6":{"start":{"line":76,"column":49},"end":{"line":76,"column":null}},"7":{"start":{"line":85,"column":49},"end":{"line":85,"column":null}},"8":{"start":{"line":94,"column":49},"end":{"line":94,"column":null}},"9":{"start":{"line":105,"column":49},"end":{"line":105,"column":null}},"10":{"start":{"line":112,"column":36},"end":{"line":120,"column":null}},"11":{"start":{"line":115,"column":59},"end":{"line":115,"column":null}},"12":{"start":{"line":127,"column":40},"end":{"line":130,"column":null}},"13":{"start":{"line":128,"column":44},"end":{"line":128,"column":null}},"14":{"start":{"line":129,"column":44},"end":{"line":129,"column":null}}},"fnMap":{"0":{"name":"(anonymous_0)","decl":{"start":{"line":19,"column":34},"end":{"line":19,"column":35}},"loc":{"start":{"line":27,"column":27},"end":{"line":140,"column":1}}},"1":{"name":"(anonymous_1)","decl":{"start":{"line":35,"column":90},"end":{"line":35,"column":96}},"loc":{"start":{"line":35,"column":96},"end":{"line":35,"column":null}}},"2":{"name":"(anonymous_2)","decl":{"start":{"line":50,"column":33},"end":{"line":50,"column":34}},"loc":{"start":{"line":50,"column":40},"end":{"line":50,"column":null}}},"3":{"name":"(anonymous_3)","decl":{"start":{"line":67,"column":42},"end":{"line":67,"column":43}},"loc":{"start":{"line":67,"column":49},"end":{"line":67,"column":null}}},"4":{"name":"(anonymous_4)","decl":{"start":{"line":76,"column":42},"end":{"line":76,"column":43}},"loc":{"start":{"line":76,"column":49},"end":{"line":76,"column":null}}},"5":{"name":"(anonymous_5)","decl":{"start":{"line":85,"column":42},"end":{"line":85,"column":43}},"loc":{"start":{"line":85,"column":49},"end":{"line":85,"column":null}}},"6":{"name":"(anonymous_6)","decl":{"start":{"line":94,"column":42},"end":{"line":94,"column":43}},"loc":{"start":{"line":94,"column":49},"end":{"line":94,"column":null}}},"7":{"name":"(anonymous_7)","decl":{"start":{"line":105,"column":42},"end":{"line":105,"column":43}},"loc":{"start":{"line":105,"column":49},"end":{"line":105,"column":null}}},"8":{"name":"(anonymous_8)","decl":{"start":{"line":111,"column":46},"end":{"line":111,"column":null}},"loc":{"start":{"line":112,"column":36},"end":{"line":120,"column":null}}},"9":{"name":"(anonymous_9)","decl":{"start":{"line":115,"column":53},"end":{"line":115,"column":59}},"loc":{"start":{"line":115,"column":59},"end":{"line":115,"column":null}}},"10":{"name":"(anonymous_10)","decl":{"start":{"line":126,"column":47},"end":{"line":126,"column":48}},"loc":{"start":{"line":126,"column":54},"end":{"line":131,"column":null}}}},"branchMap":{"0":{"loc":{"start":{"line":31,"column":16},"end":{"line":31,"column":null}},"type":"cond-expr","locations":[{"start":{"line":31,"column":29},"end":{"line":31,"column":86}},{"start":{"line":31,"column":86},"end":{"line":31,"column":null}}]},"1":{"loc":{"start":{"line":37,"column":93},"end":{"line":37,"column":165}},"type":"cond-expr","locations":[{"start":{"line":37,"column":106},"end":{"line":37,"column":149}},{"start":{"line":37,"column":149},"end":{"line":37,"column":165}}]},"2":{"loc":{"start":{"line":59,"column":13},"end":{"line":136,"column":null}},"type":"binary-expr","locations":[{"start":{"line":59,"column":13},"end":{"line":59,"column":null}},{"start":{"line":60,"column":16},"end":{"line":136,"column":null}}]},"3":{"loc":{"start":{"line":127,"column":40},"end":{"line":130,"column":null}},"type":"if","locations":[{"start":{"line":127,"column":40},"end":{"line":130,"column":null}},{"start":{},"end":{}}]}},"s":{"0":1,"1":35,"2":1,"3":2,"4":2,"5":4,"6":8,"7":3,"8":0,"9":9,"10":46,"11":1,"12":38,"13":7,"14":7},"f":{"0":35,"1":1,"2":2,"3":4,"4":8,"5":3,"6":0,"7":9,"8":46,"9":1,"10":38},"b":{"0":[25,10],"1":[25,10],"2":[35,25],"3":[7,31]}}
,"/home/alex/Projects/ResumeAI/components/editor/ProjectItem.tsx": {"path":"/home/alex/Projects/ResumeAI/components/editor/ProjectItem.tsx","statementMap":{"0":{"start":{"line":17,"column":20},"end":{"line":242,"column":null}},"1":{"start":{"line":24,"column":40},"end":{"line":24,"column":null}},"2":{"start":{"line":25,"column":25},"end":{"line":25,"column":null}},"3":{"start":{"line":26,"column":26},"end":{"line":26,"column":null}},"4":{"start":{"line":27,"column":27},"end":{"line":27,"column":null}},"5":{"start":{"line":29,"column":4},"end":{"line":36,"column":null}},"6":{"start":{"line":30,"column":8},"end":{"line":34,"column":null}},"7":{"start":{"line":31,"column":12},"end":{"line":31,"column":null}},"8":{"start":{"line":32,"column":8},"end":{"line":34,"column":null}},"9":{"start":{"line":33,"column":12},"end":{"line":33,"column":null}},"10":{"start":{"line":35,"column":8},"end":{"line":35,"column":null}},"11":{"start":{"line":38,"column":4},"end":{"line":240,"column":null}},"12":{"start":{"line":48,"column":35},"end":{"line":48,"column":null}},"13":{"start":{"line":73,"column":50},"end":{"line":73,"column":71}},"14":{"start":{"line":73,"column":71},"end":{"line":73,"column":93}},"15":{"start":{"line":73,"column":93},"end":{"line":73,"column":115}},"16":{"start":{"line":81,"column":50},"end":{"line":81,"column":71}},"17":{"start":{"line":81,"column":71},"end":{"line":81,"column":93}},"18":{"start":{"line":91,"column":46},"end":{"line":91,"column":67}},"19":{"start":{"line":91,"column":67},"end":{"line":91,"column":88}},"20":{"start":{"line":116,"column":49},"end":{"line":116,"column":null}},"21":{"start":{"line":125,"column":49},"end":{"line":125,"column":null}},"22":{"start":{"line":135,"column":49},"end":{"line":135,"column":null}},"23":{"start":{"line":145,"column":49},"end":{"line":145,"column":null}},"24":{"start":{"line":155,"column":49},"end":{"line":155,"column":null}},"25":{"start":{"line":166,"column":36},"end":{"line":178,"column":null}},"26":{"start":{"line":170,"column":54},"end":{"line":170,"column":null}},"27":{"start":{"line":170,"column":104},"end":{"line":170,"column":115}},"28":{"start":{"line":171,"column":48},"end":{"line":171,"column":null}},"29":{"start":{"line":187,"column":40},"end":{"line":193,"column":null}},"30":{"start":{"line":188,"column":57},"end":{"line":188,"column":null}},"31":{"start":{"line":189,"column":44},"end":{"line":192,"column":null}},"32":{"start":{"line":190,"column":48},"end":{"line":190,"column":null}},"33":{"start":{"line":191,"column":48},"end":{"line":191,"column":null}},"34":{"start":{"line":205,"column":36},"end":{"line":217,"column":null}},"35":{"start":{"line":209,"column":54},"end":{"line":209,"column":null}},"36":{"start":{"line":209,"column":114},"end":{"line":209,"column":125}},"37":{"start":{"line":210,"column":48},"end":{"line":210,"column":null}},"38":{"start":{"line":226,"column":40},"end":{"line":232,"column":null}},"39":{"start":{"line":227,"column":62},"end":{"line":227,"column":null}},"40":{"start":{"line":228,"column":44},"end":{"line":231,"column":null}},"41":{"start":{"line":229,"column":48},"end":{"line":229,"column":null}},"42":{"start":{"line":230,"column":48},"end":{"line":230,"column":null}}},"fnMap":{"0":{"name":"(anonymous_0)","decl":{"start":{"line":17,"column":31},"end":{"line":17,"column":32}},"loc":{"start":{"line":23,"column":24},"end":{"line":242,"column":1}}},"1":{"name":"(anonymous_1)","decl":{"start":{"line":29,"column":14},"end":{"line":29,"column":20}},"loc":{"start":{"line":29,"column":20},"end":{"line":36,"column":7}}},"2":{"name":"(anonymous_2)","decl":{"start":{"line":48,"column":29},"end":{"line":48,"column":35}},"loc":{"start":{"line":48,"column":35},"end":{"line":48,"column":null}}},"3":{"name":"(anonymous_3)","decl":{"start":{"line":73,"column":41},"end":{"line":73,"column":42}},"loc":{"start":{"line":73,"column":48},"end":{"line":73,"column":null}}},"4":{"name":"(anonymous_4)","decl":{"start":{"line":81,"column":41},"end":{"line":81,"column":42}},"loc":{"start":{"line":81,"column":48},"end":{"line":81,"column":null}}},"5":{"name":"(anonymous_5)","decl":{"start":{"line":91,"column":37},"end":{"line":91,"column":38}},"loc":{"start":{"line":91,"column":44},"end":{"line":91,"column":null}}},"6":{"name":"(anonymous_6)","decl":{"start":{"line":116,"column":42},"end":{"line":116,"column":43}},"loc":{"start":{"line":116,"column":49},"end":{"line":116,"column":null}}},"7":{"name":"(anonymous_7)","decl":{"start":{"line":125,"column":42},"end":{"line":125,"column":43}},"loc":{"start":{"line":125,"column":49},"end":{"line":125,"column":null}}},"8":{"name":"(anonymous_8)","decl":{"start":{"line":135,"column":42},"end":{"line":135,"column":43}},"loc":{"start":{"line":135,"column":49},"end":{"line":135,"column":null}}},"9":{"name":"(anonymous_9)","decl":{"start":{"line":145,"column":42},"end":{"line":145,"column":43}},"loc":{"start":{"line":145,"column":49},"end":{"line":145,"column":null}}},"10":{"name":"(anonymous_10)","decl":{"start":{"line":155,"column":42},"end":{"line":155,"column":43}},"loc":{"start":{"line":155,"column":49},"end":{"line":155,"column":null}}},"11":{"name":"(anonymous_11)","decl":{"start":{"line":165,"column":59},"end":{"line":165,"column":60}},"loc":{"start":{"line":166,"column":36},"end":{"line":178,"column":null}}},"12":{"name":"(anonymous_12)","decl":{"start":{"line":169,"column":53},"end":{"line":169,"column":59}},"loc":{"start":{"line":169,"column":59},"end":{"line":172,"column":null}}},"13":{"name":"(anonymous_13)","decl":{"start":{"line":170,"column":94},"end":{"line":170,"column":95}},"loc":{"start":{"line":170,"column":104},"end":{"line":170,"column":115}}},"14":{"name":"(anonymous_14)","decl":{"start":{"line":186,"column":47},"end":{"line":186,"column":48}},"loc":{"start":{"line":186,"column":54},"end":{"line":194,"column":null}}},"15":{"name":"(anonymous_15)","decl":{"start":{"line":204,"column":64},"end":{"line":204,"column":65}},"loc":{"start":{"line":205,"column":36},"end":{"line":217,"column":null}}},"16":{"name":"(anonymous_16)","decl":{"start":{"line":208,"column":53},"end":{"line":208,"column":59}},"loc":{"start":{"line":208,"column":59},"end":{"line":211,"column":null}}},"17":{"name":"(anonymous_17)","decl":{"start":{"line":209,"column":104},"end":{"line":209,"column":105}},"loc":{"start":{"line":209,"column":114},"end":{"line":209,"column":125}}},"18":{"name":"(anonymous_18)","decl":{"start":{"line":225,"column":47},"end":{"line":225,"column":48}},"loc":{"start":{"line":225,"column":54},"end":{"line":233,"column":null}}}},"branchMap":{"0":{"loc":{"start":{"line":30,"column":8},"end":{"line":34,"column":null}},"type":"if","locations":[{"start":{"line":30,"column":8},"end":{"line":34,"column":null}},{"start":{"line":32,"column":8},"end":{"line":34,"column":null}}]},"1":{"loc":{"start":{"line":30,"column":12},"end":{"line":30,"column":51}},"type":"binary-expr","locations":[{"start":{"line":30,"column":12},"end":{"line":30,"column":26}},{"start":{"line":30,"column":26},"end":{"line":30,"column":51}}]},"2":{"loc":{"start":{"line":32,"column":8},"end":{"line":34,"column":null}},"type":"if","locations":[{"start":{"line":32,"column":8},"end":{"line":34,"column":null}},{"start":{},"end":{}}]},"3":{"loc":{"start":{"line":32,"column":19},"end":{"line":32,"column":58}},"type":"binary-expr","locations":[{"start":{"line":32,"column":19},"end":{"line":32,"column":34}},{"start":{"line":32,"column":34},"end":{"line":32,"column":58}}]},"4":{"loc":{"start":{"line":41,"column":16},"end":{"line":41,"column":null}},"type":"cond-expr","locations":[{"start":{"line":41,"column":29},"end":{"line":41,"column":86}},{"start":{"line":41,"column":86},"end":{"line":41,"column":null}}]},"5":{"loc":{"start":{"line":53,"column":90},"end":{"line":53,"column":214}},"type":"cond-expr","locations":[{"start":{"line":53,"column":103},"end":{"line":53,"column":146}},{"start":{"line":53,"column":146},"end":{"line":53,"column":214}}]},"6":{"loc":{"start":{"line":69,"column":22},"end":{"line":96,"column":null}},"type":"cond-expr","locations":[{"start":{"line":70,"column":24},"end":{"line":87,"column":null}},{"start":{"line":89,"column":25},"end":{"line":96,"column":null}}]},"7":{"loc":{"start":{"line":102,"column":13},"end":{"line":238,"column":null}},"type":"binary-expr","locations":[{"start":{"line":102,"column":13},"end":{"line":102,"column":null}},{"start":{"line":103,"column":16},"end":{"line":238,"column":null}}]},"8":{"loc":{"start":{"line":134,"column":39},"end":{"line":134,"column":null}},"type":"binary-expr","locations":[{"start":{"line":134,"column":39},"end":{"line":134,"column":54}},{"start":{"line":134,"column":54},"end":{"line":134,"column":null}}]},"9":{"loc":{"start":{"line":165,"column":34},"end":{"line":165,"column":55}},"type":"binary-expr","locations":[{"start":{"line":165,"column":34},"end":{"line":165,"column":51}},{"start":{"line":165,"column":51},"end":{"line":165,"column":55}}]},"10":{"loc":{"start":{"line":170,"column":66},"end":{"line":170,"column":87}},"type":"binary-expr","locations":[{"start":{"line":170,"column":66},"end":{"line":170,"column":83}},{"start":{"line":170,"column":83},"end":{"line":170,"column":87}}]},"11":{"loc":{"start":{"line":187,"column":40},"end":{"line":193,"column":null}},"type":"if","locations":[{"start":{"line":187,"column":40},"end":{"line":193,"column":null}},{"start":{},"end":{}}]},"12":{"loc":{"start":{"line":189,"column":44},"end":{"line":192,"column":null}},"type":"if","locations":[{"start":{"line":189,"column":44},"end":{"line":192,"column":null}},{"start":{},"end":{}}]},"13":{"loc":{"start":{"line":190,"column":83},"end":{"line":190,"column":105}},"type":"binary-expr","locations":[{"start":{"line":190,"column":83},"end":{"line":190,"column":100}},{"start":{"line":190,"column":100},"end":{"line":190,"column":105}}]},"14":{"loc":{"start":{"line":204,"column":34},"end":{"line":204,"column":60}},"type":"binary-expr","locations":[{"start":{"line":204,"column":34},"end":{"line":204,"column":56}},{"start":{"line":204,"column":56},"end":{"line":204,"column":60}}]},"15":{"loc":{"start":{"line":209,"column":71},"end":{"line":209,"column":97}},"type":"binary-expr","locations":[{"start":{"line":209,"column":71},"end":{"line":209,"column":93}},{"start":{"line":209,"column":93},"end":{"line":209,"column":97}}]},"16":{"loc":{"start":{"line":226,"column":40},"end":{"line":232,"column":null}},"type":"if","locations":[{"start":{"line":226,"column":40},"end":{"line":232,"column":null}},{"start":{},"end":{}}]},"17":{"loc":{"start":{"line":228,"column":44},"end":{"line":231,"column":null}},"type":"if","locations":[{"start":{"line":228,"column":44},"end":{"line":231,"column":null}},{"start":{},"end":{}}]},"18":{"loc":{"start":{"line":229,"column":88},"end":{"line":229,"column":115}},"type":"binary-expr","locations":[{"start":{"line":229,"column":88},"end":{"line":229,"column":110}},{"start":{"line":229,"column":110},"end":{"line":229,"column":115}}]}},"s":{"0":1,"1":55,"2":55,"3":55,"4":55,"5":55,"6":51,"7":3,"8":48,"9":2,"10":51,"11":55,"12":2,"13":1,"14":1,"15":1,"16":1,"17":1,"18":3,"19":3,"20":3,"21":5,"22":5,"23":3,"24":3,"25":114,"26":2,"27":7,"28":2,"29":34,"30":4,"31":4,"32":3,"33":3,"34":115,"35":2,"36":7,"37":2,"38":61,"39":4,"40":4,"41":3,"42":3},"f":{"0":55,"1":51,"2":2,"3":1,"4":1,"5":3,"6":3,"7":5,"8":5,"9":3,"10":3,"11":114,"12":2,"13":7,"14":34,"15":115,"16":2,"17":7,"18":61},"b":{"0":[3,48],"1":[51,3],"2":[2,46],"3":[48,48],"4":[40,15],"5":[40,15],"6":[3,52],"7":[55,40],"8":[40,2],"9":[40,1],"10":[2,0],"11":[4,30],"12":[3,1],"13":[3,0],"14":[40,1],"15":[2,0],"16":[4,57],"17":[3,1],"18":[3,0]}}
}
