{"/home/alexc/Projects/ResumeAI/pages/Settings.tsx": {"path":"/home/alexc/Projects/ResumeAI/pages/Settings.tsx","statementMap":{"0":{"start":{"line":3,"column":27},"end":{"line":133,"column":null}},"1":{"start":{"line":4,"column":2},"end":{"line":131,"column":null}}},"fnMap":{"0":{"name":"(anonymous_0)","decl":{"start":{"line":3,"column":27},"end":{"line":3,"column":33}},"loc":{"start":{"line":3,"column":33},"end":{"line":133,"column":null}},"line":3}},"branchMap":{},"s":{"0":1,"1":52},"f":{"0":52},"b":{},"meta":{"lastBranch":0,"lastFunction":1,"lastStatement":2,"seen":{"s:3:27:133:Infinity":0,"f:3:27:3:33":0,"s:4:2:131:Infinity":1}}}
}
